<?xml version="1.0" encoding="UTF-8"?>
<!-- Generated by org.testng.reporters.JUnitXMLReporter -->
<testsuite hostname="FOCUS-QA-133" name="Test" tests="270" failures="20" timestamp="3 Jan 2023 21:16:45 GMT" time="14606.195" errors="0">
  <testcase name="verifyBrowserOpen" time="10.644" classname="com.focus.testcases.URLBrowserTest"/>
  <testcase name="checkLoginPageTitleByURLInputInBrowser" time="6.221" classname="com.focus.testcases.URLBrowserTest"/>
  <testcase name="checkLogin" time="15.465" classname="com.focus.testcases.BatchNegativeTestingOptionsTest"/>
  <testcase name="checkSavingPurchaseVoucherVATVoucher" time="47.816" classname="com.focus.testcases.BatchNegativeTestingOptionsTest"/>
  <testcase name="checkSavingSalesInvoiceVATVoucher1WithMoreThanAvailableQuantityInPurchaseVoucherWithoutEnablingAllowNegativeBatchQuantities" time="44.495" classname="com.focus.testcases.BatchNegativeTestingOptionsTest"/>
  <testcase name="checkEnablingAllowNegativeBatchQuantityOption" time="10.688" classname="com.focus.testcases.BatchNegativeTestingOptionsTest"/>
  <testcase name="checkLogoutAndLogin" time="19.387" classname="com.focus.testcases.BatchNegativeTestingOptionsTest"/>
  <testcase name="checkBatchPopupIsDisplayingWithValuesInSalesInvoiceVATVoucher1AfterEnablingAllowBatchNegativeQuantityOption" time="46.623" classname="com.focus.testcases.BatchNegativeTestingOptionsTest"/>
  <testcase name="checkSavingSalesInvoiceVATVoucher1AfterEnablingAllowBatchNegativeQuantityOption" time="17.043" classname="com.focus.testcases.BatchNegativeTestingOptionsTest"/>
  <testcase name="checkValidatingQuantityInEntryPageAndBatchPopupAfterSavingWithQuantityGreaterThanAvailableQuantity" time="21.308" classname="com.focus.testcases.BatchNegativeTestingOptionsTest"/>
  <testcase name="checkDisablingAllowNegativeBatchQuantityOption" time="12.406" classname="com.focus.testcases.BatchNegativeTestingOptionsTest"/>
  <testcase name="checkLogoutAndLoginAfterDisablingAllowNegativeBatchQuantityOption" time="19.281" classname="com.focus.testcases.BatchNegativeTestingOptionsTest"/>
  <testcase name="checkValidatingQuantityInEntryPageAndBatchPopupInSalesInvoice1AfterDisablingAllowNegativeBatchQuantityOption" time="19.231" classname="com.focus.testcases.BatchNegativeTestingOptionsTest"/>
  <testcase name="checkEraseAllTransactionsLogoutAndLoginAfterAllowNegativeBatchQuantityOption" time="31.624" classname="com.focus.testcases.BatchNegativeTestingOptionsTest"/>
  <testcase name="checkSavingPurchaseVoucherVATVoucher1With2Rows" time="55.552" classname="com.focus.testcases.BatchNegativeTestingOptionsTest"/>
  <testcase name="checkBatchPopupIsDisplayingWithValuesInSalesInvoiceVATVoucher1WithQuantity11" time="45.701" classname="com.focus.testcases.BatchNegativeTestingOptionsTest"/>
  <testcase name="checkSavingSalesInvoiceVATVoucher1WithQuantity11" time="12.645" classname="com.focus.testcases.BatchNegativeTestingOptionsTest"/>
  <testcase name="checkReSavingPurchaseVoucherVATVoucher1WithDateNextToCurrentDate" time="109.596" classname="com.focus.testcases.BatchNegativeTestingOptionsTest"/>
  <testcase name="checkSuspendingSalesInvoiceVATVoucher1ForFortySixthScenario" time="18.592" classname="com.focus.testcases.BatchNegativeTestingOptionsTest"/>
  <testcase name="checkReSavingPurchaseVoucherVATVoucher1WithDateNextToCurrentDateAfterSuspendingSalesInvoice" time="25.394" classname="com.focus.testcases.BatchNegativeTestingOptionsTest">
    <failure type="java.lang.AssertionError" message="expected [true] but found [false]">
      <![CDATA[java.lang.AssertionError: expected [true] but found [false]
	at com.focus.testcases.BatchNegativeTestingOptionsTest.checkReSavingPurchaseVoucherVATVoucher1WithDateNextToCurrentDateAfterSuspendingSalesInvoice(BatchNegativeTestingOptionsTest.java:1577)
... Removed 30 stack frames]]>
    </failure>
  </testcase> <!-- checkReSavingPurchaseVoucherVATVoucher1WithDateNextToCurrentDateAfterSuspendingSalesInvoice -->
  <testcase name="checkReSavingSalesInvoiceVATVoucherAfterChangingDateNextToCurrentDateInPurchaseVoucherVAT1" time="25.047" classname="com.focus.testcases.BatchNegativeTestingOptionsTest"/>
  <testcase name="checkReSavingPurchaseVoucherVATVoucher1WithCurrentDate" time="25.385" classname="com.focus.testcases.BatchNegativeTestingOptionsTest">
    <failure type="java.lang.AssertionError" message="expected [true] but found [false]">
      <![CDATA[java.lang.AssertionError: expected [true] but found [false]
	at com.focus.testcases.BatchNegativeTestingOptionsTest.checkReSavingPurchaseVoucherVATVoucher1WithCurrentDate(BatchNegativeTestingOptionsTest.java:1601)
... Removed 30 stack frames]]>
    </failure>
  </testcase> <!-- checkReSavingPurchaseVoucherVATVoucher1WithCurrentDate -->
  <testcase name="checkReSavingSalesInvoiceVATVoucher1AfterResavingPurchaseVoucherVAT1WithCurrentDate" time="23.347" classname="com.focus.testcases.BatchNegativeTestingOptionsTest"/>
  <testcase name="checkReSavingPurchaseVoucherVATVoucher1ByChangingWarehouseFromHyderabadToSecunderabad" time="36.072" classname="com.focus.testcases.BatchNegativeTestingOptionsTest"/>
  <testcase name="checkSuspendingSalesInvoiceVATVoucher1ForFortyEightScenario" time="18.099" classname="com.focus.testcases.BatchNegativeTestingOptionsTest"/>
  <testcase name="checkReSavingPurchaseVoucherVATVoucher1ByChangingWarehouseFromHyderabadToSecunderabadAfterSuspendingSalesInvoice" time="38.706" classname="com.focus.testcases.BatchNegativeTestingOptionsTest"/>
  <testcase name="checkReSavingSalesInvoiceVATVoucherAfterChangingWarehouseToSecunderabadInPurchaseVoucherVAT1" time="22.87" classname="com.focus.testcases.BatchNegativeTestingOptionsTest"/>
  <testcase name="checkReSavingPurchaseVoucherVATVoucher1ByChangingWarehouseFromSecunderabadToHyderabad" time="40.074" classname="com.focus.testcases.BatchNegativeTestingOptionsTest"/>
  <testcase name="checkDeletingSalesInvoiceVATVoucher1AfterChangingWarehouseInPurchaseVoucher" time="20.606" classname="com.focus.testcases.BatchNegativeTestingOptionsTest"/>
  <testcase name="checkSavingSalesInvoiceVATVoucher1WithQuantity180" time="47.929" classname="com.focus.testcases.BatchNegativeTestingOptionsTest"/>
  <testcase name="checkReSavingPurchaseVoucherVATVoucher1ByChangingQuantityTo12In1stRow" time="26.794" classname="com.focus.testcases.BatchNegativeTestingOptionsTest"/>
  <testcase name="checkReSavingPurchaseVoucherVATVoucher1ByChangingQuantityTo12In2ndRow" time="26.848" classname="com.focus.testcases.BatchNegativeTestingOptionsTest"/>
  <testcase name="checkReSavingPurchaseVoucherVATVoucher1ByChangingItemToBATCHBRITEMIn1stRow" time="33.635" classname="com.focus.testcases.BatchNegativeTestingOptionsTest"/>
  <testcase name="checkReSavingPurchaseVoucherVATVoucher1ByChangingItemToBATCHBRITEMIn2ndRow" time="30.22" classname="com.focus.testcases.BatchNegativeTestingOptionsTest"/>
  <testcase name="checkReSavingPurchaseVoucherVATVoucher1ByDeleting1stRow" time="43.983" classname="com.focus.testcases.BatchNegativeTestingOptionsTest"/>
  <testcase name="checkReSavingPurchaseVoucherVATVoucher1ByDeleting2ndRow" time="48.716" classname="com.focus.testcases.BatchNegativeTestingOptionsTest"/>
  <testcase name="checkReSavingPurchaseVoucherVATVoucher1ByBatchNoIn1stRow" time="23.23" classname="com.focus.testcases.BatchNegativeTestingOptionsTest"/>
  <testcase name="checkReSavingPurchaseVoucherVATVoucher1ByBatchNoIn2ndRow" time="23.181" classname="com.focus.testcases.BatchNegativeTestingOptionsTest"/>
  <testcase name="checkEraseAllTransactionsLogoutAndLoginAfterConsolidateBatchesByBatchNoOption" time="31.329" classname="com.focus.testcases.BatchNegativeTestingOptionsTest"/>
  <testcase name="checkSavingPurchaseVoucherVATVoucher1WithExpiryDate4DaysMoreThanCurrentDate" time="43.727" classname="com.focus.testcases.BatchNegativeTestingOptionsTest"/>
  <testcase name="checkSavingSalesInvoiceVATVoucher1ByConsumingPartialQuantity" time="61.337" classname="com.focus.testcases.BatchNegativeTestingOptionsTest"/>
  <testcase name="checkReSavingPurchaseVoucherVATVoucher1ByChangingExpiryDate" time="20.585" classname="com.focus.testcases.BatchNegativeTestingOptionsTest"/>
  <testcase name="checkReSavingSalesInvoiceVATVoucher1ByConsumingFullQuantity" time="35.412" classname="com.focus.testcases.BatchNegativeTestingOptionsTest"/>
  <testcase name="checkReSavingPurchaseVoucherVATVoucher1ByChangingExpiryDateAfterConsumingFullQuantityInSalesInvoice" time="18.949" classname="com.focus.testcases.BatchNegativeTestingOptionsTest"/>
  <testcase name="checkEraseAllTransactionsLogoutAndLoginAfterExpiryDatesForBatchOption" time="31.247" classname="com.focus.testcases.BatchNegativeTestingOptionsTest"/>
  <testcase name="checkSavingPurchaseVoucherVATVoucher1ForFiftyNinthScenario" time="43.824" classname="com.focus.testcases.BatchNegativeTestingOptionsTest"/>
  <testcase name="checkBatchPopupIsDisplayingWithValuesInSalesInvoiceVATVoucher1AfterSavingPurchaseVoucher1" time="88.038" classname="com.focus.testcases.BatchNegativeTestingOptionsTest"/>
  <testcase name="checkSavingSalesInvoiceVATVoucher1ByConsumingFullQuantityAfterSavingPurchaseVoucher1" time="12.298" classname="com.focus.testcases.BatchNegativeTestingOptionsTest"/>
  <testcase name="checkSavingPurchaseReturnsVoucher1AfterConsumingFullQuantityInSalesInvoiceVoucher1" time="35.908" classname="com.focus.testcases.BatchNegativeTestingOptionsTest"/>
  <testcase name="checkSuspendingSalesInvoiceVATVoucher1ForSixtiethScenario" time="18.296" classname="com.focus.testcases.BatchNegativeTestingOptionsTest"/>
  <testcase name="checkSavingPurchaseReturnsVoucher1AfterSuspendingSalesInvoiceVoucher1" time="35.938" classname="com.focus.testcases.BatchNegativeTestingOptionsTest"/>
  <testcase name="checkReSavingSalesInvoiceVATVoucherAfterConsumingFullQuantityInPurchaseReturnsVoucher1" time="22.602" classname="com.focus.testcases.BatchNegativeTestingOptionsTest"/>
  <testcase name="checkSuspendingPurchaseReturnsVoucher1ForSixtiethOneScenario" time="18.149" classname="com.focus.testcases.BatchNegativeTestingOptionsTest"/>
  <testcase name="checkSavingPurchaseReturnsVoucher2AfterSuspendingPurchaseReturnsVoucher1" time="24.938" classname="com.focus.testcases.BatchNegativeTestingOptionsTest"/>
  <testcase name="checkReSavingPurchaseReturnsVoucher1AfterConsumingFullQuantityInPurchaseReturnsVoucher2" time="7.938" classname="com.focus.testcases.BatchNegativeTestingOptionsTest"/>
  <testcase name="checkDeletingPurchaseReturnsVoucher1And2" time="26.734" classname="com.focus.testcases.BatchNegativeTestingOptionsTest"/>
  <testcase name="checkDeletingSalesInvoiceVATVoucher1ForSavingWithConsumingPartially" time="19.642" classname="com.focus.testcases.BatchNegativeTestingOptionsTest"/>
  <testcase name="checkSavingSalesInvoiceVATVoucher1ByConsumingPartialQuantity60" time="47.845" classname="com.focus.testcases.BatchNegativeTestingOptionsTest"/>
  <testcase name="checkSavingPurchaseReturnsVoucher1AfterPartiallyConsumingQuantityInSalesInvoiceVoucher1" time="33.698" classname="com.focus.testcases.BatchNegativeTestingOptionsTest"/>
  <testcase name="checkAddingLinkFromPurchaseVoucherVATToSalesInvoiceN" time="52.195" classname="com.focus.testcases.BatchNegativeTestingOptionsTest"/>
  <testcase name="checkDeletingSalesInvoiceVATVoucher1AfterAddingSalesInvoiceNInDesignWorkFlow" time="21.821" classname="com.focus.testcases.BatchNegativeTestingOptionsTest"/>
  <testcase name="checkSavingPurchaseVoucherVATVoucher1AfterAddingLinkFromPurchasesVoucherVATToSalesInvoiceN" time="49.231" classname="com.focus.testcases.BatchNegativeTestingOptionsTest"/>
  <testcase name="checkSavingPurchaseReturnsVoucher1ByConsumingPartialQuantity" time="40.495" classname="com.focus.testcases.BatchNegativeTestingOptionsTest"/>
  <testcase name="checkSavingSalesInvoiceNVoucher1ByLoadingFromWorkflow" time="32.228" classname="com.focus.testcases.BatchNegativeTestingOptionsTest"/>
  <testcase name="checkDeletingSalesInvoiceNVoucher1ForSixtyFourthScenario" time="21.348" classname="com.focus.testcases.BatchNegativeTestingOptionsTest"/>
  <testcase name="checkSuspendingPurchaseReturnsVoucher1AfterDeletingSalesInvoiceNVoucher1" time="18.331" classname="com.focus.testcases.BatchNegativeTestingOptionsTest"/>
  <testcase name="checkSavingSalesInvoiceNVoucher1ByLoadingFromWorkflowByConsumingFullQuantity" time="27.872" classname="com.focus.testcases.BatchNegativeTestingOptionsTest"/>
  <testcase name="checkResavingPurchaseReturnsVoucher1AfterConsumingFullQuantityInSalesInvoiceN" time="21.574" classname="com.focus.testcases.BatchNegativeTestingOptionsTest"/>
  <testcase name="checkEraseAllTransactionsLogoutAndLoginForSixtyFifthScenario" time="31.774" classname="com.focus.testcases.BatchNegativeTestingOptionsTest"/>
  <testcase name="checkSavingPurchaseVoucherVATVoucher1ForSixtyFifthScenario" time="43.978" classname="com.focus.testcases.BatchNegativeTestingOptionsTest"/>
  <testcase name="checkBatchPopupValuesInDeliveryNoteVoucher1AfterSavingPurchaseVoucherVAT1" time="32.627" classname="com.focus.testcases.BatchNegativeTestingOptionsTest"/>
  <testcase name="checkSavingDeliveryNoteVoucher1AfterSavingPurchaseVoucherVAT1" time="6.198" classname="com.focus.testcases.BatchNegativeTestingOptionsTest"/>
  <testcase name="checkSuspendingDeliveryNotesVoucher1FromEntryPage" time="23.673" classname="com.focus.testcases.BatchNegativeTestingOptionsTest"/>
  <testcase name="checkSavingPurchaseReturnsVoucher1ByConsumingPartialQuantityAfterSuspendingDeliveryNotesVoucher1" time="39.415" classname="com.focus.testcases.BatchNegativeTestingOptionsTest"/>
  <testcase name="checkSavingSalesInvoiceNVoucher1ByLoadingFromWorkflowAfterSavingPurchaseReturns" time="26.971" classname="com.focus.testcases.BatchNegativeTestingOptionsTest"/>
  <testcase name="checkResavingDeliveryNotesVoucher1AfterConsumingFullQuantityInSalesInvoiceN" time="17.994" classname="com.focus.testcases.BatchNegativeTestingOptionsTest"/>
  <testcase name="checkEraseAllTransactionsLogoutAndLoginForSixtySixthScenario" time="31.486" classname="com.focus.testcases.BatchNegativeTestingOptionsTest"/>
  <testcase name="checkSavingPurchaseVoucherVATVoucher1ForSixtySixthScenario" time="44.013" classname="com.focus.testcases.BatchNegativeTestingOptionsTest"/>
  <testcase name="checkSavingPurchaseReturnsVoucher1ByConsumingFullQuantityAfterSavingPurchaseVoucher1" time="37.67" classname="com.focus.testcases.BatchNegativeTestingOptionsTest"/>
  <testcase name="checkLoadingWorkflowInSalesInvoiceNVoucher1AfterFullConsumingInPurchaseReturns" time="18.578" classname="com.focus.testcases.BatchNegativeTestingOptionsTest"/>
  <testcase name="checkSuspendingPurchaseReturnsVoucher1ForSixtySeventhScenario" time="17.401" classname="com.focus.testcases.BatchNegativeTestingOptionsTest"/>
  <testcase name="checkSavingSalesInvoiceNVoucher1ByLoadingFromWorkflowAfterSuspendingPurchaseReturns" time="26.841" classname="com.focus.testcases.BatchNegativeTestingOptionsTest"/>
  <testcase name="checkResavingPurchaseReturnsVoucher1AfterConsumingQuantityInSalesInvoiceN" time="22.599" classname="com.focus.testcases.BatchNegativeTestingOptionsTest"/>
  <testcase name="checkEnablingDoNotClubWithCommonBaseFromPurchaseVoucherVATToSalesInvoiceN" time="45.947" classname="com.focus.testcases.BatchNegativeTestingOptionsTest"/>
  <testcase name="checkEraseAllTransactionsLogoutAndLoginForSixtyEightScenario" time="31.62" classname="com.focus.testcases.BatchNegativeTestingOptionsTest"/>
  <testcase name="checkSavingPurchaseVoucherVATVoucher1AfterEnablingDoNotClubWithCommonBase" time="44.119" classname="com.focus.testcases.BatchNegativeTestingOptionsTest"/>
  <testcase name="checkSavingPurchaseReturnsVoucher1ByConsumingPartialQuantityAfterSavingPurchaseVoucherVATVoucher1" time="39.108" classname="com.focus.testcases.BatchNegativeTestingOptionsTest"/>
  <testcase name="checkSavingSalesInvoiceNVoucher1ByLoadingFromWorkflowAfterConsumingPartiallyQuantityInPurchaseReturns" time="31.13" classname="com.focus.testcases.BatchNegativeTestingOptionsTest"/>
  <testcase name="checkDeletingPurchaseReturnsVoucher1ForSixtyNinthScenario" time="19.918" classname="com.focus.testcases.BatchNegativeTestingOptionsTest"/>
  <testcase name="checkReSavingPurchaseReturnsVoucher1ByLoadingWorkFlow" time="21.887" classname="com.focus.testcases.BatchNegativeTestingOptionsTest"/>
  <testcase name="checkSavingSalesInvoiceNVoucher1ByLoadingFromWorkflowAfterConsumingFullQuantityInPurchaseReturns" time="29.224" classname="com.focus.testcases.BatchNegativeTestingOptionsTest"/>
  <testcase name="checkSuspendingPurchaseReturnsVoucher1ForSeventiethScenario" time="17.404" classname="com.focus.testcases.BatchNegativeTestingOptionsTest"/>
  <testcase name="checkSavingSalesInvoiceNVoucher1ByConvertingPendingVoucherAfterSuspendingPurchaseReturns" time="26.854" classname="com.focus.testcases.BatchNegativeTestingOptionsTest"/>
  <testcase name="checkResavingPurchaseReturnsVoucher1AfterConsumingQuantityInSalesInvoiceNWithDoNotConsolidateWithCommonBase" time="22.775" classname="com.focus.testcases.BatchNegativeTestingOptionsTest"/>
  <testcase name="checkEraseAllTransactionsLogoutAndLoginForSeventyOneScenario" time="31.315" classname="com.focus.testcases.BatchNegativeTestingOptionsTest"/>
  <testcase name="checkSavingPurchaseVoucherVATVoucher1ForSeventyOneScenario" time="43.948" classname="com.focus.testcases.BatchNegativeTestingOptionsTest"/>
  <testcase name="checkSavingSalesOrderVoucher1AfterSavingPurchaseVoucherVAT1" time="36.402" classname="com.focus.testcases.BatchNegativeTestingOptionsTest"/>
  <testcase name="checkSavingSalesOrderVoucher2AfterSavingPurchaseVoucherVAT1" time="20.703" classname="com.focus.testcases.BatchNegativeTestingOptionsTest"/>
  <testcase name="checkSavingSalesInvoiceVATVoucher1ByLoadingFromWorkflowAfterSavingSalesOrderDoc1AndDoc2" time="44.193" classname="com.focus.testcases.BatchNegativeTestingOptionsTest"/>
  <testcase name="checkSavingSalesInvoiceVATVoucher1ByLoadingFromWorkflowAndSelectingSalesOrderDoc1" time="45.908" classname="com.focus.testcases.BatchNegativeTestingOptionsTest"/>
  <testcase name="checkBatchPopupInSalesInvoiceVATVoucher2ByLoadingFromWorkflowAndSelectingSalesOrderDoc2" time="28.754" classname="com.focus.testcases.BatchNegativeTestingOptionsTest"/>
  <testcase name="checkSuspendingSalesInvoiceVATVoucher1ForSeventyThirdScenario" time="17.297" classname="com.focus.testcases.BatchNegativeTestingOptionsTest"/>
  <testcase name="checkSavingSalesInvoiceVATVoucher2ByLoadingFromWorkflowAndSelectingSalesOrderDoc2" time="32.19" classname="com.focus.testcases.BatchNegativeTestingOptionsTest"/>
  <testcase name="checkReSavingSalesInvoiceVATVoucherAfterSalesInvoiceVoucher2" time="9.909" classname="com.focus.testcases.BatchNegativeTestingOptionsTest"/>
  <testcase name="checkEraseAllTransactionsLogoutAndLoginForSeventyForthScenario" time="31.899" classname="com.focus.testcases.BatchNegativeTestingOptionsTest"/>
  <testcase name="checkSavingPurchaseVoucherVATVoucher1ForSeventyForthScenario" time="44.138" classname="com.focus.testcases.BatchNegativeTestingOptionsTest"/>
  <testcase name="checkEnablingInputBatchEvenIfStockIsNotUpdatedInSalesOrderVoucher" time="40.535" classname="com.focus.testcases.BatchNegativeTestingOptionsTest"/>
  <testcase name="checkSavingSalesOrderVoucher1AfterEnablingInputBatchEvenIfStockIsNotUpdated" time="87.06" classname="com.focus.testcases.BatchNegativeTestingOptionsTest"/>
  <testcase name="checkSavingSalesOrderVoucher2AfterEnablingInputBatchEvenIfStockIsNotUpdated" time="66.876" classname="com.focus.testcases.BatchNegativeTestingOptionsTest"/>
  <testcase name="checkSavingSalesInvoiceVATVoucher1ByLoadingFromWorkflowAfterSavingSalesOrderDoc1AndDoc2AfterEnablingInputBatchEvenIfStockIsNotUpdated" time="42.847" classname="com.focus.testcases.BatchNegativeTestingOptionsTest"/>
  <testcase name="checkSavingSalesInvoiceVATVoucher1ByLoadingFromWorkflowAndSelectingSalesOrderDoc1AfterEnablingInputBatchEvenIfStockIsNotUpdated" time="41.316" classname="com.focus.testcases.BatchNegativeTestingOptionsTest"/>
  <testcase name="checkBatchPopupInSalesInvoiceVATVoucher2ByLoadingFromWorkflowAndSelectingSalesOrderDoc2AfterEnablingInputBatchEvenIfStockIsNotUpdated" time="29.094" classname="com.focus.testcases.BatchNegativeTestingOptionsTest"/>
  <testcase name="checkSuspendingSalesInvoiceVATVoucher1ForSeventySixthScenario" time="18.567" classname="com.focus.testcases.BatchNegativeTestingOptionsTest"/>
  <testcase name="checkSavingSalesInvoiceVATVoucher1ByLoadingFromWorkflowAndSelectingSalesOrderDoc2AfterSuspendingSalesInvoiceVoucher1" time="29.681" classname="com.focus.testcases.BatchNegativeTestingOptionsTest"/>
  <testcase name="checkReSavingSalesInvoiceVATVoucher1AfterSalesInvoiceVoucher2BySelectingSalesOrderVoucher2" time="7.962" classname="com.focus.testcases.BatchNegativeTestingOptionsTest"/>
  <testcase name="checkEraseAllTransactionsLogoutAndLoginSeventySixthScenario" time="31.745" classname="com.focus.testcases.BatchNegativeTestingOptionsTest"/>
  <testcase name="checkSavingPurchaseVoucherVATWithCurrentdate" time="43.942" classname="com.focus.testcases.BatchNegativeTestingOptionsTest"/>
  <testcase name="checkAuthorisationOFSalesInvoiceDocumentWithoutEnablingInventoryOptionUnderkeepUnposted" time="35.518" classname="com.focus.testcases.BatchNegativeTestingOptionsTest"/>
  <testcase name="checkSalesInvoiceVAT1WithFutureDateAfterSavingAuthorisationOnSales" time="117.702" classname="com.focus.testcases.BatchNegativeTestingOptionsTest"/>
  <testcase name="checkSavingSalesInvoiceVAT1WithCurrentDateAfterBatchConsumed" time="92.621" classname="com.focus.testcases.BatchNegativeTestingOptionsTest"/>
  <testcase name="checkLoginToAuthoriseUserForSalesAuthorisation" time="34.236" classname="com.focus.testcases.BatchNegativeTestingOptionsTest"/>
  <testcase name="checkLoginToSuperUserAndSavingSalesInvioceVAT2AfterAuthorisation" time="105.643" classname="com.focus.testcases.BatchNegativeTestingOptionsTest"/>
  <testcase name="checkSuspendingVoucherInSalesInvoiceVAT" time="21.87" classname="com.focus.testcases.BatchNegativeTestingOptionsTest"/>
  <testcase name="checkSavingSalesVoucher2AfterSuspending1stVoucher" time="119.932" classname="com.focus.testcases.BatchNegativeTestingOptionsTest"/>
  <testcase name="checkResavingSales1stVoucherAfterBatchConsumedIn2ndVoucher" time="21.804" classname="com.focus.testcases.BatchNegativeTestingOptionsTest"/>
  <testcase name="checkDeletingPurchaseVoucherVATAfterBatchConsumedInSalesInvoiceVat" time="16.834" classname="com.focus.testcases.BatchNegativeTestingOptionsTest"/>
  <testcase name="checkSuspendingVoucherInPurchaseVoucherVAT" time="15.595" classname="com.focus.testcases.BatchNegativeTestingOptionsTest"/>
  <testcase name="checkChangingQuantityInPurchaseVoucherAfterBatchConsumed" time="31.285" classname="com.focus.testcases.BatchNegativeTestingOptionsTest"/>
  <testcase name="checkDeletingVoucherInSalesInvoiceVATWhenStatusInPending" time="16.146" classname="com.focus.testcases.BatchNegativeTestingOptionsTest"/>
  <testcase name="checkEnablingInventoryoptionUnderkeepUnpostedInTransdactionAuthorisationOfSalesType" time="29.074" classname="com.focus.testcases.BatchNegativeTestingOptionsTest"/>
  <testcase name="checkSavingVoucherinSalesInvoiceVATAfterEnablingInventoryOption" time="118.604" classname="com.focus.testcases.BatchNegativeTestingOptionsTest"/>
  <testcase name="checkSavingSalesINvoiceVAT2AfterFullBatchConsumedIn1stVoucher" time="122.081" classname="com.focus.testcases.BatchNegativeTestingOptionsTest"/>
  <testcase name="checkLoginToUserAllOptionsToAuthoriseSalesVouchers1" time="39.919" classname="com.focus.testcases.BatchNegativeTestingOptionsTest"/>
  <testcase name="chechAuthoriseVoucher2AfterAuthorisation1stVoucher" time="14.734" classname="com.focus.testcases.BatchNegativeTestingOptionsTest"/>
  <testcase name="checkLogintoSuperUseAndSavingSalesInvoice2After1stVoucherAuthorised" time="107.908" classname="com.focus.testcases.BatchNegativeTestingOptionsTest"/>
  <testcase name="checkDeletingVoucherInSalesInvoiceWithAuthorisationStatusPending" time="13.938" classname="com.focus.testcases.BatchNegativeTestingOptionsTest"/>
  <testcase name="checkSuspendingSalesVoucher1AfterAuthorisation" time="9.662" classname="com.focus.testcases.BatchNegativeTestingOptionsTest"/>
  <testcase name="checkSavingVoucherInSalesInvoice2AfterSusoendingVocher1" time="122.424" classname="com.focus.testcases.BatchNegativeTestingOptionsTest">
    <failure type="java.lang.AssertionError" message="expected [true] but found [false]">
      <![CDATA[java.lang.AssertionError: expected [true] but found [false]
	at com.focus.testcases.BatchNegativeTestingOptionsTest.checkSavingVoucherInSalesInvoice2AfterSusoendingVocher1(BatchNegativeTestingOptionsTest.java:2682)
... Removed 30 stack frames]]>
    </failure>
  </testcase> <!-- checkSavingVoucherInSalesInvoice2AfterSusoendingVocher1 -->
  <testcase name="checkResavingSalesInvoice1VoucherAfterBatchConsumedinVoucher2" time="26.54" classname="com.focus.testcases.BatchNegativeTestingOptionsTest"/>
  <testcase name="checkDeletingPurchasVatVoucherAfterBatchConsumedinSalesInvoice" time="18.957" classname="com.focus.testcases.BatchNegativeTestingOptionsTest"/>
  <testcase name="checkSuspendingPurchasVatVoucherAfterBatchConsumedinSalesInvoice" time="17.817" classname="com.focus.testcases.BatchNegativeTestingOptionsTest"/>
  <testcase name="checkChangingQunatityInPurchaseVoucherAfterConsumed" time="33.284" classname="com.focus.testcases.BatchNegativeTestingOptionsTest"/>
  <testcase name="checkEraseAllDATA" time="28.67" classname="com.focus.testcases.BatchNegativeTestingOptionsTest"/>
  <testcase name="checkSavingPurchaseVoucherVATForReservation" time="46.357" classname="com.focus.testcases.BatchNegativeTestingOptionsTest"/>
  <testcase name="checkSalesOrderInReservationTypeIsManualAndinputBatchEvenIfStockNoyUpdatedChkbox" time="48.75" classname="com.focus.testcases.BatchNegativeTestingOptionsTest"/>
  <testcase name="checkSavingSalesOrderVoucher1" time="45.528" classname="com.focus.testcases.BatchNegativeTestingOptionsTest"/>
  <testcase name="checkResavingSalesOrderWithGraeterQtyThanInward" time="35.847" classname="com.focus.testcases.BatchNegativeTestingOptionsTest"/>
  <testcase name="checkDeletingVoucherInsalesOrder" time="20.97" classname="com.focus.testcases.BatchNegativeTestingOptionsTest"/>
  <testcase name="checkSavingSalesOrderWithFullConsumptionInward" time="52.166" classname="com.focus.testcases.BatchNegativeTestingOptionsTest"/>
  <testcase name="checkReservedPopAfterBatchFullConsumedinSalesOrder" time="34.684" classname="com.focus.testcases.BatchNegativeTestingOptionsTest"/>
  <testcase name="checkSuspendingVoucherInsalesOrder1" time="16.002" classname="com.focus.testcases.BatchNegativeTestingOptionsTest"/>
  <testcase name="checkSavingSalesOrder2AfterSuspendingVoucher1" time="46.84" classname="com.focus.testcases.BatchNegativeTestingOptionsTest"/>
  <testcase name="checkResavingSalesOrder1AfterSavingVoucher2WithFullBatchConsumption" time="12.684" classname="com.focus.testcases.BatchNegativeTestingOptionsTest"/>
  <testcase name="checkLinksInSalesInvoiceAfterSavingSalesOrder" time="20.565" classname="com.focus.testcases.BatchNegativeTestingOptionsTest"/>
  <testcase name="checkSavingPurchaseVoucherVAT" time="77.461" classname="com.focus.testcases.BatchNegativeTestingOptionsTest"/>
  <testcase name="checkEnableInputBatchEvenStockIsNotUpdatedOptionInSalesOrder" time="46.929" classname="com.focus.testcases.BatchNegativeTestingOptionsTest"/>
  <testcase name="checkSavingSalesOrderVoucherAfterEnableInputBatchEvenIfStockNotUpdatedChkbox" time="63.288" classname="com.focus.testcases.BatchNegativeTestingOptionsTest"/>
  <testcase name="checkSavingSalesOrdervoucher2AfterConsumedBatchInVoucher1" time="45.875" classname="com.focus.testcases.BatchNegativeTestingOptionsTest"/>
  <testcase name="checkSuspendingSalesVou1AfterEnablingOptions" time="18.165" classname="com.focus.testcases.BatchNegativeTestingOptionsTest"/>
  <testcase name="checkSavingSalesVou2AfterSuspendingVou1" time="63.854" classname="com.focus.testcases.BatchNegativeTestingOptionsTest"/>
  <testcase name="checkResavingSalesOrderVou1AfterVou2Saved" time="21.343" classname="com.focus.testcases.BatchNegativeTestingOptionsTest"/>
  <testcase name="checkSavingSalesInvoiceVoucherWithLinks" time="57.259" classname="com.focus.testcases.BatchNegativeTestingOptionsTest">
    <failure type="org.openqa.selenium.UnhandledAlertException" message="unexpected alert open: {Alert text : You are trying to issues batch quantity which is not reserved against this link. 

 Are you sure you want to continue?}
  (Session info: chrome=108.0.5359.125): You are trying to issues batch quantity which is not reserved against this link. 

 Are you sure you want to continue?
Build info: version: &amp;apos;3.12.0&amp;apos;, revision: &amp;apos;7c6e0b3&amp;apos;, time: &amp;apos;2018-05-08T14:04:26.12Z&amp;apos;
System info: host: &amp;apos;FOCUS-QA-133&amp;apos;, ip: &amp;apos;192.168.4.108&amp;apos;, os.name: &amp;apos;Windows 10&amp;apos;, os.arch: &amp;apos;amd64&amp;apos;, os.version: &amp;apos;10.0&amp;apos;, java.version: &amp;apos;1.8.0_111&amp;apos;
Driver info: org.openqa.selenium.chrome.ChromeDriver
Capabilities {acceptInsecureCerts: false, browserName: chrome, browserVersion: 108.0.5359.125, chrome: {chromedriverVersion: 108.0.5359.71 (1e0e3868ee06..., userDataDir: C:\Users\Sanjeev\AppData\Lo...}, goog:chromeOptions: {debuggerAddress: localhost:63249}, javascriptEnabled: true, networkConnectionEnabled: false, pageLoadStrategy: normal, platform: WINDOWS, platformName: WINDOWS, proxy: Proxy(), setWindowRect: true, strictFileInteractability: false, timeouts: {implicit: 0, pageLoad: 300000, script: 30000}, unhandledPromptBehavior: dismiss and notify, webauthn:extension:credBlob: true, webauthn:extension:largeBlob: true, webauthn:virtualAuthenticators: true}
Session ID: 9f4d8ec408940af432d56582dd94ed9d
*** Element info: {Using=xpath, value=//*[@id=&amp;apos;id_transaction_entry_detail_table_body&amp;apos;]/tr[1]/td[20]}">
      <![CDATA[org.openqa.selenium.UnhandledAlertException: unexpected alert open: {Alert text : You are trying to issues batch quantity which is not reserved against this link. 

 Are you sure you want to continue?}
  (Session info: chrome=108.0.5359.125): You are trying to issues batch quantity which is not reserved against this link. 

 Are you sure you want to continue?
Build info: version: '3.12.0', revision: '7c6e0b3', time: '2018-05-08T14:04:26.12Z'
System info: host: 'FOCUS-QA-133', ip: '192.168.4.108', os.name: 'Windows 10', os.arch: 'amd64', os.version: '10.0', java.version: '1.8.0_111'
Driver info: org.openqa.selenium.chrome.ChromeDriver
Capabilities {acceptInsecureCerts: false, browserName: chrome, browserVersion: 108.0.5359.125, chrome: {chromedriverVersion: 108.0.5359.71 (1e0e3868ee06..., userDataDir: C:\Users\Sanjeev\AppData\Lo...}, goog:chromeOptions: {debuggerAddress: localhost:63249}, javascriptEnabled: true, networkConnectionEnabled: false, pageLoadStrategy: normal, platform: WINDOWS, platformName: WINDOWS, proxy: Proxy(), setWindowRect: true, strictFileInteractability: false, timeouts: {implicit: 0, pageLoad: 300000, script: 30000}, unhandledPromptBehavior: dismiss and notify, webauthn:extension:credBlob: true, webauthn:extension:largeBlob: true, webauthn:virtualAuthenticators: true}
Session ID: 9f4d8ec408940af432d56582dd94ed9d
*** Element info: {Using=xpath, value=//*[@id='id_transaction_entry_detail_table_body']/tr[1]/td[20]}
	at org.openqa.selenium.remote.http.W3CHttpResponseCodec.decode(W3CHttpResponseCodec.java:120)
	at org.openqa.selenium.remote.http.W3CHttpResponseCodec.decode(W3CHttpResponseCodec.java:49)
	at org.openqa.selenium.remote.HttpCommandExecutor.execute(HttpCommandExecutor.java:158)
	at org.openqa.selenium.remote.service.DriverCommandExecutor.execute(DriverCommandExecutor.java:83)
	at org.openqa.selenium.remote.RemoteWebDriver.execute(RemoteWebDriver.java:543)
	at org.openqa.selenium.remote.RemoteWebDriver.findElement(RemoteWebDriver.java:317)
	at org.openqa.selenium.remote.RemoteWebDriver.findElementByXPath(RemoteWebDriver.java:419)
	at org.openqa.selenium.By$ByXPath.findElement(By.java:353)
	at org.openqa.selenium.remote.RemoteWebDriver.findElement(RemoteWebDriver.java:309)
	at org.openqa.selenium.support.pagefactory.DefaultElementLocator.findElement(DefaultElementLocator.java:69)
	at org.openqa.selenium.support.pagefactory.internal.LocatingElementHandler.invoke(LocatingElementHandler.java:38)
	at com.sun.proxy.$Proxy15.isDisplayed(Unknown Source)
	at org.openqa.selenium.support.ui.ExpectedConditions.elementIfVisible(ExpectedConditions.java:315)
	at org.openqa.selenium.support.ui.ExpectedConditions.access$100(ExpectedConditions.java:44)
	at org.openqa.selenium.support.ui.ExpectedConditions$10.apply(ExpectedConditions.java:301)
	at org.openqa.selenium.support.ui.ExpectedConditions$10.apply(ExpectedConditions.java:298)
	at org.openqa.selenium.support.ui.ExpectedConditions$23.apply(ExpectedConditions.java:686)
	at org.openqa.selenium.support.ui.ExpectedConditions$23.apply(ExpectedConditions.java:682)
	at org.openqa.selenium.support.ui.FluentWait.until(FluentWait.java:248)
	at com.focus.Pages.BatchNegativeTestingOptionsPage.checkSavingSalesInvoiceVoucherWithLinks(BatchNegativeTestingOptionsPage.java:42124)
	at com.focus.testcases.BatchNegativeTestingOptionsTest.checkSavingSalesInvoiceVoucherWithLinks(BatchNegativeTestingOptionsTest.java:2860)
... Removed 24 stack frames]]>
    </failure>
  </testcase> <!-- checkSavingSalesInvoiceVoucherWithLinks -->
  <testcase name="checkSavingPurchaseVoucherVATWithQty20" time="82.885" classname="com.focus.testcases.BatchNegativeTestingOptionsTest"/>
  <testcase name="checkSavingSalesOrderWithConsumingHalfQtyFromPurVouVat" time="52.3" classname="com.focus.testcases.BatchNegativeTestingOptionsTest"/>
  <testcase name="checkChangingQtyInPurVouVATAfterSavingSalesOrder" time="33.787" classname="com.focus.testcases.BatchNegativeTestingOptionsTest"/>
  <testcase name="checkSuspendingVoucherInSalesOrder" time="18.075" classname="com.focus.testcases.BatchNegativeTestingOptionsTest"/>
  <testcase name="checkChangingQtyinPurVoucherAfterSalesOrderVouSuspended" time="33.187" classname="com.focus.testcases.BatchNegativeTestingOptionsTest"/>
  <testcase name="checkReSavingSalesOrder" time="21.612" classname="com.focus.testcases.BatchNegativeTestingOptionsTest"/>
  <testcase name="checkSavingPurchaseVoucherVATWithChangingItemAfterBatchConsumed" time="41.729" classname="com.focus.testcases.BatchNegativeTestingOptionsTest"/>
  <testcase name="checkChangingBatchInPurchaseVoucherVATAfterAfterBatchConsumed" time="36.703" classname="com.focus.testcases.BatchNegativeTestingOptionsTest"/>
  <testcase name="checkSuspendingVoucherInSalesOrderAndChangingBatchNameInPurchaseVouVAT" time="52.401" classname="com.focus.testcases.BatchNegativeTestingOptionsTest"/>
  <testcase name="checkSavingPVWithChangingWareHouseAfterVoucherConsumed" time="36.226" classname="com.focus.testcases.BatchNegativeTestingOptionsTest"/>
  <testcase name="checkDefineAuthorizationWithoutKeepunpostingOptionOnInventoryDocumentInSalesOrder" time="29.174" classname="com.focus.testcases.BatchNegativeTestingOptionsTest"/>
  <testcase name="checkSavingSalOrdVou1AfterAuthorisation" time="151.634" classname="com.focus.testcases.BatchNegativeTestingOptionsTest"/>
  <testcase name="checkSavingVoucherInsalesOrderafterBatchConsumed" time="44.906" classname="com.focus.testcases.BatchNegativeTestingOptionsTest"/>
  <testcase name="checkSavingSalesInvoiceWithLoadingLinks" time="84.792" classname="com.focus.testcases.BatchNegativeTestingOptionsTest"/>
  <testcase name="checkEditingQtyInPVVATAfterSavingSalesInvoiceVAT" time="29.651" classname="com.focus.testcases.BatchNegativeTestingOptionsTest"/>
  <testcase name="checkChangingItemInPvVAT" time="43.014" classname="com.focus.testcases.BatchNegativeTestingOptionsTest"/>
  <testcase name="checkChangingBatchNameInPVVATAfterBatchConsumed" time="38.763" classname="com.focus.testcases.BatchNegativeTestingOptionsTest"/>
  <testcase name="checkChangingWarehouseInPVVATAfterAfterBatchConsumed" time="38.796" classname="com.focus.testcases.BatchNegativeTestingOptionsTest"/>
  <testcase name="checkDeletingVoucherInSIAndSuspendingVoucherInSO" time="24.634" classname="com.focus.testcases.BatchNegativeTestingOptionsTest"/>
  <testcase name="checkSavingVoucherInSO2AfterSuspendingVoucherSO1" time="92.549" classname="com.focus.testcases.BatchNegativeTestingOptionsTest"/>
  <testcase name="checkResavingSalesOrd1AfterSavingSalesOrd2" time="22.685" classname="com.focus.testcases.BatchNegativeTestingOptionsTest"/>
  <testcase name="checkSavingSIWithLoadingLinks" time="52.357" classname="com.focus.testcases.BatchNegativeTestingOptionsTest">
    <failure type="org.openqa.selenium.UnhandledAlertException" message="unexpected alert open: {Alert text : You are trying to issues batch quantity which is not reserved against this link. 

 Are you sure you want to continue?}
  (Session info: chrome=108.0.5359.125): You are trying to issues batch quantity which is not reserved against this link. 

 Are you sure you want to continue?
Build info: version: &amp;apos;3.12.0&amp;apos;, revision: &amp;apos;7c6e0b3&amp;apos;, time: &amp;apos;2018-05-08T14:04:26.12Z&amp;apos;
System info: host: &amp;apos;FOCUS-QA-133&amp;apos;, ip: &amp;apos;192.168.4.108&amp;apos;, os.name: &amp;apos;Windows 10&amp;apos;, os.arch: &amp;apos;amd64&amp;apos;, os.version: &amp;apos;10.0&amp;apos;, java.version: &amp;apos;1.8.0_111&amp;apos;
Driver info: org.openqa.selenium.chrome.ChromeDriver
Capabilities {acceptInsecureCerts: false, browserName: chrome, browserVersion: 108.0.5359.125, chrome: {chromedriverVersion: 108.0.5359.71 (1e0e3868ee06..., userDataDir: C:\Users\Sanjeev\AppData\Lo...}, goog:chromeOptions: {debuggerAddress: localhost:63249}, javascriptEnabled: true, networkConnectionEnabled: false, pageLoadStrategy: normal, platform: WINDOWS, platformName: WINDOWS, proxy: Proxy(), setWindowRect: true, strictFileInteractability: false, timeouts: {implicit: 0, pageLoad: 300000, script: 30000}, unhandledPromptBehavior: dismiss and notify, webauthn:extension:credBlob: true, webauthn:extension:largeBlob: true, webauthn:virtualAuthenticators: true}
Session ID: 9f4d8ec408940af432d56582dd94ed9d
*** Element info: {Using=xpath, value=//*[@id=&amp;apos;id_transaction_entry_detail_table_body&amp;apos;]/tr[1]/td[20]}">
      <![CDATA[org.openqa.selenium.UnhandledAlertException: unexpected alert open: {Alert text : You are trying to issues batch quantity which is not reserved against this link. 

 Are you sure you want to continue?}
  (Session info: chrome=108.0.5359.125): You are trying to issues batch quantity which is not reserved against this link. 

 Are you sure you want to continue?
Build info: version: '3.12.0', revision: '7c6e0b3', time: '2018-05-08T14:04:26.12Z'
System info: host: 'FOCUS-QA-133', ip: '192.168.4.108', os.name: 'Windows 10', os.arch: 'amd64', os.version: '10.0', java.version: '1.8.0_111'
Driver info: org.openqa.selenium.chrome.ChromeDriver
Capabilities {acceptInsecureCerts: false, browserName: chrome, browserVersion: 108.0.5359.125, chrome: {chromedriverVersion: 108.0.5359.71 (1e0e3868ee06..., userDataDir: C:\Users\Sanjeev\AppData\Lo...}, goog:chromeOptions: {debuggerAddress: localhost:63249}, javascriptEnabled: true, networkConnectionEnabled: false, pageLoadStrategy: normal, platform: WINDOWS, platformName: WINDOWS, proxy: Proxy(), setWindowRect: true, strictFileInteractability: false, timeouts: {implicit: 0, pageLoad: 300000, script: 30000}, unhandledPromptBehavior: dismiss and notify, webauthn:extension:credBlob: true, webauthn:extension:largeBlob: true, webauthn:virtualAuthenticators: true}
Session ID: 9f4d8ec408940af432d56582dd94ed9d
*** Element info: {Using=xpath, value=//*[@id='id_transaction_entry_detail_table_body']/tr[1]/td[20]}
	at org.openqa.selenium.remote.http.W3CHttpResponseCodec.decode(W3CHttpResponseCodec.java:120)
	at org.openqa.selenium.remote.http.W3CHttpResponseCodec.decode(W3CHttpResponseCodec.java:49)
	at org.openqa.selenium.remote.HttpCommandExecutor.execute(HttpCommandExecutor.java:158)
	at org.openqa.selenium.remote.service.DriverCommandExecutor.execute(DriverCommandExecutor.java:83)
	at org.openqa.selenium.remote.RemoteWebDriver.execute(RemoteWebDriver.java:543)
	at org.openqa.selenium.remote.RemoteWebDriver.findElement(RemoteWebDriver.java:317)
	at org.openqa.selenium.remote.RemoteWebDriver.findElementByXPath(RemoteWebDriver.java:419)
	at org.openqa.selenium.By$ByXPath.findElement(By.java:353)
	at org.openqa.selenium.remote.RemoteWebDriver.findElement(RemoteWebDriver.java:309)
	at org.openqa.selenium.support.pagefactory.DefaultElementLocator.findElement(DefaultElementLocator.java:69)
	at org.openqa.selenium.support.pagefactory.internal.LocatingElementHandler.invoke(LocatingElementHandler.java:38)
	at com.sun.proxy.$Proxy15.isDisplayed(Unknown Source)
	at org.openqa.selenium.support.ui.ExpectedConditions.elementIfVisible(ExpectedConditions.java:315)
	at org.openqa.selenium.support.ui.ExpectedConditions.access$100(ExpectedConditions.java:44)
	at org.openqa.selenium.support.ui.ExpectedConditions$10.apply(ExpectedConditions.java:301)
	at org.openqa.selenium.support.ui.ExpectedConditions$10.apply(ExpectedConditions.java:298)
	at org.openqa.selenium.support.ui.ExpectedConditions$23.apply(ExpectedConditions.java:686)
	at org.openqa.selenium.support.ui.ExpectedConditions$23.apply(ExpectedConditions.java:682)
	at org.openqa.selenium.support.ui.FluentWait.until(FluentWait.java:248)
	at com.focus.Pages.BatchNegativeTestingOptionsPage.checkSavingSIWithLoadingLinks(BatchNegativeTestingOptionsPage.java:44555)
	at com.focus.testcases.BatchNegativeTestingOptionsTest.checkSavingSIWithLoadingLinks(BatchNegativeTestingOptionsTest.java:3018)
... Removed 24 stack frames]]>
    </failure>
  </testcase> <!-- checkSavingSIWithLoadingLinks -->
  <testcase name="checkDefineAuthorizationOnSalesOrderDocumentWithKeepUnpostingReservationsOption" time="62.565" classname="com.focus.testcases.BatchNegativeTestingOptionsTest"/>
  <testcase name="checkSavingPVVATAndSOVoucherAfterAuthorisation" time="48.004" classname="com.focus.testcases.BatchNegativeTestingOptionsTest"/>
  <testcase name="checkSavingSO1AfterChangingInAuthorisation" time="73.011" classname="com.focus.testcases.BatchNegativeTestingOptionsTest"/>
  <testcase name="checkSavingSO2AfterChangingInAuthorisation" time="69.73" classname="com.focus.testcases.BatchNegativeTestingOptionsTest"/>
  <testcase name="checkSavingSalesInvoiceVATWihLoadingLinks" time="15.214" classname="com.focus.testcases.BatchNegativeTestingOptionsTest"/>
  <testcase name="checksavingPVVATAndSavingSalesOrder" time="155.689" classname="com.focus.testcases.BatchNegativeTestingOptionsTest"/>
  <testcase name="checkSavingSalesOrderVopucher2" time="71.144" classname="com.focus.testcases.BatchNegativeTestingOptionsTest"/>
  <testcase name="checkLoginToUserForAuthorisationINSalesOrder" time="49.334" classname="com.focus.testcases.BatchNegativeTestingOptionsTest"/>
  <testcase name="checkAuthorisedVoucherInSalesOrder" time="32.008" classname="com.focus.testcases.BatchNegativeTestingOptionsTest">
    <failure type="java.lang.AssertionError" message="expected [true] but found [false]">
      <![CDATA[java.lang.AssertionError: expected [true] but found [false]
	at com.focus.testcases.BatchNegativeTestingOptionsTest.checkAuthorisedVoucherInSalesOrder(BatchNegativeTestingOptionsTest.java:3085)
... Removed 30 stack frames]]>
    </failure>
  </testcase> <!-- checkAuthorisedVoucherInSalesOrder -->
  <testcase name="checksavingsalesInvoiceVATAfterTwoVouchersAuthorised" time="18.681" classname="com.focus.testcases.BatchNegativeTestingOptionsTest">
    <failure type="java.lang.AssertionError" message="expected [true] but found [false]">
      <![CDATA[java.lang.AssertionError: expected [true] but found [false]
	at com.focus.testcases.BatchNegativeTestingOptionsTest.checksavingsalesInvoiceVATAfterTwoVouchersAuthorised(BatchNegativeTestingOptionsTest.java:3092)
... Removed 30 stack frames]]>
    </failure>
  </testcase> <!-- checksavingsalesInvoiceVATAfterTwoVouchersAuthorised -->
  <testcase name="checkSavingPVVatAndSO" time="151.791" classname="com.focus.testcases.BatchNegativeTestingOptionsTest"/>
  <testcase name="checkLoginToUserallOptionsForAuthoriseSalesOrder" time="43.118" classname="com.focus.testcases.BatchNegativeTestingOptionsTest"/>
  <testcase name="checkSavingVou2AfterAuthorisationInsalesOrder" time="59.953" classname="com.focus.testcases.BatchNegativeTestingOptionsTest"/>
  <testcase name="checkChangingItemAndBatchAndWareHouseInConsumedPVVAT" time="121.122" classname="com.focus.testcases.BatchNegativeTestingOptionsTest"/>
  <testcase name="checkLogout" time="2.695" classname="com.focus.testcases.BatchNegativeTestingOptionsTest"/>
  <testcase name="checkLogin" time="23.296" classname="com.focus.testcases.DesignWorkFlowOptionsTest"/>
  <testcase name="checkBackup" time="42.056" classname="com.focus.testcases.DesignWorkFlowOptionsTest"/>
  <testcase name="checkSavingOpeningStockVoucher1WithBatchItem" time="51.561" classname="com.focus.testcases.DesignWorkFlowOptionsTest"/>
  <testcase name="checkSavingShortageInStocksVoucher1" time="36.762" classname="com.focus.testcases.DesignWorkFlowOptionsTest"/>
  <testcase name="checkExcessesInStocksVoucherBatchNosByConvertingPendingShortageInStocks" time="16.669" classname="com.focus.testcases.DesignWorkFlowOptionsTest"/>
  <testcase name="checkExcessesInStocksVoucherBatchNosByWorkFlow" time="25.32" classname="com.focus.testcases.DesignWorkFlowOptionsTest"/>
  <testcase name="checkEraseAllTransactionsAfterExcessesInStocks" time="8.884" classname="com.focus.testcases.DesignWorkFlowOptionsTest"/>
  <testcase name="checkInputingWorkflowNameAsPurchasesFlow" time="5.788" classname="com.focus.testcases.DesignWorkFlowOptionsTest"/>
  <testcase name="checkLinkBetweenPurchaseOrderAndPVN" time="4.833" classname="com.focus.testcases.DesignWorkFlowOptionsTest"/>
  <testcase name="CheckLinkValueDropDownOptions" time="0.323" classname="com.focus.testcases.DesignWorkFlowOptionsTest"/>
  <testcase name="checkSelectingQuantityinLinkValueOptionBetweenPurchaseOrderAndPvn" time="0.201" classname="com.focus.testcases.DesignWorkFlowOptionsTest"/>
  <testcase name="checkSelectingItemOptionBetweenPurchaseOrderAndPvn" time="1.066" classname="com.focus.testcases.DesignWorkFlowOptionsTest"/>
  <testcase name="checkMapOptionAndMappedFields" time="8.733" classname="com.focus.testcases.DesignWorkFlowOptionsTest"/>
  <testcase name="checkSavingPurchaseOrders" time="21.521" classname="com.focus.testcases.DesignWorkFlowOptionsTest"/>
  <testcase name="checkPendingPurchaseOrdersPurchaseVoucherNHomePage" time="13.428" classname="com.focus.testcases.DesignWorkFlowOptionsTest"/>
  <testcase name="checkPendingLinksThroughConvertOptionWithSelectingRow" time="4.383" classname="com.focus.testcases.DesignWorkFlowOptionsTest"/>
  <testcase name="checkSavingPurchaseVoucherWithCovertOptionWithAllMandatoryFields" time="24.92" classname="com.focus.testcases.DesignWorkFlowOptionsTest"/>
  <testcase name="checkEraseAllTransactionsAfterIntialCheck" time="8.154" classname="com.focus.testcases.DesignWorkFlowOptionsTest"/>
  <testcase name="checkSavingPurchaseOrdersAfterUpdatingMapFields" time="19.501" classname="com.focus.testcases.DesignWorkFlowOptionsTest"/>
  <testcase name="checkPendingLinksThroughConvertOptionAfterMapFieldsUpdating" time="15.728" classname="com.focus.testcases.DesignWorkFlowOptionsTest"/>
  <testcase name="CheckSavingAndDeleteAllTransactions" time="58.417" classname="com.focus.testcases.DesignWorkFlowOptionsTest"/>
  <testcase name="checkRaiseLinkDocumentWhenBaseIsSavedOption" time="128.824" classname="com.focus.testcases.DesignWorkFlowOptionsTest"/>
  <testcase name="checkAutoCLoseInDaysOption" time="158.867" classname="com.focus.testcases.DesignWorkFlowOptionsTest"/>
  <testcase name="checkConsolidateOnDocumentWhenDisplayingInSelection" time="153.911" classname="com.focus.testcases.DesignWorkFlowOptionsTest">
    <failure type="java.lang.AssertionError" message="expected [true] but found [false]">
      <![CDATA[java.lang.AssertionError: expected [true] but found [false]
	at com.focus.testcases.DesignWorkFlowOptionsTest.checkConsolidateOnDocumentWhenDisplayingInSelection(DesignWorkFlowOptionsTest.java:217)
... Removed 30 stack frames]]>
    </failure>
  </testcase> <!-- checkConsolidateOnDocumentWhenDisplayingInSelection -->
  <testcase name="checkCheckStockWhileLinkingOption" time="174.594" classname="com.focus.testcases.DesignWorkFlowOptionsTest"/>
  <testcase name="checkCannotExceedTheBaseValueOption" time="228.57" classname="com.focus.testcases.DesignWorkFlowOptionsTest"/>
  <testcase name="checkBaseDocumentCannotBeEditiedAfterItIsLinkedOption" time="199.789" classname="com.focus.testcases.DesignWorkFlowOptionsTest"/>
  <testcase name="checkCloseLinkAfterDueDateElapses" time="183.217" classname="com.focus.testcases.DesignWorkFlowOptionsTest"/>
  <testcase name="checkLinkIsMandatoryOption" time="177.595" classname="com.focus.testcases.DesignWorkFlowOptionsTest"/>
  <testcase name="checkDoNotClubWithCommonBaseOption" time="270.668" classname="com.focus.testcases.DesignWorkFlowOptionsTest"/>
  <testcase name="checkDoNotAllowSelectionIfLinksFieldsAreNotSelectedOption" time="181.895" classname="com.focus.testcases.DesignWorkFlowOptionsTest"/>
  <testcase name="checkAllowBackDatedLinkingOption" time="175.47" classname="com.focus.testcases.DesignWorkFlowOptionsTest"/>
  <testcase name="checkRecheckBeforeTheSavingIfLinkIsConsumedElseWhereOnTheNetWorkOption" time="227.417" classname="com.focus.testcases.DesignWorkFlowOptionsTest"/>
  <testcase name="checkUseThisLinkOnlyForLoadingOption" time="281.028" classname="com.focus.testcases.DesignWorkFlowOptionsTest"/>
  <testcase name="checkLoadTheBaseDocumentDetailsAtTheTimeOfLinkingOption" time="188.371" classname="com.focus.testcases.DesignWorkFlowOptionsTest"/>
  <testcase name="checkLinkIsOptionalIfTheDocumentIsLinkedToOtherBaseDocumentOption" time="280.527" classname="com.focus.testcases.DesignWorkFlowOptionsTest"/>
  <testcase name="checkRaiseLinkDocumentWhenBaseIsSaved" time="176.38" classname="com.focus.testcases.DesignWorkFlowOptionsTest"/>
  <testcase name="checkLoadPendingDocumentsAndBasedOnFieldOption" time="175.496" classname="com.focus.testcases.DesignWorkFlowOptionsTest"/>
  <testcase name="checkLoadPendingDocumentsAndBasedOnFieldOptionWithExtraField" time="237.015" classname="com.focus.testcases.DesignWorkFlowOptionsTest"/>
  <testcase name="CheckToleranceValueAndUseItemWiseToleranceWhenAvailableOption" time="503.597" classname="com.focus.testcases.DesignWorkFlowOptionsTest">
    <failure type="java.lang.AssertionError" message="expected [true] but found [false]">
      <![CDATA[java.lang.AssertionError: expected [true] but found [false]
	at com.focus.testcases.DesignWorkFlowOptionsTest.CheckToleranceValueAndUseItemWiseToleranceWhenAvailableOption(DesignWorkFlowOptionsTest.java:340)
... Removed 30 stack frames]]>
    </failure>
  </testcase> <!-- CheckToleranceValueAndUseItemWiseToleranceWhenAvailableOption -->
  <testcase name="checkCustomizeOptionAndHideThisColumnInControlPlusL" time="121.145" classname="com.focus.testcases.DesignWorkFlowOptionsTest">
    <failure type="java.lang.AssertionError" message="expected [true] but found [false]">
      <![CDATA[java.lang.AssertionError: expected [true] but found [false]
	at com.focus.testcases.DesignWorkFlowOptionsTest.checkCustomizeOptionAndHideThisColumnInControlPlusL(DesignWorkFlowOptionsTest.java:349)
... Removed 30 stack frames]]>
    </failure>
  </testcase> <!-- checkCustomizeOptionAndHideThisColumnInControlPlusL -->
  <testcase name="checkCustomizeOptionAndAddingExtraFieldsInControlPlusL" time="49.41" classname="com.focus.testcases.DesignWorkFlowOptionsTest"/>
  <testcase name="checkCustomizeOptionAndHideThisColumnInLineWise" time="69.772" classname="com.focus.testcases.DesignWorkFlowOptionsTest">
    <failure type="java.lang.AssertionError" message="expected [true] but found [false]">
      <![CDATA[java.lang.AssertionError: expected [true] but found [false]
	at com.focus.testcases.DesignWorkFlowOptionsTest.checkCustomizeOptionAndHideThisColumnInLineWise(DesignWorkFlowOptionsTest.java:364)
... Removed 30 stack frames]]>
    </failure>
  </testcase> <!-- checkCustomizeOptionAndHideThisColumnInLineWise -->
  <testcase name="checkCustomizeOptionAndAddingExtraFieldsInLineWise" time="27.87" classname="com.focus.testcases.DesignWorkFlowOptionsTest"/>
  <testcase name="checkRestoringForLinks" time="179.479" classname="com.focus.testcases.DesignWorkFlowOptionsTest"/>
  <testcase name="checkCloseLinkAndPartialOptionInPurchaseOrderHavingTwoLinkDocuments" time="113.369" classname="com.focus.testcases.DesignWorkFlowOptionsTest"/>
  <testcase name="checkCloseLinkOptionOnPartialRowSelectionInPurchaseOrderHavingTwoLinkDocuments" time="186.571" classname="com.focus.testcases.DesignWorkFlowOptionsTest"/>
  <testcase name="checkDeletingPurchaseFlowAndSavingNewFlowWithOneBaseAndOneLinkDocument" time="56.169" classname="com.focus.testcases.DesignWorkFlowOptionsTest"/>
  <testcase name="checkCloseLinkAndPartialOptionInPurchaseOrderHavingOneLinkDocument" time="208.679" classname="com.focus.testcases.DesignWorkFlowOptionsTest"/>
  <testcase name="checkCloseLinkOptionOnPartialRowSelectionInPurchaseOrderHavingOneLinkDocument" time="205.686" classname="com.focus.testcases.DesignWorkFlowOptionsTest"/>
  <testcase name="checkRestoringForTransactionsForOrderManagement" time="176.202" classname="com.focus.testcases.DesignWorkFlowOptionsTest"/>
  <testcase name="checkSavingPurchaseOrderAndPurchaseVoucherNPartialConsumeCloseLink" time="119.836" classname="com.focus.testcases.DesignWorkFlowOptionsTest"/>
  <testcase name="checkSavingPurchaseOrderAndPurchaseVoucherNRowWisePartialConsumeCloseLink" time="119.486" classname="com.focus.testcases.DesignWorkFlowOptionsTest"/>
  <testcase name="checkSavingPurchaseOrderVoucherForCloseLinkAndEditingLinkOptionAndSlabChangeVoucherSave" time="70.313" classname="com.focus.testcases.DesignWorkFlowOptionsTest"/>
  <testcase name="checkAuthorizingPurchaseVoucher" time="70.249" classname="com.focus.testcases.DesignWorkFlowOptionsTest"/>
  <testcase name="checkListingOfDocumentsReport" time="19.413" classname="com.focus.testcases.DesignWorkFlowOptionsTest"/>
  <testcase name="checkListingOfDocumentsByDueDateReport" time="20.336" classname="com.focus.testcases.DesignWorkFlowOptionsTest">
    <failure type="java.lang.AssertionError" message="expected [true] but found [false]">
      <![CDATA[java.lang.AssertionError: expected [true] but found [false]
	at com.focus.testcases.DesignWorkFlowOptionsTest.checkListingOfDocumentsByDueDateReport(DesignWorkFlowOptionsTest.java:488)
... Removed 30 stack frames]]>
    </failure>
  </testcase> <!-- checkListingOfDocumentsByDueDateReport -->
  <testcase name="checkAgeingOfPendingDocumentsReport" time="20.145" classname="com.focus.testcases.DesignWorkFlowOptionsTest"/>
  <testcase name="checkAgeingOfPendingDocumentsByDueDateReport" time="27.478" classname="com.focus.testcases.DesignWorkFlowOptionsTest">
    <failure type="java.lang.AssertionError" message="expected [true] but found [false]">
      <![CDATA[java.lang.AssertionError: expected [true] but found [false]
	at com.focus.testcases.DesignWorkFlowOptionsTest.checkAgeingOfPendingDocumentsByDueDateReport(DesignWorkFlowOptionsTest.java:504)
... Removed 30 stack frames]]>
    </failure>
  </testcase> <!-- checkAgeingOfPendingDocumentsByDueDateReport -->
  <testcase name="checkLinkChainAnalysisReport" time="28.571" classname="com.focus.testcases.DesignWorkFlowOptionsTest">
    <failure type="java.lang.AssertionError" message="expected [true] but found [false]">
      <![CDATA[java.lang.AssertionError: expected [true] but found [false]
	at com.focus.testcases.DesignWorkFlowOptionsTest.checkLinkChainAnalysisReport(DesignWorkFlowOptionsTest.java:511)
... Removed 30 stack frames]]>
    </failure>
  </testcase> <!-- checkLinkChainAnalysisReport -->
  <testcase name="checkPendingVoucherReport" time="20.259" classname="com.focus.testcases.DesignWorkFlowOptionsTest"/>
  <testcase name="checkValidatingAddingNewFieldInLinksCustomization" time="101.348" classname="com.focus.testcases.DesignWorkFlowOptionsTest"/>
  <testcase name="checkValidatingExportFunctionalityInLinksCustomization" time="30.241" classname="com.focus.testcases.DesignWorkFlowOptionsTest"/>
  <testcase name="checkValidatingImportFunctionalityInLinksCustomization" time="50.32" classname="com.focus.testcases.DesignWorkFlowOptionsTest"/>
  <testcase name="checkValidatingDeleteFunctionalityInLinksCustomization" time="26.563" classname="com.focus.testcases.DesignWorkFlowOptionsTest"/>
  <testcase name="checkFilterOptionsUnderPendingPurchaseOrderLink" time="154.012" classname="com.focus.testcases.DesignWorkFlowOptionsTest">
    <failure type="org.openqa.selenium.TimeoutException" message="Expected condition failed: waiting for element to be clickable: Proxy element for: DefaultElementLocator &amp;apos;By.xpath: //*[@id=&amp;apos;2050_2_DefaultFilter_0_Start&amp;apos;]&amp;apos; (tried for 50 second(s) with 500 milliseconds interval)">
      <![CDATA[org.openqa.selenium.TimeoutException: Expected condition failed: waiting for element to be clickable: Proxy element for: DefaultElementLocator 'By.xpath: //*[@id='2050_2_DefaultFilter_0_Start']' (tried for 50 second(s) with 500 milliseconds interval)
	at org.openqa.selenium.support.ui.WebDriverWait.timeoutException(WebDriverWait.java:81)
	at org.openqa.selenium.support.ui.FluentWait.until(FluentWait.java:271)
	at com.focus.base.BaseEngine.enterText(BaseEngine.java:358)
	at com.focus.Pages.DesignWorkFLowOptionsPage.checkFilterOptionsUnderPendingPurchaseOrderLink(DesignWorkFLowOptionsPage.java:21314)
	at com.focus.testcases.DesignWorkFlowOptionsTest.checkFilterOptionsUnderPendingPurchaseOrderLink(DesignWorkFlowOptionsTest.java:554)
Caused by: org.openqa.selenium.NoSuchElementException: no such element: Unable to locate element: {"method":"xpath","selector":"//*[@id='2050_2_DefaultFilter_0_Start']"}
  (Session info: chrome=108.0.5359.125)
For documentation on this error, please visit: http://seleniumhq.org/exceptions/no_such_element.html
Build info: version: '3.12.0', revision: '7c6e0b3', time: '2018-05-08T14:04:26.12Z'
System info: host: 'FOCUS-QA-133', ip: '192.168.4.108', os.name: 'Windows 10', os.arch: 'amd64', os.version: '10.0', java.version: '1.8.0_111'
Driver info: org.openqa.selenium.chrome.ChromeDriver
Capabilities {acceptInsecureCerts: false, browserName: chrome, browserVersion: 108.0.5359.125, chrome: {chromedriverVersion: 108.0.5359.71 (1e0e3868ee06..., userDataDir: C:\Users\Sanjeev\AppData\Lo...}, goog:chromeOptions: {debuggerAddress: localhost:63249}, javascriptEnabled: true, networkConnectionEnabled: false, pageLoadStrategy: normal, platform: WINDOWS, platformName: WINDOWS, proxy: Proxy(), setWindowRect: true, strictFileInteractability: false, timeouts: {implicit: 0, pageLoad: 300000, script: 30000}, unhandledPromptBehavior: dismiss and notify, webauthn:extension:credBlob: true, webauthn:extension:largeBlob: true, webauthn:virtualAuthenticators: true}
Session ID: 9f4d8ec408940af432d56582dd94ed9d
*** Element info: {Using=xpath, value=//*[@id='2050_2_DefaultFilter_0_Start']}
	at org.openqa.selenium.remote.http.W3CHttpResponseCodec.createException(W3CHttpResponseCodec.java:187)
	at org.openqa.selenium.remote.http.W3CHttpResponseCodec.decode(W3CHttpResponseCodec.java:122)
	at org.openqa.selenium.remote.http.W3CHttpResponseCodec.decode(W3CHttpResponseCodec.java:49)
	at org.openqa.selenium.remote.HttpCommandExecutor.execute(HttpCommandExecutor.java:158)
	at org.openqa.selenium.remote.service.DriverCommandExecutor.execute(DriverCommandExecutor.java:83)
	at org.openqa.selenium.remote.RemoteWebDriver.execute(RemoteWebDriver.java:543)
	at org.openqa.selenium.remote.RemoteWebDriver.findElement(RemoteWebDriver.java:317)
	at org.openqa.selenium.remote.RemoteWebDriver.findElementByXPath(RemoteWebDriver.java:419)
	at org.openqa.selenium.By$ByXPath.findElement(By.java:353)
	at org.openqa.selenium.remote.RemoteWebDriver.findElement(RemoteWebDriver.java:309)
	at org.openqa.selenium.support.pagefactory.DefaultElementLocator.findElement(DefaultElementLocator.java:69)
	at org.openqa.selenium.support.pagefactory.internal.LocatingElementHandler.invoke(LocatingElementHandler.java:38)
	at com.sun.proxy.$Proxy15.isDisplayed(Unknown Source)
	at org.openqa.selenium.support.ui.ExpectedConditions.elementIfVisible(ExpectedConditions.java:315)
	at org.openqa.selenium.support.ui.ExpectedConditions.access$100(ExpectedConditions.java:44)
	at org.openqa.selenium.support.ui.ExpectedConditions$10.apply(ExpectedConditions.java:301)
	at org.openqa.selenium.support.ui.ExpectedConditions$10.apply(ExpectedConditions.java:298)
	at org.openqa.selenium.support.ui.ExpectedConditions$23.apply(ExpectedConditions.java:686)
	at org.openqa.selenium.support.ui.ExpectedConditions$23.apply(ExpectedConditions.java:682)
	at org.openqa.selenium.support.ui.FluentWait.until(FluentWait.java:248)
	... 27 more
... Removed 27 stack frames]]>
    </failure>
  </testcase> <!-- checkFilterOptionsUnderPendingPurchaseOrderLink -->
  <testcase name="checkCannotExceedTheBaseValueOptionForMultipleRowsWithSameItem" time="1.245" classname="com.focus.testcases.DesignWorkFlowOptionsTest">
    <failure type="org.openqa.selenium.ElementClickInterceptedException" message="element click intercepted: Element &amp;lt;span class=&amp;quot;icon-home icon-font1&amp;quot;&amp;gt;&amp;lt;/span&amp;gt; is not clickable at point (57, 80). Other element would receive the click: &amp;lt;div id=&amp;quot;dv_HomeFilter&amp;quot; class=&amp;quot;modal fade in&amp;quot; data-backdrop=&amp;quot;static&amp;quot; style=&amp;quot;display: block;&amp;quot;&amp;gt;...&amp;lt;/div&amp;gt;
  (Session info: chrome=108.0.5359.125)
Build info: version: &amp;apos;3.12.0&amp;apos;, revision: &amp;apos;7c6e0b3&amp;apos;, time: &amp;apos;2018-05-08T14:04:26.12Z&amp;apos;
System info: host: &amp;apos;FOCUS-QA-133&amp;apos;, ip: &amp;apos;192.168.4.108&amp;apos;, os.name: &amp;apos;Windows 10&amp;apos;, os.arch: &amp;apos;amd64&amp;apos;, os.version: &amp;apos;10.0&amp;apos;, java.version: &amp;apos;1.8.0_111&amp;apos;
Driver info: org.openqa.selenium.chrome.ChromeDriver
Capabilities {acceptInsecureCerts: false, browserName: chrome, browserVersion: 108.0.5359.125, chrome: {chromedriverVersion: 108.0.5359.71 (1e0e3868ee06..., userDataDir: C:\Users\Sanjeev\AppData\Lo...}, goog:chromeOptions: {debuggerAddress: localhost:63249}, javascriptEnabled: true, networkConnectionEnabled: false, pageLoadStrategy: normal, platform: WINDOWS, platformName: WINDOWS, proxy: Proxy(), setWindowRect: true, strictFileInteractability: false, timeouts: {implicit: 0, pageLoad: 300000, script: 30000}, unhandledPromptBehavior: dismiss and notify, webauthn:extension:credBlob: true, webauthn:extension:largeBlob: true, webauthn:virtualAuthenticators: true}
Session ID: 9f4d8ec408940af432d56582dd94ed9d">
      <![CDATA[org.openqa.selenium.ElementClickInterceptedException: element click intercepted: Element <span class="icon-home icon-font1"></span> is not clickable at point (57, 80). Other element would receive the click: <div id="dv_HomeFilter" class="modal fade in" data-backdrop="static" style="display: block;">...</div>
  (Session info: chrome=108.0.5359.125)
Build info: version: '3.12.0', revision: '7c6e0b3', time: '2018-05-08T14:04:26.12Z'
System info: host: 'FOCUS-QA-133', ip: '192.168.4.108', os.name: 'Windows 10', os.arch: 'amd64', os.version: '10.0', java.version: '1.8.0_111'
Driver info: org.openqa.selenium.chrome.ChromeDriver
Capabilities {acceptInsecureCerts: false, browserName: chrome, browserVersion: 108.0.5359.125, chrome: {chromedriverVersion: 108.0.5359.71 (1e0e3868ee06..., userDataDir: C:\Users\Sanjeev\AppData\Lo...}, goog:chromeOptions: {debuggerAddress: localhost:63249}, javascriptEnabled: true, networkConnectionEnabled: false, pageLoadStrategy: normal, platform: WINDOWS, platformName: WINDOWS, proxy: Proxy(), setWindowRect: true, strictFileInteractability: false, timeouts: {implicit: 0, pageLoad: 300000, script: 30000}, unhandledPromptBehavior: dismiss and notify, webauthn:extension:credBlob: true, webauthn:extension:largeBlob: true, webauthn:virtualAuthenticators: true}
Session ID: 9f4d8ec408940af432d56582dd94ed9d
	at org.openqa.selenium.remote.http.W3CHttpResponseCodec.createException(W3CHttpResponseCodec.java:187)
	at org.openqa.selenium.remote.http.W3CHttpResponseCodec.decode(W3CHttpResponseCodec.java:122)
	at org.openqa.selenium.remote.http.W3CHttpResponseCodec.decode(W3CHttpResponseCodec.java:49)
	at org.openqa.selenium.remote.HttpCommandExecutor.execute(HttpCommandExecutor.java:158)
	at org.openqa.selenium.remote.service.DriverCommandExecutor.execute(DriverCommandExecutor.java:83)
	at org.openqa.selenium.remote.RemoteWebDriver.execute(RemoteWebDriver.java:543)
	at org.openqa.selenium.remote.RemoteWebElement.execute(RemoteWebElement.java:276)
	at org.openqa.selenium.remote.RemoteWebElement.click(RemoteWebElement.java:83)
	at org.openqa.selenium.support.pagefactory.internal.LocatingElementHandler.invoke(LocatingElementHandler.java:51)
	at com.sun.proxy.$Proxy15.click(Unknown Source)
	at com.focus.Pages.DesignWorkFLowOptionsPage.checkEraseAllTransactions(DesignWorkFLowOptionsPage.java:1615)
	at com.focus.Pages.DesignWorkFLowOptionsPage.checkEraseAllTransactionsLogoutAndLogin(DesignWorkFLowOptionsPage.java:1522)
	at com.focus.Pages.DesignWorkFLowOptionsPage.checkCannotExceedTheBaseValueOptionForMultipleRowsWithSameItem(DesignWorkFLowOptionsPage.java:21742)
	at com.focus.testcases.DesignWorkFlowOptionsTest.checkCannotExceedTheBaseValueOptionForMultipleRowsWithSameItem(DesignWorkFlowOptionsTest.java:561)
... Removed 31 stack frames]]>
    </failure>
  </testcase> <!-- checkCannotExceedTheBaseValueOptionForMultipleRowsWithSameItem -->
  <testcase name="checkCannotExceedTheBaseValueOptionForMultipleRowsWithDifferentItem" time="1.163" classname="com.focus.testcases.DesignWorkFlowOptionsTest">
    <failure type="org.openqa.selenium.ElementClickInterceptedException" message="element click intercepted: Element &amp;lt;div&amp;gt;...&amp;lt;/div&amp;gt; is not clickable at point (57, 252). Other element would receive the click: &amp;lt;div id=&amp;quot;dv_HomeFilter&amp;quot; class=&amp;quot;modal fade in&amp;quot; data-backdrop=&amp;quot;static&amp;quot; style=&amp;quot;display: block;&amp;quot;&amp;gt;...&amp;lt;/div&amp;gt;
  (Session info: chrome=108.0.5359.125)
Build info: version: &amp;apos;3.12.0&amp;apos;, revision: &amp;apos;7c6e0b3&amp;apos;, time: &amp;apos;2018-05-08T14:04:26.12Z&amp;apos;
System info: host: &amp;apos;FOCUS-QA-133&amp;apos;, ip: &amp;apos;192.168.4.108&amp;apos;, os.name: &amp;apos;Windows 10&amp;apos;, os.arch: &amp;apos;amd64&amp;apos;, os.version: &amp;apos;10.0&amp;apos;, java.version: &amp;apos;1.8.0_111&amp;apos;
Driver info: org.openqa.selenium.chrome.ChromeDriver
Capabilities {acceptInsecureCerts: false, browserName: chrome, browserVersion: 108.0.5359.125, chrome: {chromedriverVersion: 108.0.5359.71 (1e0e3868ee06..., userDataDir: C:\Users\Sanjeev\AppData\Lo...}, goog:chromeOptions: {debuggerAddress: localhost:63249}, javascriptEnabled: true, networkConnectionEnabled: false, pageLoadStrategy: normal, platform: WINDOWS, platformName: WINDOWS, proxy: Proxy(), setWindowRect: true, strictFileInteractability: false, timeouts: {implicit: 0, pageLoad: 300000, script: 30000}, unhandledPromptBehavior: dismiss and notify, webauthn:extension:credBlob: true, webauthn:extension:largeBlob: true, webauthn:virtualAuthenticators: true}
Session ID: 9f4d8ec408940af432d56582dd94ed9d">
      <![CDATA[org.openqa.selenium.ElementClickInterceptedException: element click intercepted: Element <div>...</div> is not clickable at point (57, 252). Other element would receive the click: <div id="dv_HomeFilter" class="modal fade in" data-backdrop="static" style="display: block;">...</div>
  (Session info: chrome=108.0.5359.125)
Build info: version: '3.12.0', revision: '7c6e0b3', time: '2018-05-08T14:04:26.12Z'
System info: host: 'FOCUS-QA-133', ip: '192.168.4.108', os.name: 'Windows 10', os.arch: 'amd64', os.version: '10.0', java.version: '1.8.0_111'
Driver info: org.openqa.selenium.chrome.ChromeDriver
Capabilities {acceptInsecureCerts: false, browserName: chrome, browserVersion: 108.0.5359.125, chrome: {chromedriverVersion: 108.0.5359.71 (1e0e3868ee06..., userDataDir: C:\Users\Sanjeev\AppData\Lo...}, goog:chromeOptions: {debuggerAddress: localhost:63249}, javascriptEnabled: true, networkConnectionEnabled: false, pageLoadStrategy: normal, platform: WINDOWS, platformName: WINDOWS, proxy: Proxy(), setWindowRect: true, strictFileInteractability: false, timeouts: {implicit: 0, pageLoad: 300000, script: 30000}, unhandledPromptBehavior: dismiss and notify, webauthn:extension:credBlob: true, webauthn:extension:largeBlob: true, webauthn:virtualAuthenticators: true}
Session ID: 9f4d8ec408940af432d56582dd94ed9d
	at org.openqa.selenium.remote.http.W3CHttpResponseCodec.createException(W3CHttpResponseCodec.java:187)
	at org.openqa.selenium.remote.http.W3CHttpResponseCodec.decode(W3CHttpResponseCodec.java:122)
	at org.openqa.selenium.remote.http.W3CHttpResponseCodec.decode(W3CHttpResponseCodec.java:49)
	at org.openqa.selenium.remote.HttpCommandExecutor.execute(HttpCommandExecutor.java:158)
	at org.openqa.selenium.remote.service.DriverCommandExecutor.execute(DriverCommandExecutor.java:83)
	at org.openqa.selenium.remote.RemoteWebDriver.execute(RemoteWebDriver.java:543)
	at org.openqa.selenium.remote.RemoteWebElement.execute(RemoteWebElement.java:276)
	at org.openqa.selenium.remote.RemoteWebElement.click(RemoteWebElement.java:83)
	at org.openqa.selenium.support.pagefactory.internal.LocatingElementHandler.invoke(LocatingElementHandler.java:51)
	at com.sun.proxy.$Proxy15.click(Unknown Source)
	at com.focus.Pages.DesignWorkFLowOptionsPage.checkCannotExceedTheBaseValueOptionForMultipleRowsWithDifferentItem(DesignWorkFLowOptionsPage.java:22492)
	at com.focus.testcases.DesignWorkFlowOptionsTest.checkCannotExceedTheBaseValueOptionForMultipleRowsWithDifferentItem(DesignWorkFlowOptionsTest.java:568)
... Removed 31 stack frames]]>
    </failure>
  </testcase> <!-- checkCannotExceedTheBaseValueOptionForMultipleRowsWithDifferentItem -->
  <testcase name="checkCannotExceedTheBaseValueOptionForMultipleRowsWithSameItem1" time="1.168" classname="com.focus.testcases.DesignWorkFlowOptionsTest">
    <failure type="org.openqa.selenium.ElementClickInterceptedException" message="element click intercepted: Element &amp;lt;div&amp;gt;...&amp;lt;/div&amp;gt; is not clickable at point (57, 252). Other element would receive the click: &amp;lt;div id=&amp;quot;dv_HomeFilter&amp;quot; class=&amp;quot;modal fade in&amp;quot; data-backdrop=&amp;quot;static&amp;quot; style=&amp;quot;display: block;&amp;quot;&amp;gt;...&amp;lt;/div&amp;gt;
  (Session info: chrome=108.0.5359.125)
Build info: version: &amp;apos;3.12.0&amp;apos;, revision: &amp;apos;7c6e0b3&amp;apos;, time: &amp;apos;2018-05-08T14:04:26.12Z&amp;apos;
System info: host: &amp;apos;FOCUS-QA-133&amp;apos;, ip: &amp;apos;192.168.4.108&amp;apos;, os.name: &amp;apos;Windows 10&amp;apos;, os.arch: &amp;apos;amd64&amp;apos;, os.version: &amp;apos;10.0&amp;apos;, java.version: &amp;apos;1.8.0_111&amp;apos;
Driver info: org.openqa.selenium.chrome.ChromeDriver
Capabilities {acceptInsecureCerts: false, browserName: chrome, browserVersion: 108.0.5359.125, chrome: {chromedriverVersion: 108.0.5359.71 (1e0e3868ee06..., userDataDir: C:\Users\Sanjeev\AppData\Lo...}, goog:chromeOptions: {debuggerAddress: localhost:63249}, javascriptEnabled: true, networkConnectionEnabled: false, pageLoadStrategy: normal, platform: WINDOWS, platformName: WINDOWS, proxy: Proxy(), setWindowRect: true, strictFileInteractability: false, timeouts: {implicit: 0, pageLoad: 300000, script: 30000}, unhandledPromptBehavior: dismiss and notify, webauthn:extension:credBlob: true, webauthn:extension:largeBlob: true, webauthn:virtualAuthenticators: true}
Session ID: 9f4d8ec408940af432d56582dd94ed9d">
      <![CDATA[org.openqa.selenium.ElementClickInterceptedException: element click intercepted: Element <div>...</div> is not clickable at point (57, 252). Other element would receive the click: <div id="dv_HomeFilter" class="modal fade in" data-backdrop="static" style="display: block;">...</div>
  (Session info: chrome=108.0.5359.125)
Build info: version: '3.12.0', revision: '7c6e0b3', time: '2018-05-08T14:04:26.12Z'
System info: host: 'FOCUS-QA-133', ip: '192.168.4.108', os.name: 'Windows 10', os.arch: 'amd64', os.version: '10.0', java.version: '1.8.0_111'
Driver info: org.openqa.selenium.chrome.ChromeDriver
Capabilities {acceptInsecureCerts: false, browserName: chrome, browserVersion: 108.0.5359.125, chrome: {chromedriverVersion: 108.0.5359.71 (1e0e3868ee06..., userDataDir: C:\Users\Sanjeev\AppData\Lo...}, goog:chromeOptions: {debuggerAddress: localhost:63249}, javascriptEnabled: true, networkConnectionEnabled: false, pageLoadStrategy: normal, platform: WINDOWS, platformName: WINDOWS, proxy: Proxy(), setWindowRect: true, strictFileInteractability: false, timeouts: {implicit: 0, pageLoad: 300000, script: 30000}, unhandledPromptBehavior: dismiss and notify, webauthn:extension:credBlob: true, webauthn:extension:largeBlob: true, webauthn:virtualAuthenticators: true}
Session ID: 9f4d8ec408940af432d56582dd94ed9d
	at org.openqa.selenium.remote.http.W3CHttpResponseCodec.createException(W3CHttpResponseCodec.java:187)
	at org.openqa.selenium.remote.http.W3CHttpResponseCodec.decode(W3CHttpResponseCodec.java:122)
	at org.openqa.selenium.remote.http.W3CHttpResponseCodec.decode(W3CHttpResponseCodec.java:49)
	at org.openqa.selenium.remote.HttpCommandExecutor.execute(HttpCommandExecutor.java:158)
	at org.openqa.selenium.remote.service.DriverCommandExecutor.execute(DriverCommandExecutor.java:83)
	at org.openqa.selenium.remote.RemoteWebDriver.execute(RemoteWebDriver.java:543)
	at org.openqa.selenium.remote.RemoteWebElement.execute(RemoteWebElement.java:276)
	at org.openqa.selenium.remote.RemoteWebElement.click(RemoteWebElement.java:83)
	at org.openqa.selenium.support.pagefactory.internal.LocatingElementHandler.invoke(LocatingElementHandler.java:51)
	at com.sun.proxy.$Proxy15.click(Unknown Source)
	at com.focus.Pages.DesignWorkFLowOptionsPage.checkCannotExceedTheBaseValueOptionForMultipleRowsWithSameItem1(DesignWorkFLowOptionsPage.java:23812)
	at com.focus.testcases.DesignWorkFlowOptionsTest.checkCannotExceedTheBaseValueOptionForMultipleRowsWithSameItem1(DesignWorkFlowOptionsTest.java:575)
... Removed 31 stack frames]]>
    </failure>
  </testcase> <!-- checkCannotExceedTheBaseValueOptionForMultipleRowsWithSameItem1 -->
  <testcase name="checkCannotExceedTheBaseValueOptionOnEditing" time="1.218" classname="com.focus.testcases.DesignWorkFlowOptionsTest">
    <failure type="org.openqa.selenium.ElementClickInterceptedException" message="element click intercepted: Element &amp;lt;span class=&amp;quot;icon-settings icon-font1&amp;quot;&amp;gt;&amp;lt;/span&amp;gt; is not clickable at point (57, 535). Other element would receive the click: &amp;lt;div id=&amp;quot;dv_HomeFilter&amp;quot; class=&amp;quot;modal fade in&amp;quot; data-backdrop=&amp;quot;static&amp;quot; style=&amp;quot;display: block;&amp;quot;&amp;gt;...&amp;lt;/div&amp;gt;
  (Session info: chrome=108.0.5359.125)
Build info: version: &amp;apos;3.12.0&amp;apos;, revision: &amp;apos;7c6e0b3&amp;apos;, time: &amp;apos;2018-05-08T14:04:26.12Z&amp;apos;
System info: host: &amp;apos;FOCUS-QA-133&amp;apos;, ip: &amp;apos;192.168.4.108&amp;apos;, os.name: &amp;apos;Windows 10&amp;apos;, os.arch: &amp;apos;amd64&amp;apos;, os.version: &amp;apos;10.0&amp;apos;, java.version: &amp;apos;1.8.0_111&amp;apos;
Driver info: org.openqa.selenium.chrome.ChromeDriver
Capabilities {acceptInsecureCerts: false, browserName: chrome, browserVersion: 108.0.5359.125, chrome: {chromedriverVersion: 108.0.5359.71 (1e0e3868ee06..., userDataDir: C:\Users\Sanjeev\AppData\Lo...}, goog:chromeOptions: {debuggerAddress: localhost:63249}, javascriptEnabled: true, networkConnectionEnabled: false, pageLoadStrategy: normal, platform: WINDOWS, platformName: WINDOWS, proxy: Proxy(), setWindowRect: true, strictFileInteractability: false, timeouts: {implicit: 0, pageLoad: 300000, script: 30000}, unhandledPromptBehavior: dismiss and notify, webauthn:extension:credBlob: true, webauthn:extension:largeBlob: true, webauthn:virtualAuthenticators: true}
Session ID: 9f4d8ec408940af432d56582dd94ed9d">
      <![CDATA[org.openqa.selenium.ElementClickInterceptedException: element click intercepted: Element <span class="icon-settings icon-font1"></span> is not clickable at point (57, 535). Other element would receive the click: <div id="dv_HomeFilter" class="modal fade in" data-backdrop="static" style="display: block;">...</div>
  (Session info: chrome=108.0.5359.125)
Build info: version: '3.12.0', revision: '7c6e0b3', time: '2018-05-08T14:04:26.12Z'
System info: host: 'FOCUS-QA-133', ip: '192.168.4.108', os.name: 'Windows 10', os.arch: 'amd64', os.version: '10.0', java.version: '1.8.0_111'
Driver info: org.openqa.selenium.chrome.ChromeDriver
Capabilities {acceptInsecureCerts: false, browserName: chrome, browserVersion: 108.0.5359.125, chrome: {chromedriverVersion: 108.0.5359.71 (1e0e3868ee06..., userDataDir: C:\Users\Sanjeev\AppData\Lo...}, goog:chromeOptions: {debuggerAddress: localhost:63249}, javascriptEnabled: true, networkConnectionEnabled: false, pageLoadStrategy: normal, platform: WINDOWS, platformName: WINDOWS, proxy: Proxy(), setWindowRect: true, strictFileInteractability: false, timeouts: {implicit: 0, pageLoad: 300000, script: 30000}, unhandledPromptBehavior: dismiss and notify, webauthn:extension:credBlob: true, webauthn:extension:largeBlob: true, webauthn:virtualAuthenticators: true}
Session ID: 9f4d8ec408940af432d56582dd94ed9d
	at org.openqa.selenium.remote.http.W3CHttpResponseCodec.createException(W3CHttpResponseCodec.java:187)
	at org.openqa.selenium.remote.http.W3CHttpResponseCodec.decode(W3CHttpResponseCodec.java:122)
	at org.openqa.selenium.remote.http.W3CHttpResponseCodec.decode(W3CHttpResponseCodec.java:49)
	at org.openqa.selenium.remote.HttpCommandExecutor.execute(HttpCommandExecutor.java:158)
	at org.openqa.selenium.remote.service.DriverCommandExecutor.execute(DriverCommandExecutor.java:83)
	at org.openqa.selenium.remote.RemoteWebDriver.execute(RemoteWebDriver.java:543)
	at org.openqa.selenium.remote.RemoteWebElement.execute(RemoteWebElement.java:276)
	at org.openqa.selenium.remote.RemoteWebElement.click(RemoteWebElement.java:83)
	at org.openqa.selenium.support.pagefactory.internal.LocatingElementHandler.invoke(LocatingElementHandler.java:51)
	at com.sun.proxy.$Proxy15.click(Unknown Source)
	at com.focus.Pages.DesignWorkFLowOptionsPage.checkCannotExceedTheBaseValueOptionOnEditing(DesignWorkFLowOptionsPage.java:24791)
	at com.focus.testcases.DesignWorkFlowOptionsTest.checkCannotExceedTheBaseValueOptionOnEditing(DesignWorkFlowOptionsTest.java:582)
... Removed 31 stack frames]]>
    </failure>
  </testcase> <!-- checkCannotExceedTheBaseValueOptionOnEditing -->
  <testcase name="checkLogout" time="1.181" classname="com.focus.testcases.DesignWorkFlowOptionsTest">
    <failure type="org.openqa.selenium.ElementClickInterceptedException" message="element click intercepted: Element &amp;lt;span class=&amp;quot;hidden-xs&amp;quot;&amp;gt;...&amp;lt;/span&amp;gt; is not clickable at point (1223, 23). Other element would receive the click: &amp;lt;div id=&amp;quot;dv_HomeFilter&amp;quot; class=&amp;quot;modal fade in&amp;quot; data-backdrop=&amp;quot;static&amp;quot; style=&amp;quot;display: block;&amp;quot;&amp;gt;...&amp;lt;/div&amp;gt;
  (Session info: chrome=108.0.5359.125)
Build info: version: &amp;apos;3.12.0&amp;apos;, revision: &amp;apos;7c6e0b3&amp;apos;, time: &amp;apos;2018-05-08T14:04:26.12Z&amp;apos;
System info: host: &amp;apos;FOCUS-QA-133&amp;apos;, ip: &amp;apos;192.168.4.108&amp;apos;, os.name: &amp;apos;Windows 10&amp;apos;, os.arch: &amp;apos;amd64&amp;apos;, os.version: &amp;apos;10.0&amp;apos;, java.version: &amp;apos;1.8.0_111&amp;apos;
Driver info: org.openqa.selenium.chrome.ChromeDriver
Capabilities {acceptInsecureCerts: false, browserName: chrome, browserVersion: 108.0.5359.125, chrome: {chromedriverVersion: 108.0.5359.71 (1e0e3868ee06..., userDataDir: C:\Users\Sanjeev\AppData\Lo...}, goog:chromeOptions: {debuggerAddress: localhost:63249}, javascriptEnabled: true, networkConnectionEnabled: false, pageLoadStrategy: normal, platform: WINDOWS, platformName: WINDOWS, proxy: Proxy(), setWindowRect: true, strictFileInteractability: false, timeouts: {implicit: 0, pageLoad: 300000, script: 30000}, unhandledPromptBehavior: dismiss and notify, webauthn:extension:credBlob: true, webauthn:extension:largeBlob: true, webauthn:virtualAuthenticators: true}
Session ID: 9f4d8ec408940af432d56582dd94ed9d">
      <![CDATA[org.openqa.selenium.ElementClickInterceptedException: element click intercepted: Element <span class="hidden-xs">...</span> is not clickable at point (1223, 23). Other element would receive the click: <div id="dv_HomeFilter" class="modal fade in" data-backdrop="static" style="display: block;">...</div>
  (Session info: chrome=108.0.5359.125)
Build info: version: '3.12.0', revision: '7c6e0b3', time: '2018-05-08T14:04:26.12Z'
System info: host: 'FOCUS-QA-133', ip: '192.168.4.108', os.name: 'Windows 10', os.arch: 'amd64', os.version: '10.0', java.version: '1.8.0_111'
Driver info: org.openqa.selenium.chrome.ChromeDriver
Capabilities {acceptInsecureCerts: false, browserName: chrome, browserVersion: 108.0.5359.125, chrome: {chromedriverVersion: 108.0.5359.71 (1e0e3868ee06..., userDataDir: C:\Users\Sanjeev\AppData\Lo...}, goog:chromeOptions: {debuggerAddress: localhost:63249}, javascriptEnabled: true, networkConnectionEnabled: false, pageLoadStrategy: normal, platform: WINDOWS, platformName: WINDOWS, proxy: Proxy(), setWindowRect: true, strictFileInteractability: false, timeouts: {implicit: 0, pageLoad: 300000, script: 30000}, unhandledPromptBehavior: dismiss and notify, webauthn:extension:credBlob: true, webauthn:extension:largeBlob: true, webauthn:virtualAuthenticators: true}
Session ID: 9f4d8ec408940af432d56582dd94ed9d
	at org.openqa.selenium.remote.http.W3CHttpResponseCodec.createException(W3CHttpResponseCodec.java:187)
	at org.openqa.selenium.remote.http.W3CHttpResponseCodec.decode(W3CHttpResponseCodec.java:122)
	at org.openqa.selenium.remote.http.W3CHttpResponseCodec.decode(W3CHttpResponseCodec.java:49)
	at org.openqa.selenium.remote.HttpCommandExecutor.execute(HttpCommandExecutor.java:158)
	at org.openqa.selenium.remote.service.DriverCommandExecutor.execute(DriverCommandExecutor.java:83)
	at org.openqa.selenium.remote.RemoteWebDriver.execute(RemoteWebDriver.java:543)
	at org.openqa.selenium.remote.RemoteWebElement.execute(RemoteWebElement.java:276)
	at org.openqa.selenium.remote.RemoteWebElement.click(RemoteWebElement.java:83)
	at org.openqa.selenium.support.pagefactory.internal.LocatingElementHandler.invoke(LocatingElementHandler.java:51)
	at com.sun.proxy.$Proxy15.click(Unknown Source)
	at com.focus.Pages.DesignWorkFLowOptionsPage.checkLogout(DesignWorkFLowOptionsPage.java:25332)
	at com.focus.testcases.DesignWorkFlowOptionsTest.checkLogout(DesignWorkFlowOptionsTest.java:590)
... Removed 31 stack frames]]>
    </failure>
  </testcase> <!-- checkLogout -->
</testsuite> <!-- Test -->
