<!DOCTYPE html PUBLIC "-//W3C//DTD XHTML 1.1//EN" "http://www.w3.org/TR/xhtml11/DTD/xhtml11.dtd">
<html xmlns="http://www.w3.org/1999/xhtml"><head><title>TestNG Report</title><style type="text/css">table {margin-bottom:10px;border-collapse:collapse;empty-cells:show}th,td {border:1px solid #009;padding:.25em .5em}th {vertical-align:bottom}td {vertical-align:top}table a {font-weight:bold}.stripe td {background-color: #E6EBF9}.num {text-align:right}.passedodd td {background-color: #3F3}.passedeven td {background-color: #0A0}.skippedodd td {background-color: #DDD}.skippedeven td {background-color: #CCC}.failedodd td,.attn {background-color: #F33}.failedeven td,.stripe .attn {background-color: #D00}.stacktrace {white-space:pre;font-family:monospace}.totop {font-size:85%;text-align:center;border-bottom:2px solid #000}</style></head><body><table><tr><th>Test</th><th># Passed</th><th># Skipped</th><th># Failed</th><th>Time (ms)</th><th>Included Groups</th><th>Excluded Groups</th></tr><tr><th colspan="7">Suite</th></tr><tr><td><a href="#t0">Test</a></td><td class="num">250</td><td class="num">0</td><td class="num attn">20</td><td class="num">14,606,195</td><td></td><td></td></tr></table><table><thead><tr><th>Class</th><th>Method</th><th>Start</th><th>Time (ms)</th></tr></thead><tbody><tr><th colspan="4">Suite</th></tr></tbody><tbody id="t0"><tr><th colspan="4">Test &#8212; failed</th></tr><tr class="failedeven"><td rowspan="7">com.focus.testcases.BatchNegativeTestingOptionsTest</td><td><a href="#m0">checkAuthorisedVoucherInSalesOrder</a></td><td rowspan="1">1672773400125</td><td rowspan="1">32008</td></tr><tr class="failedeven"><td><a href="#m1">checkReSavingPurchaseVoucherVATVoucher1WithCurrentDate</a></td><td rowspan="1">1672766614659</td><td rowspan="1">25385</td></tr><tr class="failedeven"><td><a href="#m2">checkReSavingPurchaseVoucherVATVoucher1WithDateNextToCurrentDateAfterSuspendingSalesInvoice</a></td><td rowspan="1">1672766564034</td><td rowspan="1">25394</td></tr><tr class="failedeven"><td><a href="#m3">checkSavingSIWithLoadingLinks</a></td><td rowspan="1">1672772802918</td><td rowspan="1">52357</td></tr><tr class="failedeven"><td><a href="#m4">checkSavingSalesInvoiceVoucherWithLinks</a></td><td rowspan="1">1672771735969</td><td rowspan="1">57259</td></tr><tr class="failedeven"><td><a href="#m5">checkSavingVoucherInSalesInvoice2AfterSusoendingVocher1</a></td><td rowspan="1">1672770770817</td><td rowspan="1">122424</td></tr><tr class="failedeven"><td><a href="#m6">checksavingsalesInvoiceVATAfterTwoVouchersAuthorised</a></td><td rowspan="1">1672773432260</td><td rowspan="1">18681</td></tr><tr class="failedodd"><td rowspan="13">com.focus.testcases.DesignWorkFlowOptionsTest</td><td><a href="#m7">CheckToleranceValueAndUseItemWiseToleranceWhenAvailableOption</a></td><td rowspan="1">1672777821089</td><td rowspan="1">503597</td></tr><tr class="failedodd"><td><a href="#m8">checkAgeingOfPendingDocumentsByDueDateReport</a></td><td rowspan="1">1672780159344</td><td rowspan="1">27478</td></tr><tr class="failedodd"><td><a href="#m9">checkCannotExceedTheBaseValueOptionForMultipleRowsWithDifferentItem</a></td><td rowspan="1">1672780599869</td><td rowspan="1">1163</td></tr><tr class="failedodd"><td><a href="#m10">checkCannotExceedTheBaseValueOptionForMultipleRowsWithSameItem</a></td><td rowspan="1">1672780598495</td><td rowspan="1">1245</td></tr><tr class="failedodd"><td><a href="#m11">checkCannotExceedTheBaseValueOptionForMultipleRowsWithSameItem1</a></td><td rowspan="1">1672780601151</td><td rowspan="1">1168</td></tr><tr class="failedodd"><td><a href="#m12">checkCannotExceedTheBaseValueOptionOnEditing</a></td><td rowspan="1">1672780602445</td><td rowspan="1">1218</td></tr><tr class="failedodd"><td><a href="#m13">checkConsolidateOnDocumentWhenDisplayingInSelection</a></td><td rowspan="1">1672774509022</td><td rowspan="1">153911</td></tr><tr class="failedodd"><td><a href="#m14">checkCustomizeOptionAndHideThisColumnInControlPlusL</a></td><td rowspan="1">1672778324800</td><td rowspan="1">121145</td></tr><tr class="failedodd"><td><a href="#m15">checkCustomizeOptionAndHideThisColumnInLineWise</a></td><td rowspan="1">1672778495495</td><td rowspan="1">69772</td></tr><tr class="failedodd"><td><a href="#m16">checkFilterOptionsUnderPendingPurchaseOrderLink</a></td><td rowspan="1">1672780444356</td><td rowspan="1">154012</td></tr><tr class="failedodd"><td><a href="#m17">checkLinkChainAnalysisReport</a></td><td rowspan="1">1672780186934</td><td rowspan="1">28571</td></tr><tr class="failedodd"><td><a href="#m18">checkListingOfDocumentsByDueDateReport</a></td><td rowspan="1">1672780118746</td><td rowspan="1">20336</td></tr><tr class="failedodd"><td><a href="#m19">checkLogout</a></td><td rowspan="1">1672780603793</td><td rowspan="1">1181</td></tr><tr><th colspan="4">Test &#8212; passed</th></tr><tr class="passedeven"><td rowspan="190">com.focus.testcases.BatchNegativeTestingOptionsTest</td><td><a href="#m20">chechAuthoriseVoucher2AfterAuthorisation1stVoucher</a></td><td rowspan="1">1672770624569</td><td rowspan="1">14734</td></tr><tr class="passedeven"><td><a href="#m21">checkAddingLinkFromPurchaseVoucherVATToSalesInvoiceN</a></td><td rowspan="1">1672767822986</td><td rowspan="1">52195</td></tr><tr class="passedeven"><td><a href="#m22">checkAuthorisationOFSalesInvoiceDocumentWithoutEnablingInventoryOptionUnderkeepUnposted</a></td><td rowspan="1">1672769685674</td><td rowspan="1">35518</td></tr><tr class="passedeven"><td><a href="#m23">checkBatchPopupInSalesInvoiceVATVoucher2ByLoadingFromWorkflowAndSelectingSalesOrderDoc2</a></td><td rowspan="1">1672769081831</td><td rowspan="1">28754</td></tr><tr class="passedeven"><td><a href="#m24">checkBatchPopupInSalesInvoiceVATVoucher2ByLoadingFromWorkflowAndSelectingSalesOrderDoc2AfterEnablingInputBatchEvenIfStockIsNotUpdated</a></td><td rowspan="1">1672769524672</td><td rowspan="1">29094</td></tr><tr class="passedeven"><td><a href="#m25">checkBatchPopupIsDisplayingWithValuesInSalesInvoiceVATVoucher1AfterEnablingAllowBatchNegativeQuantityOption</a></td><td rowspan="1">1672766154403</td><td rowspan="1">46623</td></tr><tr class="passedeven"><td><a href="#m26">checkBatchPopupIsDisplayingWithValuesInSalesInvoiceVATVoucher1AfterSavingPurchaseVoucher1</a></td><td rowspan="1">1672767430932</td><td rowspan="1">88038</td></tr><tr class="passedeven"><td><a href="#m27">checkBatchPopupIsDisplayingWithValuesInSalesInvoiceVATVoucher1WithQuantity11</a></td><td rowspan="1">1672766377491</td><td rowspan="1">45701</td></tr><tr class="passedeven"><td><a href="#m28">checkBatchPopupValuesInDeliveryNoteVoucher1AfterSavingPurchaseVoucherVAT1</a></td><td rowspan="1">1672768183854</td><td rowspan="1">32627</td></tr><tr class="passedeven"><td><a href="#m29">checkChangingBatchInPurchaseVoucherVATAfterAfterBatchConsumed</a></td><td rowspan="1">1672772076964</td><td rowspan="1">36703</td></tr><tr class="passedeven"><td><a href="#m30">checkChangingBatchNameInPVVATAfterBatchConsumed</a></td><td rowspan="1">1672772585484</td><td rowspan="1">38763</td></tr><tr class="passedeven"><td><a href="#m31">checkChangingItemAndBatchAndWareHouseInConsumedPVVAT</a></td><td rowspan="1">1672773705923</td><td rowspan="1">121122</td></tr><tr class="passedeven"><td><a href="#m32">checkChangingItemInPvVAT</a></td><td rowspan="1">1672772542469</td><td rowspan="1">43014</td></tr><tr class="passedeven"><td><a href="#m33">checkChangingQtyInPurVouVATAfterSavingSalesOrder</a></td><td rowspan="1">1672771928566</td><td rowspan="1">33787</td></tr><tr class="passedeven"><td><a href="#m34">checkChangingQtyinPurVoucherAfterSalesOrderVouSuspended</a></td><td rowspan="1">1672771980431</td><td rowspan="1">33187</td></tr><tr class="passedeven"><td><a href="#m35">checkChangingQuantityInPurchaseVoucherAfterBatchConsumed</a></td><td rowspan="1">1672770267448</td><td rowspan="1">31285</td></tr><tr class="passedeven"><td><a href="#m36">checkChangingQunatityInPurchaseVoucherAfterConsumed</a></td><td rowspan="1">1672770956674</td><td rowspan="1">33284</td></tr><tr class="passedeven"><td><a href="#m37">checkChangingWarehouseInPVVATAfterAfterBatchConsumed</a></td><td rowspan="1">1672772624249</td><td rowspan="1">38796</td></tr><tr class="passedeven"><td><a href="#m38">checkDefineAuthorizationOnSalesOrderDocumentWithKeepUnpostingReservationsOption</a></td><td rowspan="1">1672772855422</td><td rowspan="1">62565</td></tr><tr class="passedeven"><td><a href="#m39">checkDefineAuthorizationWithoutKeepunpostingOptionOnInventoryDocumentInSalesOrder</a></td><td rowspan="1">1672772202300</td><td rowspan="1">29174</td></tr><tr class="passedeven"><td><a href="#m40">checkDeletingPurchasVatVoucherAfterBatchConsumedinSalesInvoice</a></td><td rowspan="1">1672770919897</td><td rowspan="1">18957</td></tr><tr class="passedeven"><td><a href="#m41">checkDeletingPurchaseReturnsVoucher1And2</a></td><td rowspan="1">1672767695060</td><td rowspan="1">26734</td></tr><tr class="passedeven"><td><a href="#m42">checkDeletingPurchaseReturnsVoucher1ForSixtyNinthScenario</a></td><td rowspan="1">1672768721280</td><td rowspan="1">19918</td></tr><tr class="passedeven"><td><a href="#m43">checkDeletingPurchaseVoucherVATAfterBatchConsumedInSalesInvoiceVat</a></td><td rowspan="1">1672770235015</td><td rowspan="1">16834</td></tr><tr class="passedeven"><td><a href="#m44">checkDeletingSalesInvoiceNVoucher1ForSixtyFourthScenario</a></td><td rowspan="1">1672768018966</td><td rowspan="1">21348</td></tr><tr class="passedeven"><td><a href="#m45">checkDeletingSalesInvoiceVATVoucher1AfterAddingSalesInvoiceNInDesignWorkFlow</a></td><td rowspan="1">1672767875183</td><td rowspan="1">21821</td></tr><tr class="passedeven"><td><a href="#m46">checkDeletingSalesInvoiceVATVoucher1AfterChangingWarehouseInPurchaseVoucher</a></td><td rowspan="1">1672766819342</td><td rowspan="1">20606</td></tr><tr class="passedeven"><td><a href="#m47">checkDeletingSalesInvoiceVATVoucher1ForSavingWithConsumingPartially</a></td><td rowspan="1">1672767721796</td><td rowspan="1">19642</td></tr><tr class="passedeven"><td><a href="#m48">checkDeletingVoucherInSIAndSuspendingVoucherInSO</a></td><td rowspan="1">1672772663046</td><td rowspan="1">24634</td></tr><tr class="passedeven"><td><a href="#m49">checkDeletingVoucherInSalesInvoiceVATWhenStatusInPending</a></td><td rowspan="1">1672770298735</td><td rowspan="1">16146</td></tr><tr class="passedeven"><td><a href="#m50">checkDeletingVoucherInSalesInvoiceWithAuthorisationStatusPending</a></td><td rowspan="1">1672770747214</td><td rowspan="1">13938</td></tr><tr class="passedeven"><td><a href="#m51">checkDeletingVoucherInsalesOrder</a></td><td rowspan="1">1672771195119</td><td rowspan="1">20970</td></tr><tr class="passedeven"><td><a href="#m52">checkDisablingAllowNegativeBatchQuantityOption</a></td><td rowspan="1">1672766239385</td><td rowspan="1">12406</td></tr><tr class="passedeven"><td><a href="#m53">checkEditingQtyInPVVATAfterSavingSalesInvoiceVAT</a></td><td rowspan="1">1672772512815</td><td rowspan="1">29651</td></tr><tr class="passedeven"><td><a href="#m54">checkEnableInputBatchEvenStockIsNotUpdatedOptionInSalesOrder</a></td><td rowspan="1">1672771476504</td><td rowspan="1">46929</td></tr><tr class="passedeven"><td><a href="#m55">checkEnablingAllowNegativeBatchQuantityOption</a></td><td rowspan="1">1672766124324</td><td rowspan="1">10688</td></tr><tr class="passedeven"><td><a href="#m56">checkEnablingDoNotClubWithCommonBaseFromPurchaseVoucherVATToSalesInvoiceN</a></td><td rowspan="1">1672768529347</td><td rowspan="1">45947</td></tr><tr class="passedeven"><td><a href="#m57">checkEnablingInputBatchEvenIfStockIsNotUpdatedInSalesOrderVoucher</a></td><td rowspan="1">1672769246030</td><td rowspan="1">40535</td></tr><tr class="passedeven"><td><a href="#m58">checkEnablingInventoryoptionUnderkeepUnpostedInTransdactionAuthorisationOfSalesType</a></td><td rowspan="1">1672770314883</td><td rowspan="1">29074</td></tr><tr class="passedeven"><td><a href="#m59">checkEraseAllDATA</a></td><td rowspan="1">1672770989959</td><td rowspan="1">28670</td></tr><tr class="passedeven"><td><a href="#m60">checkEraseAllTransactionsLogoutAndLoginAfterAllowNegativeBatchQuantityOption</a></td><td rowspan="1">1672766290310</td><td rowspan="1">31624</td></tr><tr class="passedeven"><td><a href="#m61">checkEraseAllTransactionsLogoutAndLoginAfterConsolidateBatchesByBatchNoOption</a></td><td rowspan="1">1672767144508</td><td rowspan="1">31329</td></tr><tr class="passedeven"><td><a href="#m62">checkEraseAllTransactionsLogoutAndLoginAfterExpiryDatesForBatchOption</a></td><td rowspan="1">1672767355859</td><td rowspan="1">31247</td></tr><tr class="passedeven"><td><a href="#m63">checkEraseAllTransactionsLogoutAndLoginForSeventyForthScenario</a></td><td rowspan="1">1672769169990</td><td rowspan="1">31899</td></tr><tr class="passedeven"><td><a href="#m64">checkEraseAllTransactionsLogoutAndLoginForSeventyOneScenario</a></td><td rowspan="1">1672768859352</td><td rowspan="1">31315</td></tr><tr class="passedeven"><td><a href="#m65">checkEraseAllTransactionsLogoutAndLoginForSixtyEightScenario</a></td><td rowspan="1">1672768575295</td><td rowspan="1">31620</td></tr><tr class="passedeven"><td><a href="#m66">checkEraseAllTransactionsLogoutAndLoginForSixtyFifthScenario</a></td><td rowspan="1">1672768108098</td><td rowspan="1">31774</td></tr><tr class="passedeven"><td><a href="#m67">checkEraseAllTransactionsLogoutAndLoginForSixtySixthScenario</a></td><td rowspan="1">1672768330747</td><td rowspan="1">31486</td></tr><tr class="passedeven"><td><a href="#m68">checkEraseAllTransactionsLogoutAndLoginSeventySixthScenario</a></td><td rowspan="1">1672769609985</td><td rowspan="1">31745</td></tr><tr class="passedeven"><td><a href="#m69">checkLinksInSalesInvoiceAfterSavingSalesOrder</a></td><td rowspan="1">1672771378475</td><td rowspan="1">20565</td></tr><tr class="passedeven"><td><a href="#m70">checkLoadingWorkflowInSalesInvoiceNVoucher1AfterFullConsumingInPurchaseReturns</a></td><td rowspan="1">1672768443921</td><td rowspan="1">18578</td></tr><tr class="passedeven"><td><a href="#m71">checkLogin</a></td><td rowspan="1">1672766016541</td><td rowspan="1">15465</td></tr><tr class="passedeven"><td><a href="#m72">checkLoginToAuthoriseUserForSalesAuthorisation</a></td><td rowspan="1">1672769931522</td><td rowspan="1">34236</td></tr><tr class="passedeven"><td><a href="#m73">checkLoginToSuperUserAndSavingSalesInvioceVAT2AfterAuthorisation</a></td><td rowspan="1">1672769965759</td><td rowspan="1">105643</td></tr><tr class="passedeven"><td><a href="#m74">checkLoginToUserAllOptionsToAuthoriseSalesVouchers1</a></td><td rowspan="1">1672770584648</td><td rowspan="1">39919</td></tr><tr class="passedeven"><td><a href="#m75">checkLoginToUserForAuthorisationINSalesOrder</a></td><td rowspan="1">1672773350789</td><td rowspan="1">49334</td></tr><tr class="passedeven"><td><a href="#m76">checkLoginToUserallOptionsForAuthoriseSalesOrder</a></td><td rowspan="1">1672773602849</td><td rowspan="1">43118</td></tr><tr class="passedeven"><td><a href="#m77">checkLogintoSuperUseAndSavingSalesInvoice2After1stVoucherAuthorised</a></td><td rowspan="1">1672770639305</td><td rowspan="1">107908</td></tr><tr class="passedeven"><td><a href="#m78">checkLogout</a></td><td rowspan="1">1672773827047</td><td rowspan="1">2695</td></tr><tr class="passedeven"><td><a href="#m79">checkLogoutAndLogin</a></td><td rowspan="1">1672766135014</td><td rowspan="1">19387</td></tr><tr class="passedeven"><td><a href="#m80">checkLogoutAndLoginAfterDisablingAllowNegativeBatchQuantityOption</a></td><td rowspan="1">1672766251793</td><td rowspan="1">19281</td></tr><tr class="passedeven"><td><a href="#m81">checkReSavingPurchaseReturnsVoucher1AfterConsumingFullQuantityInPurchaseReturnsVoucher2</a></td><td rowspan="1">1672767687120</td><td rowspan="1">7938</td></tr><tr class="passedeven"><td><a href="#m82">checkReSavingPurchaseReturnsVoucher1ByLoadingWorkFlow</a></td><td rowspan="1">1672768741200</td><td rowspan="1">21887</td></tr><tr class="passedeven"><td><a href="#m83">checkReSavingPurchaseVoucherVATVoucher1ByBatchNoIn1stRow</a></td><td rowspan="1">1672767098093</td><td rowspan="1">23230</td></tr><tr class="passedeven"><td><a href="#m84">checkReSavingPurchaseVoucherVATVoucher1ByBatchNoIn2ndRow</a></td><td rowspan="1">1672767121326</td><td rowspan="1">23181</td></tr><tr class="passedeven"><td><a href="#m85">checkReSavingPurchaseVoucherVATVoucher1ByChangingExpiryDate</a></td><td rowspan="1">1672767280906</td><td rowspan="1">20585</td></tr><tr class="passedeven"><td><a href="#m86">checkReSavingPurchaseVoucherVATVoucher1ByChangingExpiryDateAfterConsumingFullQuantityInSalesInvoice</a></td><td rowspan="1">1672767336908</td><td rowspan="1">18949</td></tr><tr class="passedeven"><td><a href="#m87">checkReSavingPurchaseVoucherVATVoucher1ByChangingItemToBATCHBRITEMIn1stRow</a></td><td rowspan="1">1672766941529</td><td rowspan="1">33635</td></tr><tr class="passedeven"><td><a href="#m88">checkReSavingPurchaseVoucherVATVoucher1ByChangingItemToBATCHBRITEMIn2ndRow</a></td><td rowspan="1">1672766975167</td><td rowspan="1">30220</td></tr><tr class="passedeven"><td><a href="#m89">checkReSavingPurchaseVoucherVATVoucher1ByChangingQuantityTo12In1stRow</a></td><td rowspan="1">1672766887882</td><td rowspan="1">26794</td></tr><tr class="passedeven"><td><a href="#m90">checkReSavingPurchaseVoucherVATVoucher1ByChangingQuantityTo12In2ndRow</a></td><td rowspan="1">1672766914679</td><td rowspan="1">26848</td></tr><tr class="passedeven"><td><a href="#m91">checkReSavingPurchaseVoucherVATVoucher1ByChangingWarehouseFromHyderabadToSecunderabad</a></td><td rowspan="1">1672766663502</td><td rowspan="1">36072</td></tr><tr class="passedeven"><td><a href="#m92">checkReSavingPurchaseVoucherVATVoucher1ByChangingWarehouseFromHyderabadToSecunderabadAfterSuspendingSalesInvoice</a></td><td rowspan="1">1672766717685</td><td rowspan="1">38706</td></tr><tr class="passedeven"><td><a href="#m93">checkReSavingPurchaseVoucherVATVoucher1ByChangingWarehouseFromSecunderabadToHyderabad</a></td><td rowspan="1">1672766779264</td><td rowspan="1">40074</td></tr><tr class="passedeven"><td><a href="#m94">checkReSavingPurchaseVoucherVATVoucher1ByDeleting1stRow</a></td><td rowspan="1">1672767005389</td><td rowspan="1">43983</td></tr><tr class="passedeven"><td><a href="#m95">checkReSavingPurchaseVoucherVATVoucher1ByDeleting2ndRow</a></td><td rowspan="1">1672767049374</td><td rowspan="1">48716</td></tr><tr class="passedeven"><td><a href="#m96">checkReSavingPurchaseVoucherVATVoucher1WithDateNextToCurrentDate</a></td><td rowspan="1">1672766435843</td><td rowspan="1">109596</td></tr><tr class="passedeven"><td><a href="#m97">checkReSavingSalesInvoiceVATVoucher1AfterResavingPurchaseVoucherVAT1WithCurrentDate</a></td><td rowspan="1">1672766640153</td><td rowspan="1">23347</td></tr><tr class="passedeven"><td><a href="#m98">checkReSavingSalesInvoiceVATVoucher1AfterSalesInvoiceVoucher2BySelectingSalesOrderVoucher2</a></td><td rowspan="1">1672769602021</td><td rowspan="1">7962</td></tr><tr class="passedeven"><td><a href="#m99">checkReSavingSalesInvoiceVATVoucher1ByConsumingFullQuantity</a></td><td rowspan="1">1672767301494</td><td rowspan="1">35412</td></tr><tr class="passedeven"><td><a href="#m100">checkReSavingSalesInvoiceVATVoucherAfterChangingDateNextToCurrentDateInPurchaseVoucherVAT1</a></td><td rowspan="1">1672766589610</td><td rowspan="1">25047</td></tr><tr class="passedeven"><td><a href="#m101">checkReSavingSalesInvoiceVATVoucherAfterChangingWarehouseToSecunderabadInPurchaseVoucherVAT1</a></td><td rowspan="1">1672766756393</td><td rowspan="1">22870</td></tr><tr class="passedeven"><td><a href="#m102">checkReSavingSalesInvoiceVATVoucherAfterConsumingFullQuantityInPurchaseReturnsVoucher1</a></td><td rowspan="1">1672767621420</td><td rowspan="1">22602</td></tr><tr class="passedeven"><td><a href="#m103">checkReSavingSalesInvoiceVATVoucherAfterSalesInvoiceVoucher2</a></td><td rowspan="1">1672769160080</td><td rowspan="1">9909</td></tr><tr class="passedeven"><td><a href="#m104">checkReSavingSalesOrder</a></td><td rowspan="1">1672772013619</td><td rowspan="1">21612</td></tr><tr class="passedeven"><td><a href="#m105">checkResavingDeliveryNotesVoucher1AfterConsumingFullQuantityInSalesInvoiceN</a></td><td rowspan="1">1672768312751</td><td rowspan="1">17994</td></tr><tr class="passedeven"><td><a href="#m106">checkResavingPurchaseReturnsVoucher1AfterConsumingFullQuantityInSalesInvoiceN</a></td><td rowspan="1">1672768086522</td><td rowspan="1">21574</td></tr><tr class="passedeven"><td><a href="#m107">checkResavingPurchaseReturnsVoucher1AfterConsumingQuantityInSalesInvoiceN</a></td><td rowspan="1">1672768506746</td><td rowspan="1">22599</td></tr><tr class="passedeven"><td><a href="#m108">checkResavingPurchaseReturnsVoucher1AfterConsumingQuantityInSalesInvoiceNWithDoNotConsolidateWithCommonBase</a></td><td rowspan="1">1672768836576</td><td rowspan="1">22775</td></tr><tr class="passedeven"><td><a href="#m109">checkResavingSales1stVoucherAfterBatchConsumedIn2ndVoucher</a></td><td rowspan="1">1672770213210</td><td rowspan="1">21804</td></tr><tr class="passedeven"><td><a href="#m110">checkResavingSalesInvoice1VoucherAfterBatchConsumedinVoucher2</a></td><td rowspan="1">1672770893355</td><td rowspan="1">26540</td></tr><tr class="passedeven"><td><a href="#m111">checkResavingSalesOrd1AfterSavingSalesOrd2</a></td><td rowspan="1">1672772780232</td><td rowspan="1">22685</td></tr><tr class="passedeven"><td><a href="#m112">checkResavingSalesOrder1AfterSavingVoucher2WithFullBatchConsumption</a></td><td rowspan="1">1672771365790</td><td rowspan="1">12684</td></tr><tr class="passedeven"><td><a href="#m113">checkResavingSalesOrderVou1AfterVou2Saved</a></td><td rowspan="1">1672771714624</td><td rowspan="1">21343</td></tr><tr class="passedeven"><td><a href="#m114">checkResavingSalesOrderWithGraeterQtyThanInward</a></td><td rowspan="1">1672771159271</td><td rowspan="1">35847</td></tr><tr class="passedeven"><td><a href="#m115">checkReservedPopAfterBatchFullConsumedinSalesOrder</a></td><td rowspan="1">1672771268259</td><td rowspan="1">34684</td></tr><tr class="passedeven"><td><a href="#m116">checkSalesInvoiceVAT1WithFutureDateAfterSavingAuthorisationOnSales</a></td><td rowspan="1">1672769721194</td><td rowspan="1">117702</td></tr><tr class="passedeven"><td><a href="#m117">checkSalesOrderInReservationTypeIsManualAndinputBatchEvenIfStockNoyUpdatedChkbox</a></td><td rowspan="1">1672771064989</td><td rowspan="1">48750</td></tr><tr class="passedeven"><td><a href="#m118">checkSavingDeliveryNoteVoucher1AfterSavingPurchaseVoucherVAT1</a></td><td rowspan="1">1672768216487</td><td rowspan="1">6198</td></tr><tr class="passedeven"><td><a href="#m119">checkSavingPVVATAndSOVoucherAfterAuthorisation</a></td><td rowspan="1">1672772917988</td><td rowspan="1">48004</td></tr><tr class="passedeven"><td><a href="#m120">checkSavingPVVatAndSO</a></td><td rowspan="1">1672773451057</td><td rowspan="1">151791</td></tr><tr class="passedeven"><td><a href="#m121">checkSavingPVWithChangingWareHouseAfterVoucherConsumed</a></td><td rowspan="1">1672772166073</td><td rowspan="1">36226</td></tr><tr class="passedeven"><td><a href="#m122">checkSavingPurchaseReturnsVoucher1AfterConsumingFullQuantityInSalesInvoiceVoucher1</a></td><td rowspan="1">1672767531272</td><td rowspan="1">35908</td></tr><tr class="passedeven"><td><a href="#m123">checkSavingPurchaseReturnsVoucher1AfterPartiallyConsumingQuantityInSalesInvoiceVoucher1</a></td><td rowspan="1">1672767789286</td><td rowspan="1">33698</td></tr><tr class="passedeven"><td><a href="#m124">checkSavingPurchaseReturnsVoucher1AfterSuspendingSalesInvoiceVoucher1</a></td><td rowspan="1">1672767585480</td><td rowspan="1">35938</td></tr><tr class="passedeven"><td><a href="#m125">checkSavingPurchaseReturnsVoucher1ByConsumingFullQuantityAfterSavingPurchaseVoucher1</a></td><td rowspan="1">1672768406249</td><td rowspan="1">37670</td></tr><tr class="passedeven"><td><a href="#m126">checkSavingPurchaseReturnsVoucher1ByConsumingPartialQuantity</a></td><td rowspan="1">1672767946239</td><td rowspan="1">40495</td></tr><tr class="passedeven"><td><a href="#m127">checkSavingPurchaseReturnsVoucher1ByConsumingPartialQuantityAfterSavingPurchaseVoucherVATVoucher1</a></td><td rowspan="1">1672768651038</td><td rowspan="1">39108</td></tr><tr class="passedeven"><td><a href="#m128">checkSavingPurchaseReturnsVoucher1ByConsumingPartialQuantityAfterSuspendingDeliveryNotesVoucher1</a></td><td rowspan="1">1672768246362</td><td rowspan="1">39415</td></tr><tr class="passedeven"><td><a href="#m129">checkSavingPurchaseReturnsVoucher2AfterSuspendingPurchaseReturnsVoucher1</a></td><td rowspan="1">1672767662180</td><td rowspan="1">24938</td></tr><tr class="passedeven"><td><a href="#m130">checkSavingPurchaseVoucherVAT</a></td><td rowspan="1">1672771399042</td><td rowspan="1">77461</td></tr><tr class="passedeven"><td><a href="#m131">checkSavingPurchaseVoucherVATForReservation</a></td><td rowspan="1">1672771018631</td><td rowspan="1">46357</td></tr><tr class="passedeven"><td><a href="#m132">checkSavingPurchaseVoucherVATVoucher</a></td><td rowspan="1">1672766032008</td><td rowspan="1">47816</td></tr><tr class="passedeven"><td><a href="#m133">checkSavingPurchaseVoucherVATVoucher1AfterAddingLinkFromPurchasesVoucherVATToSalesInvoiceN</a></td><td rowspan="1">1672767897006</td><td rowspan="1">49231</td></tr><tr class="passedeven"><td><a href="#m134">checkSavingPurchaseVoucherVATVoucher1AfterEnablingDoNotClubWithCommonBase</a></td><td rowspan="1">1672768606918</td><td rowspan="1">44119</td></tr><tr class="passedeven"><td><a href="#m135">checkSavingPurchaseVoucherVATVoucher1ForFiftyNinthScenario</a></td><td rowspan="1">1672767387107</td><td rowspan="1">43824</td></tr><tr class="passedeven"><td><a href="#m136">checkSavingPurchaseVoucherVATVoucher1ForSeventyForthScenario</a></td><td rowspan="1">1672769201890</td><td rowspan="1">44138</td></tr><tr class="passedeven"><td><a href="#m137">checkSavingPurchaseVoucherVATVoucher1ForSeventyOneScenario</a></td><td rowspan="1">1672768890668</td><td rowspan="1">43948</td></tr><tr class="passedeven"><td><a href="#m138">checkSavingPurchaseVoucherVATVoucher1ForSixtyFifthScenario</a></td><td rowspan="1">1672768139874</td><td rowspan="1">43978</td></tr><tr class="passedeven"><td><a href="#m139">checkSavingPurchaseVoucherVATVoucher1ForSixtySixthScenario</a></td><td rowspan="1">1672768362234</td><td rowspan="1">44013</td></tr><tr class="passedeven"><td><a href="#m140">checkSavingPurchaseVoucherVATVoucher1With2Rows</a></td><td rowspan="1">1672766321936</td><td rowspan="1">55552</td></tr><tr class="passedeven"><td><a href="#m141">checkSavingPurchaseVoucherVATVoucher1WithExpiryDate4DaysMoreThanCurrentDate</a></td><td rowspan="1">1672767175839</td><td rowspan="1">43727</td></tr><tr class="passedeven"><td><a href="#m142">checkSavingPurchaseVoucherVATWithChangingItemAfterBatchConsumed</a></td><td rowspan="1">1672772035233</td><td rowspan="1">41729</td></tr><tr class="passedeven"><td><a href="#m143">checkSavingPurchaseVoucherVATWithCurrentdate</a></td><td rowspan="1">1672769641731</td><td rowspan="1">43942</td></tr><tr class="passedeven"><td><a href="#m144">checkSavingPurchaseVoucherVATWithQty20</a></td><td rowspan="1">1672771793378</td><td rowspan="1">82885</td></tr><tr class="passedeven"><td><a href="#m145">checkSavingSO1AfterChangingInAuthorisation</a></td><td rowspan="1">1672772965994</td><td rowspan="1">73011</td></tr><tr class="passedeven"><td><a href="#m146">checkSavingSO2AfterChangingInAuthorisation</a></td><td rowspan="1">1672773039006</td><td rowspan="1">69730</td></tr><tr class="passedeven"><td><a href="#m147">checkSavingSalOrdVou1AfterAuthorisation</a></td><td rowspan="1">1672772231476</td><td rowspan="1">151634</td></tr><tr class="passedeven"><td><a href="#m148">checkSavingSalesINvoiceVAT2AfterFullBatchConsumedIn1stVoucher</a></td><td rowspan="1">1672770462564</td><td rowspan="1">122081</td></tr><tr class="passedeven"><td><a href="#m149">checkSavingSalesInvoiceNVoucher1ByConvertingPendingVoucherAfterSuspendingPurchaseReturns</a></td><td rowspan="1">1672768809720</td><td rowspan="1">26854</td></tr><tr class="passedeven"><td><a href="#m150">checkSavingSalesInvoiceNVoucher1ByLoadingFromWorkflow</a></td><td rowspan="1">1672767986736</td><td rowspan="1">32228</td></tr><tr class="passedeven"><td><a href="#m151">checkSavingSalesInvoiceNVoucher1ByLoadingFromWorkflowAfterConsumingFullQuantityInPurchaseReturns</a></td><td rowspan="1">1672768763089</td><td rowspan="1">29224</td></tr><tr class="passedeven"><td><a href="#m152">checkSavingSalesInvoiceNVoucher1ByLoadingFromWorkflowAfterConsumingPartiallyQuantityInPurchaseReturns</a></td><td rowspan="1">1672768690148</td><td rowspan="1">31130</td></tr><tr class="passedeven"><td><a href="#m153">checkSavingSalesInvoiceNVoucher1ByLoadingFromWorkflowAfterSavingPurchaseReturns</a></td><td rowspan="1">1672768285779</td><td rowspan="1">26971</td></tr><tr class="passedeven"><td><a href="#m154">checkSavingSalesInvoiceNVoucher1ByLoadingFromWorkflowAfterSuspendingPurchaseReturns</a></td><td rowspan="1">1672768479904</td><td rowspan="1">26841</td></tr><tr class="passedeven"><td><a href="#m155">checkSavingSalesInvoiceNVoucher1ByLoadingFromWorkflowByConsumingFullQuantity</a></td><td rowspan="1">1672768058649</td><td rowspan="1">27872</td></tr><tr class="passedeven"><td><a href="#m156">checkSavingSalesInvoiceVAT1WithCurrentDateAfterBatchConsumed</a></td><td rowspan="1">1672769838898</td><td rowspan="1">92621</td></tr><tr class="passedeven"><td><a href="#m157">checkSavingSalesInvoiceVATVoucher1AfterEnablingAllowBatchNegativeQuantityOption</a></td><td rowspan="1">1672766201028</td><td rowspan="1">17043</td></tr><tr class="passedeven"><td><a href="#m158">checkSavingSalesInvoiceVATVoucher1ByConsumingFullQuantityAfterSavingPurchaseVoucher1</a></td><td rowspan="1">1672767518972</td><td rowspan="1">12298</td></tr><tr class="passedeven"><td><a href="#m159">checkSavingSalesInvoiceVATVoucher1ByConsumingPartialQuantity</a></td><td rowspan="1">1672767219568</td><td rowspan="1">61337</td></tr><tr class="passedeven"><td><a href="#m160">checkSavingSalesInvoiceVATVoucher1ByConsumingPartialQuantity60</a></td><td rowspan="1">1672767741440</td><td rowspan="1">47845</td></tr><tr class="passedeven"><td><a href="#m161">checkSavingSalesInvoiceVATVoucher1ByLoadingFromWorkflowAfterSavingSalesOrderDoc1AndDoc2</a></td><td rowspan="1">1672768991727</td><td rowspan="1">44193</td></tr><tr class="passedeven"><td><a href="#m162">checkSavingSalesInvoiceVATVoucher1ByLoadingFromWorkflowAfterSavingSalesOrderDoc1AndDoc2AfterEnablingInputBatchEvenIfStockIsNotUpdated</a></td><td rowspan="1">1672769440507</td><td rowspan="1">42847</td></tr><tr class="passedeven"><td><a href="#m163">checkSavingSalesInvoiceVATVoucher1ByLoadingFromWorkflowAndSelectingSalesOrderDoc1</a></td><td rowspan="1">1672769035921</td><td rowspan="1">45908</td></tr><tr class="passedeven"><td><a href="#m164">checkSavingSalesInvoiceVATVoucher1ByLoadingFromWorkflowAndSelectingSalesOrderDoc1AfterEnablingInputBatchEvenIfStockIsNotUpdated</a></td><td rowspan="1">1672769483355</td><td rowspan="1">41316</td></tr><tr class="passedeven"><td><a href="#m165">checkSavingSalesInvoiceVATVoucher1ByLoadingFromWorkflowAndSelectingSalesOrderDoc2AfterSuspendingSalesInvoiceVoucher1</a></td><td rowspan="1">1672769572338</td><td rowspan="1">29681</td></tr><tr class="passedeven"><td><a href="#m166">checkSavingSalesInvoiceVATVoucher1WithMoreThanAvailableQuantityInPurchaseVoucherWithoutEnablingAllowNegativeBatchQuantities</a></td><td rowspan="1">1672766079826</td><td rowspan="1">44495</td></tr><tr class="passedeven"><td><a href="#m167">checkSavingSalesInvoiceVATVoucher1WithQuantity11</a></td><td rowspan="1">1672766423195</td><td rowspan="1">12645</td></tr><tr class="passedeven"><td><a href="#m168">checkSavingSalesInvoiceVATVoucher1WithQuantity180</a></td><td rowspan="1">1672766839950</td><td rowspan="1">47929</td></tr><tr class="passedeven"><td><a href="#m169">checkSavingSalesInvoiceVATVoucher2ByLoadingFromWorkflowAndSelectingSalesOrderDoc2</a></td><td rowspan="1">1672769127888</td><td rowspan="1">32190</td></tr><tr class="passedeven"><td><a href="#m170">checkSavingSalesInvoiceVATWihLoadingLinks</a></td><td rowspan="1">1672773108737</td><td rowspan="1">15214</td></tr><tr class="passedeven"><td><a href="#m171">checkSavingSalesInvoiceWithLoadingLinks</a></td><td rowspan="1">1672772428021</td><td rowspan="1">84792</td></tr><tr class="passedeven"><td><a href="#m172">checkSavingSalesOrder2AfterSuspendingVoucher1</a></td><td rowspan="1">1672771318948</td><td rowspan="1">46840</td></tr><tr class="passedeven"><td><a href="#m173">checkSavingSalesOrderVopucher2</a></td><td rowspan="1">1672773279643</td><td rowspan="1">71144</td></tr><tr class="passedeven"><td><a href="#m174">checkSavingSalesOrderVoucher1</a></td><td rowspan="1">1672771113741</td><td rowspan="1">45528</td></tr><tr class="passedeven"><td><a href="#m175">checkSavingSalesOrderVoucher1AfterEnablingInputBatchEvenIfStockIsNotUpdated</a></td><td rowspan="1">1672769286567</td><td rowspan="1">87060</td></tr><tr class="passedeven"><td><a href="#m176">checkSavingSalesOrderVoucher1AfterSavingPurchaseVoucherVAT1</a></td><td rowspan="1">1672768934618</td><td rowspan="1">36402</td></tr><tr class="passedeven"><td><a href="#m177">checkSavingSalesOrderVoucher2AfterEnablingInputBatchEvenIfStockIsNotUpdated</a></td><td rowspan="1">1672769373630</td><td rowspan="1">66876</td></tr><tr class="passedeven"><td><a href="#m178">checkSavingSalesOrderVoucher2AfterSavingPurchaseVoucherVAT1</a></td><td rowspan="1">1672768971022</td><td rowspan="1">20703</td></tr><tr class="passedeven"><td><a href="#m179">checkSavingSalesOrderVoucherAfterEnableInputBatchEvenIfStockNotUpdatedChkbox</a></td><td rowspan="1">1672771523435</td><td rowspan="1">63288</td></tr><tr class="passedeven"><td><a href="#m180">checkSavingSalesOrderWithConsumingHalfQtyFromPurVouVat</a></td><td rowspan="1">1672771876264</td><td rowspan="1">52300</td></tr><tr class="passedeven"><td><a href="#m181">checkSavingSalesOrderWithFullConsumptionInward</a></td><td rowspan="1">1672771216091</td><td rowspan="1">52166</td></tr><tr class="passedeven"><td><a href="#m182">checkSavingSalesOrdervoucher2AfterConsumedBatchInVoucher1</a></td><td rowspan="1">1672771586724</td><td rowspan="1">45875</td></tr><tr class="passedeven"><td><a href="#m183">checkSavingSalesVou2AfterSuspendingVou1</a></td><td rowspan="1">1672771650768</td><td rowspan="1">63854</td></tr><tr class="passedeven"><td><a href="#m184">checkSavingSalesVoucher2AfterSuspending1stVoucher</a></td><td rowspan="1">1672770093276</td><td rowspan="1">119932</td></tr><tr class="passedeven"><td><a href="#m185">checkSavingVou2AfterAuthorisationInsalesOrder</a></td><td rowspan="1">1672773645968</td><td rowspan="1">59953</td></tr><tr class="passedeven"><td><a href="#m186">checkSavingVoucherInSO2AfterSuspendingVoucherSO1</a></td><td rowspan="1">1672772687682</td><td rowspan="1">92549</td></tr><tr class="passedeven"><td><a href="#m187">checkSavingVoucherInsalesOrderafterBatchConsumed</a></td><td rowspan="1">1672772383113</td><td rowspan="1">44906</td></tr><tr class="passedeven"><td><a href="#m188">checkSavingVoucherinSalesInvoiceVATAfterEnablingInventoryOption</a></td><td rowspan="1">1672770343959</td><td rowspan="1">118604</td></tr><tr class="passedeven"><td><a href="#m189">checkSuspendingDeliveryNotesVoucher1FromEntryPage</a></td><td rowspan="1">1672768222686</td><td rowspan="1">23673</td></tr><tr class="passedeven"><td><a href="#m190">checkSuspendingPurchasVatVoucherAfterBatchConsumedinSalesInvoice</a></td><td rowspan="1">1672770938855</td><td rowspan="1">17817</td></tr><tr class="passedeven"><td><a href="#m191">checkSuspendingPurchaseReturnsVoucher1AfterDeletingSalesInvoiceNVoucher1</a></td><td rowspan="1">1672768040316</td><td rowspan="1">18331</td></tr><tr class="passedeven"><td><a href="#m192">checkSuspendingPurchaseReturnsVoucher1ForSeventiethScenario</a></td><td rowspan="1">1672768792315</td><td rowspan="1">17404</td></tr><tr class="passedeven"><td><a href="#m193">checkSuspendingPurchaseReturnsVoucher1ForSixtiethOneScenario</a></td><td rowspan="1">1672767644023</td><td rowspan="1">18149</td></tr><tr class="passedeven"><td><a href="#m194">checkSuspendingPurchaseReturnsVoucher1ForSixtySeventhScenario</a></td><td rowspan="1">1672768462501</td><td rowspan="1">17401</td></tr><tr class="passedeven"><td><a href="#m195">checkSuspendingSalesInvoiceVATVoucher1ForFortyEightScenario</a></td><td rowspan="1">1672766699576</td><td rowspan="1">18099</td></tr><tr class="passedeven"><td><a href="#m196">checkSuspendingSalesInvoiceVATVoucher1ForFortySixthScenario</a></td><td rowspan="1">1672766545441</td><td rowspan="1">18592</td></tr><tr class="passedeven"><td><a href="#m197">checkSuspendingSalesInvoiceVATVoucher1ForSeventySixthScenario</a></td><td rowspan="1">1672769553767</td><td rowspan="1">18567</td></tr><tr class="passedeven"><td><a href="#m198">checkSuspendingSalesInvoiceVATVoucher1ForSeventyThirdScenario</a></td><td rowspan="1">1672769110588</td><td rowspan="1">17297</td></tr><tr class="passedeven"><td><a href="#m199">checkSuspendingSalesInvoiceVATVoucher1ForSixtiethScenario</a></td><td rowspan="1">1672767567182</td><td rowspan="1">18296</td></tr><tr class="passedeven"><td><a href="#m200">checkSuspendingSalesVou1AfterEnablingOptions</a></td><td rowspan="1">1672771632601</td><td rowspan="1">18165</td></tr><tr class="passedeven"><td><a href="#m201">checkSuspendingSalesVoucher1AfterAuthorisation</a></td><td rowspan="1">1672770761153</td><td rowspan="1">9662</td></tr><tr class="passedeven"><td><a href="#m202">checkSuspendingVoucherInPurchaseVoucherVAT</a></td><td rowspan="1">1672770251851</td><td rowspan="1">15595</td></tr><tr class="passedeven"><td><a href="#m203">checkSuspendingVoucherInSalesInvoiceVAT</a></td><td rowspan="1">1672770071404</td><td rowspan="1">21870</td></tr><tr class="passedeven"><td><a href="#m204">checkSuspendingVoucherInSalesOrder</a></td><td rowspan="1">1672771962354</td><td rowspan="1">18075</td></tr><tr class="passedeven"><td><a href="#m205">checkSuspendingVoucherInSalesOrderAndChangingBatchNameInPurchaseVouVAT</a></td><td rowspan="1">1672772113670</td><td rowspan="1">52401</td></tr><tr class="passedeven"><td><a href="#m206">checkSuspendingVoucherInsalesOrder1</a></td><td rowspan="1">1672771302944</td><td rowspan="1">16002</td></tr><tr class="passedeven"><td><a href="#m207">checkValidatingQuantityInEntryPageAndBatchPopupAfterSavingWithQuantityGreaterThanAvailableQuantity</a></td><td rowspan="1">1672766218075</td><td rowspan="1">21308</td></tr><tr class="passedeven"><td><a href="#m208">checkValidatingQuantityInEntryPageAndBatchPopupInSalesInvoice1AfterDisablingAllowNegativeBatchQuantityOption</a></td><td rowspan="1">1672766271077</td><td rowspan="1">19231</td></tr><tr class="passedeven"><td><a href="#m209">checksavingPVVATAndSavingSalesOrder</a></td><td rowspan="1">1672773123952</td><td rowspan="1">155689</td></tr><tr class="passedodd"><td rowspan="58">com.focus.testcases.DesignWorkFlowOptionsTest</td><td><a href="#m210">CheckLinkValueDropDownOptions</a></td><td rowspan="1">1672774044936</td><td rowspan="1">323</td></tr><tr class="passedodd"><td><a href="#m211">CheckSavingAndDeleteAllTransactions</a></td><td rowspan="1">1672774162909</td><td rowspan="1">58417</td></tr><tr class="passedodd"><td><a href="#m212">checkAgeingOfPendingDocumentsReport</a></td><td rowspan="1">1672780139197</td><td rowspan="1">20145</td></tr><tr class="passedodd"><td><a href="#m213">checkAllowBackDatedLinkingOption</a></td><td rowspan="1">1672776079373</td><td rowspan="1">175470</td></tr><tr class="passedodd"><td><a href="#m214">checkAuthorizingPurchaseVoucher</a></td><td rowspan="1">1672780029080</td><td rowspan="1">70249</td></tr><tr class="passedodd"><td><a href="#m215">checkAutoCLoseInDaysOption</a></td><td rowspan="1">1672774350154</td><td rowspan="1">158867</td></tr><tr class="passedodd"><td><a href="#m216">checkBackup</a></td><td rowspan="1">1672773853048</td><td rowspan="1">42056</td></tr><tr class="passedodd"><td><a href="#m217">checkBaseDocumentCannotBeEditiedAfterItIsLinkedOption</a></td><td rowspan="1">1672775066201</td><td rowspan="1">199789</td></tr><tr class="passedodd"><td><a href="#m218">checkCannotExceedTheBaseValueOption</a></td><td rowspan="1">1672774837629</td><td rowspan="1">228570</td></tr><tr class="passedodd"><td><a href="#m219">checkCheckStockWhileLinkingOption</a></td><td rowspan="1">1672774663033</td><td rowspan="1">174594</td></tr><tr class="passedodd"><td><a href="#m220">checkCloseLinkAfterDueDateElapses</a></td><td rowspan="1">1672775265991</td><td rowspan="1">183217</td></tr><tr class="passedodd"><td><a href="#m221">checkCloseLinkAndPartialOptionInPurchaseOrderHavingOneLinkDocument</a></td><td rowspan="1">1672779128868</td><td rowspan="1">208679</td></tr><tr class="passedodd"><td><a href="#m222">checkCloseLinkAndPartialOptionInPurchaseOrderHavingTwoLinkDocuments</a></td><td rowspan="1">1672778772752</td><td rowspan="1">113369</td></tr><tr class="passedodd"><td><a href="#m223">checkCloseLinkOptionOnPartialRowSelectionInPurchaseOrderHavingOneLinkDocument</a></td><td rowspan="1">1672779337549</td><td rowspan="1">205686</td></tr><tr class="passedodd"><td><a href="#m224">checkCloseLinkOptionOnPartialRowSelectionInPurchaseOrderHavingTwoLinkDocuments</a></td><td rowspan="1">1672778886123</td><td rowspan="1">186571</td></tr><tr class="passedodd"><td><a href="#m225">checkCustomizeOptionAndAddingExtraFieldsInControlPlusL</a></td><td rowspan="1">1672778446084</td><td rowspan="1">49410</td></tr><tr class="passedodd"><td><a href="#m226">checkCustomizeOptionAndAddingExtraFieldsInLineWise</a></td><td rowspan="1">1672778565399</td><td rowspan="1">27870</td></tr><tr class="passedodd"><td><a href="#m227">checkDeletingPurchaseFlowAndSavingNewFlowWithOneBaseAndOneLinkDocument</a></td><td rowspan="1">1672779072696</td><td rowspan="1">56169</td></tr><tr class="passedodd"><td><a href="#m228">checkDoNotAllowSelectionIfLinksFieldsAreNotSelectedOption</a></td><td rowspan="1">1672775897476</td><td rowspan="1">181895</td></tr><tr class="passedodd"><td><a href="#m229">checkDoNotClubWithCommonBaseOption</a></td><td rowspan="1">1672775626806</td><td rowspan="1">270668</td></tr><tr class="passedodd"><td><a href="#m230">checkEraseAllTransactionsAfterExcessesInStocks</a></td><td rowspan="1">1672774025421</td><td rowspan="1">8884</td></tr><tr class="passedodd"><td><a href="#m231">checkEraseAllTransactionsAfterIntialCheck</a></td><td rowspan="1">1672774119523</td><td rowspan="1">8154</td></tr><tr class="passedodd"><td><a href="#m232">checkExcessesInStocksVoucherBatchNosByConvertingPendingShortageInStocks</a></td><td rowspan="1">1672773983430</td><td rowspan="1">16669</td></tr><tr class="passedodd"><td><a href="#m233">checkExcessesInStocksVoucherBatchNosByWorkFlow</a></td><td rowspan="1">1672774000100</td><td rowspan="1">25320</td></tr><tr class="passedodd"><td><a href="#m234">checkInputingWorkflowNameAsPurchasesFlow</a></td><td rowspan="1">1672774034306</td><td rowspan="1">5788</td></tr><tr class="passedodd"><td><a href="#m235">checkLinkBetweenPurchaseOrderAndPVN</a></td><td rowspan="1">1672774040095</td><td rowspan="1">4833</td></tr><tr class="passedodd"><td><a href="#m236">checkLinkIsMandatoryOption</a></td><td rowspan="1">1672775449210</td><td rowspan="1">177595</td></tr><tr class="passedodd"><td><a href="#m237">checkLinkIsOptionalIfTheDocumentIsLinkedToOtherBaseDocumentOption</a></td><td rowspan="1">1672776951665</td><td rowspan="1">280527</td></tr><tr class="passedodd"><td><a href="#m238">checkListingOfDocumentsReport</a></td><td rowspan="1">1672780099332</td><td rowspan="1">19413</td></tr><tr class="passedodd"><td><a href="#m239">checkLoadPendingDocumentsAndBasedOnFieldOption</a></td><td rowspan="1">1672777408576</td><td rowspan="1">175496</td></tr><tr class="passedodd"><td><a href="#m240">checkLoadPendingDocumentsAndBasedOnFieldOptionWithExtraField</a></td><td rowspan="1">1672777584073</td><td rowspan="1">237015</td></tr><tr class="passedodd"><td><a href="#m241">checkLoadTheBaseDocumentDetailsAtTheTimeOfLinkingOption</a></td><td rowspan="1">1672776763292</td><td rowspan="1">188371</td></tr><tr class="passedodd"><td><a href="#m242">checkLogin</a></td><td rowspan="1">1672773829750</td><td rowspan="1">23296</td></tr><tr class="passedodd"><td><a href="#m243">checkMapOptionAndMappedFields</a></td><td rowspan="1">1672774046527</td><td rowspan="1">8733</td></tr><tr class="passedodd"><td><a href="#m244">checkPendingLinksThroughConvertOptionAfterMapFieldsUpdating</a></td><td rowspan="1">1672774147181</td><td rowspan="1">15728</td></tr><tr class="passedodd"><td><a href="#m245">checkPendingLinksThroughConvertOptionWithSelectingRow</a></td><td rowspan="1">1672774090219</td><td rowspan="1">4383</td></tr><tr class="passedodd"><td><a href="#m246">checkPendingPurchaseOrdersPurchaseVoucherNHomePage</a></td><td rowspan="1">1672774076783</td><td rowspan="1">13428</td></tr><tr class="passedodd"><td><a href="#m247">checkPendingVoucherReport</a></td><td rowspan="1">1672780215619</td><td rowspan="1">20259</td></tr><tr class="passedodd"><td><a href="#m248">checkRaiseLinkDocumentWhenBaseIsSaved</a></td><td rowspan="1">1672777232194</td><td rowspan="1">176380</td></tr><tr class="passedodd"><td><a href="#m249">checkRaiseLinkDocumentWhenBaseIsSavedOption</a></td><td rowspan="1">1672774221328</td><td rowspan="1">128824</td></tr><tr class="passedodd"><td><a href="#m250">checkRecheckBeforeTheSavingIfLinkIsConsumedElseWhereOnTheNetWorkOption</a></td><td rowspan="1">1672776254845</td><td rowspan="1">227417</td></tr><tr class="passedodd"><td><a href="#m251">checkRestoringForLinks</a></td><td rowspan="1">1672778593271</td><td rowspan="1">179479</td></tr><tr class="passedodd"><td><a href="#m252">checkRestoringForTransactionsForOrderManagement</a></td><td rowspan="1">1672779543237</td><td rowspan="1">176202</td></tr><tr class="passedodd"><td><a href="#m253">checkSavingOpeningStockVoucher1WithBatchItem</a></td><td rowspan="1">1672773895105</td><td rowspan="1">51561</td></tr><tr class="passedodd"><td><a href="#m254">checkSavingPurchaseOrderAndPurchaseVoucherNPartialConsumeCloseLink</a></td><td rowspan="1">1672779719441</td><td rowspan="1">119836</td></tr><tr class="passedodd"><td><a href="#m255">checkSavingPurchaseOrderAndPurchaseVoucherNRowWisePartialConsumeCloseLink</a></td><td rowspan="1">1672779839278</td><td rowspan="1">119486</td></tr><tr class="passedodd"><td><a href="#m256">checkSavingPurchaseOrderVoucherForCloseLinkAndEditingLinkOptionAndSlabChangeVoucherSave</a></td><td rowspan="1">1672779958766</td><td rowspan="1">70313</td></tr><tr class="passedodd"><td><a href="#m257">checkSavingPurchaseOrders</a></td><td rowspan="1">1672774055261</td><td rowspan="1">21521</td></tr><tr class="passedodd"><td><a href="#m258">checkSavingPurchaseOrdersAfterUpdatingMapFields</a></td><td rowspan="1">1672774127678</td><td rowspan="1">19501</td></tr><tr class="passedodd"><td><a href="#m259">checkSavingPurchaseVoucherWithCovertOptionWithAllMandatoryFields</a></td><td rowspan="1">1672774094602</td><td rowspan="1">24920</td></tr><tr class="passedodd"><td><a href="#m260">checkSavingShortageInStocksVoucher1</a></td><td rowspan="1">1672773946667</td><td rowspan="1">36762</td></tr><tr class="passedodd"><td><a href="#m261">checkSelectingItemOptionBetweenPurchaseOrderAndPvn</a></td><td rowspan="1">1672774045460</td><td rowspan="1">1066</td></tr><tr class="passedodd"><td><a href="#m262">checkSelectingQuantityinLinkValueOptionBetweenPurchaseOrderAndPvn</a></td><td rowspan="1">1672774045259</td><td rowspan="1">201</td></tr><tr class="passedodd"><td><a href="#m263">checkUseThisLinkOnlyForLoadingOption</a></td><td rowspan="1">1672776482263</td><td rowspan="1">281028</td></tr><tr class="passedodd"><td><a href="#m264">checkValidatingAddingNewFieldInLinksCustomization</a></td><td rowspan="1">1672780235879</td><td rowspan="1">101348</td></tr><tr class="passedodd"><td><a href="#m265">checkValidatingDeleteFunctionalityInLinksCustomization</a></td><td rowspan="1">1672780417792</td><td rowspan="1">26563</td></tr><tr class="passedodd"><td><a href="#m266">checkValidatingExportFunctionalityInLinksCustomization</a></td><td rowspan="1">1672780337229</td><td rowspan="1">30241</td></tr><tr class="passedodd"><td><a href="#m267">checkValidatingImportFunctionalityInLinksCustomization</a></td><td rowspan="1">1672780367471</td><td rowspan="1">50320</td></tr><tr class="passedeven"><td rowspan="2">com.focus.testcases.URLBrowserTest</td><td><a href="#m268">checkLoginPageTitleByURLInputInBrowser</a></td><td rowspan="1">1672766010296</td><td rowspan="1">6221</td></tr><tr class="passedeven"><td><a href="#m269">verifyBrowserOpen</a></td><td rowspan="1">1672765999647</td><td rowspan="1">10644</td></tr></tbody></table><h2>Test</h2><h3 id="m0">com.focus.testcases.BatchNegativeTestingOptionsTest#checkAuthorisedVoucherInSalesOrder</h3><table class="result"><tr><th>Messages</th></tr><tr><td><div class="messages">Completed executing following method : BatchNegativeTestingOptionsTest.checkAuthorisedVoucherInSalesOrder<br/>Test Method resides in com.focus.testcases.BatchNegativeTestingOptionsTest<br/>Test Status: Failed<br/>About to begin executing following method : BaseEngine.afterMethodExecution</div></td></tr><tr><th>Exception</th></tr><tr><td><div class="stacktrace">java.lang.AssertionError: expected [true] but found [false]
	at com.focus.testcases.BatchNegativeTestingOptionsTest.checkAuthorisedVoucherInSalesOrder(BatchNegativeTestingOptionsTest.java:3085)
... Removed 30 stack frames</div></td></tr></table><p class="totop"><a href="#summary">back to summary</a></p><h3 id="m1">com.focus.testcases.BatchNegativeTestingOptionsTest#checkReSavingPurchaseVoucherVATVoucher1WithCurrentDate</h3><table class="result"><tr><th>Messages</th></tr><tr><td><div class="messages">Completed executing following method : BatchNegativeTestingOptionsTest.checkReSavingPurchaseVoucherVATVoucher1WithCurrentDate<br/>Test Method resides in com.focus.testcases.BatchNegativeTestingOptionsTest<br/>Test Status: Failed<br/>About to begin executing following method : BaseEngine.afterMethodExecution</div></td></tr><tr><th>Exception</th></tr><tr><td><div class="stacktrace">java.lang.AssertionError: expected [true] but found [false]
	at com.focus.testcases.BatchNegativeTestingOptionsTest.checkReSavingPurchaseVoucherVATVoucher1WithCurrentDate(BatchNegativeTestingOptionsTest.java:1601)
... Removed 30 stack frames</div></td></tr></table><p class="totop"><a href="#summary">back to summary</a></p><h3 id="m2">com.focus.testcases.BatchNegativeTestingOptionsTest#checkReSavingPurchaseVoucherVATVoucher1WithDateNextToCurrentDateAfterSuspendingSalesInvoice</h3><table class="result"><tr><th>Messages</th></tr><tr><td><div class="messages">Completed executing following method : BatchNegativeTestingOptionsTest.checkReSavingPurchaseVoucherVATVoucher1WithDateNextToCurrentDateAfterSuspendingSalesInvoice<br/>Test Method resides in com.focus.testcases.BatchNegativeTestingOptionsTest<br/>Test Status: Failed<br/>About to begin executing following method : BaseEngine.afterMethodExecution</div></td></tr><tr><th>Exception</th></tr><tr><td><div class="stacktrace">java.lang.AssertionError: expected [true] but found [false]
	at com.focus.testcases.BatchNegativeTestingOptionsTest.checkReSavingPurchaseVoucherVATVoucher1WithDateNextToCurrentDateAfterSuspendingSalesInvoice(BatchNegativeTestingOptionsTest.java:1577)
... Removed 30 stack frames</div></td></tr></table><p class="totop"><a href="#summary">back to summary</a></p><h3 id="m3">com.focus.testcases.BatchNegativeTestingOptionsTest#checkSavingSIWithLoadingLinks</h3><table class="result"><tr><th>Messages</th></tr><tr><td><div class="messages">Completed executing following method : BatchNegativeTestingOptionsTest.checkSavingSIWithLoadingLinks<br/>Test Method resides in com.focus.testcases.BatchNegativeTestingOptionsTest<br/>Test Status: Failed<br/>About to begin executing following method : BaseEngine.afterMethodExecution</div></td></tr><tr><th>Exception</th></tr><tr><td><div class="stacktrace">org.openqa.selenium.UnhandledAlertException: unexpected alert open: {Alert text : You are trying to issues batch quantity which is not reserved against this link. 

 Are you sure you want to continue?}
  (Session info: chrome=108.0.5359.125): You are trying to issues batch quantity which is not reserved against this link. 

 Are you sure you want to continue?
Build info: version: &apos;3.12.0&apos;, revision: &apos;7c6e0b3&apos;, time: &apos;2018-05-08T14:04:26.12Z&apos;
System info: host: &apos;FOCUS-QA-133&apos;, ip: &apos;192.168.4.108&apos;, os.name: &apos;Windows 10&apos;, os.arch: &apos;amd64&apos;, os.version: &apos;10.0&apos;, java.version: &apos;1.8.0_111&apos;
Driver info: org.openqa.selenium.chrome.ChromeDriver
Capabilities {acceptInsecureCerts: false, browserName: chrome, browserVersion: 108.0.5359.125, chrome: {chromedriverVersion: 108.0.5359.71 (1e0e3868ee06..., userDataDir: C:\Users\Sanjeev\AppData\Lo...}, goog:chromeOptions: {debuggerAddress: localhost:63249}, javascriptEnabled: true, networkConnectionEnabled: false, pageLoadStrategy: normal, platform: WINDOWS, platformName: WINDOWS, proxy: Proxy(), setWindowRect: true, strictFileInteractability: false, timeouts: {implicit: 0, pageLoad: 300000, script: 30000}, unhandledPromptBehavior: dismiss and notify, webauthn:extension:credBlob: true, webauthn:extension:largeBlob: true, webauthn:virtualAuthenticators: true}
Session ID: 9f4d8ec408940af432d56582dd94ed9d
*** Element info: {Using=xpath, value=//*[@id=&apos;id_transaction_entry_detail_table_body&apos;]/tr[1]/td[20]}
	at org.openqa.selenium.remote.http.W3CHttpResponseCodec.decode(W3CHttpResponseCodec.java:120)
	at org.openqa.selenium.remote.http.W3CHttpResponseCodec.decode(W3CHttpResponseCodec.java:49)
	at org.openqa.selenium.remote.HttpCommandExecutor.execute(HttpCommandExecutor.java:158)
	at org.openqa.selenium.remote.service.DriverCommandExecutor.execute(DriverCommandExecutor.java:83)
	at org.openqa.selenium.remote.RemoteWebDriver.execute(RemoteWebDriver.java:543)
	at org.openqa.selenium.remote.RemoteWebDriver.findElement(RemoteWebDriver.java:317)
	at org.openqa.selenium.remote.RemoteWebDriver.findElementByXPath(RemoteWebDriver.java:419)
	at org.openqa.selenium.By$ByXPath.findElement(By.java:353)
	at org.openqa.selenium.remote.RemoteWebDriver.findElement(RemoteWebDriver.java:309)
	at org.openqa.selenium.support.pagefactory.DefaultElementLocator.findElement(DefaultElementLocator.java:69)
	at org.openqa.selenium.support.pagefactory.internal.LocatingElementHandler.invoke(LocatingElementHandler.java:38)
	at com.sun.proxy.$Proxy15.isDisplayed(Unknown Source)
	at org.openqa.selenium.support.ui.ExpectedConditions.elementIfVisible(ExpectedConditions.java:315)
	at org.openqa.selenium.support.ui.ExpectedConditions.access$100(ExpectedConditions.java:44)
	at org.openqa.selenium.support.ui.ExpectedConditions$10.apply(ExpectedConditions.java:301)
	at org.openqa.selenium.support.ui.ExpectedConditions$10.apply(ExpectedConditions.java:298)
	at org.openqa.selenium.support.ui.ExpectedConditions$23.apply(ExpectedConditions.java:686)
	at org.openqa.selenium.support.ui.ExpectedConditions$23.apply(ExpectedConditions.java:682)
	at org.openqa.selenium.support.ui.FluentWait.until(FluentWait.java:248)
	at com.focus.Pages.BatchNegativeTestingOptionsPage.checkSavingSIWithLoadingLinks(BatchNegativeTestingOptionsPage.java:44555)
	at com.focus.testcases.BatchNegativeTestingOptionsTest.checkSavingSIWithLoadingLinks(BatchNegativeTestingOptionsTest.java:3018)
... Removed 24 stack frames</div></td></tr></table><p class="totop"><a href="#summary">back to summary</a></p><h3 id="m4">com.focus.testcases.BatchNegativeTestingOptionsTest#checkSavingSalesInvoiceVoucherWithLinks</h3><table class="result"><tr><th>Messages</th></tr><tr><td><div class="messages">Completed executing following method : BatchNegativeTestingOptionsTest.checkSavingSalesInvoiceVoucherWithLinks<br/>Test Method resides in com.focus.testcases.BatchNegativeTestingOptionsTest<br/>Test Status: Failed<br/>About to begin executing following method : BaseEngine.afterMethodExecution</div></td></tr><tr><th>Exception</th></tr><tr><td><div class="stacktrace">org.openqa.selenium.UnhandledAlertException: unexpected alert open: {Alert text : You are trying to issues batch quantity which is not reserved against this link. 

 Are you sure you want to continue?}
  (Session info: chrome=108.0.5359.125): You are trying to issues batch quantity which is not reserved against this link. 

 Are you sure you want to continue?
Build info: version: &apos;3.12.0&apos;, revision: &apos;7c6e0b3&apos;, time: &apos;2018-05-08T14:04:26.12Z&apos;
System info: host: &apos;FOCUS-QA-133&apos;, ip: &apos;192.168.4.108&apos;, os.name: &apos;Windows 10&apos;, os.arch: &apos;amd64&apos;, os.version: &apos;10.0&apos;, java.version: &apos;1.8.0_111&apos;
Driver info: org.openqa.selenium.chrome.ChromeDriver
Capabilities {acceptInsecureCerts: false, browserName: chrome, browserVersion: 108.0.5359.125, chrome: {chromedriverVersion: 108.0.5359.71 (1e0e3868ee06..., userDataDir: C:\Users\Sanjeev\AppData\Lo...}, goog:chromeOptions: {debuggerAddress: localhost:63249}, javascriptEnabled: true, networkConnectionEnabled: false, pageLoadStrategy: normal, platform: WINDOWS, platformName: WINDOWS, proxy: Proxy(), setWindowRect: true, strictFileInteractability: false, timeouts: {implicit: 0, pageLoad: 300000, script: 30000}, unhandledPromptBehavior: dismiss and notify, webauthn:extension:credBlob: true, webauthn:extension:largeBlob: true, webauthn:virtualAuthenticators: true}
Session ID: 9f4d8ec408940af432d56582dd94ed9d
*** Element info: {Using=xpath, value=//*[@id=&apos;id_transaction_entry_detail_table_body&apos;]/tr[1]/td[20]}
	at org.openqa.selenium.remote.http.W3CHttpResponseCodec.decode(W3CHttpResponseCodec.java:120)
	at org.openqa.selenium.remote.http.W3CHttpResponseCodec.decode(W3CHttpResponseCodec.java:49)
	at org.openqa.selenium.remote.HttpCommandExecutor.execute(HttpCommandExecutor.java:158)
	at org.openqa.selenium.remote.service.DriverCommandExecutor.execute(DriverCommandExecutor.java:83)
	at org.openqa.selenium.remote.RemoteWebDriver.execute(RemoteWebDriver.java:543)
	at org.openqa.selenium.remote.RemoteWebDriver.findElement(RemoteWebDriver.java:317)
	at org.openqa.selenium.remote.RemoteWebDriver.findElementByXPath(RemoteWebDriver.java:419)
	at org.openqa.selenium.By$ByXPath.findElement(By.java:353)
	at org.openqa.selenium.remote.RemoteWebDriver.findElement(RemoteWebDriver.java:309)
	at org.openqa.selenium.support.pagefactory.DefaultElementLocator.findElement(DefaultElementLocator.java:69)
	at org.openqa.selenium.support.pagefactory.internal.LocatingElementHandler.invoke(LocatingElementHandler.java:38)
	at com.sun.proxy.$Proxy15.isDisplayed(Unknown Source)
	at org.openqa.selenium.support.ui.ExpectedConditions.elementIfVisible(ExpectedConditions.java:315)
	at org.openqa.selenium.support.ui.ExpectedConditions.access$100(ExpectedConditions.java:44)
	at org.openqa.selenium.support.ui.ExpectedConditions$10.apply(ExpectedConditions.java:301)
	at org.openqa.selenium.support.ui.ExpectedConditions$10.apply(ExpectedConditions.java:298)
	at org.openqa.selenium.support.ui.ExpectedConditions$23.apply(ExpectedConditions.java:686)
	at org.openqa.selenium.support.ui.ExpectedConditions$23.apply(ExpectedConditions.java:682)
	at org.openqa.selenium.support.ui.FluentWait.until(FluentWait.java:248)
	at com.focus.Pages.BatchNegativeTestingOptionsPage.checkSavingSalesInvoiceVoucherWithLinks(BatchNegativeTestingOptionsPage.java:42124)
	at com.focus.testcases.BatchNegativeTestingOptionsTest.checkSavingSalesInvoiceVoucherWithLinks(BatchNegativeTestingOptionsTest.java:2860)
... Removed 24 stack frames</div></td></tr></table><p class="totop"><a href="#summary">back to summary</a></p><h3 id="m5">com.focus.testcases.BatchNegativeTestingOptionsTest#checkSavingVoucherInSalesInvoice2AfterSusoendingVocher1</h3><table class="result"><tr><th>Messages</th></tr><tr><td><div class="messages">Completed executing following method : BatchNegativeTestingOptionsTest.checkSavingVoucherInSalesInvoice2AfterSusoendingVocher1<br/>Test Method resides in com.focus.testcases.BatchNegativeTestingOptionsTest<br/>Test Status: Failed<br/>About to begin executing following method : BaseEngine.afterMethodExecution</div></td></tr><tr><th>Exception</th></tr><tr><td><div class="stacktrace">java.lang.AssertionError: expected [true] but found [false]
	at com.focus.testcases.BatchNegativeTestingOptionsTest.checkSavingVoucherInSalesInvoice2AfterSusoendingVocher1(BatchNegativeTestingOptionsTest.java:2682)
... Removed 30 stack frames</div></td></tr></table><p class="totop"><a href="#summary">back to summary</a></p><h3 id="m6">com.focus.testcases.BatchNegativeTestingOptionsTest#checksavingsalesInvoiceVATAfterTwoVouchersAuthorised</h3><table class="result"><tr><th>Messages</th></tr><tr><td><div class="messages">Completed executing following method : BatchNegativeTestingOptionsTest.checksavingsalesInvoiceVATAfterTwoVouchersAuthorised<br/>Test Method resides in com.focus.testcases.BatchNegativeTestingOptionsTest<br/>Test Status: Failed<br/>About to begin executing following method : BaseEngine.afterMethodExecution</div></td></tr><tr><th>Exception</th></tr><tr><td><div class="stacktrace">java.lang.AssertionError: expected [true] but found [false]
	at com.focus.testcases.BatchNegativeTestingOptionsTest.checksavingsalesInvoiceVATAfterTwoVouchersAuthorised(BatchNegativeTestingOptionsTest.java:3092)
... Removed 30 stack frames</div></td></tr></table><p class="totop"><a href="#summary">back to summary</a></p><h3 id="m7">com.focus.testcases.DesignWorkFlowOptionsTest#CheckToleranceValueAndUseItemWiseToleranceWhenAvailableOption</h3><table class="result"><tr><th>Messages</th></tr><tr><td><div class="messages">Completed executing following method : DesignWorkFlowOptionsTest.CheckToleranceValueAndUseItemWiseToleranceWhenAvailableOption<br/>Test Method resides in com.focus.testcases.DesignWorkFlowOptionsTest<br/>Test Status: Failed<br/>About to begin executing following method : BaseEngine.afterMethodExecution</div></td></tr><tr><th>Exception</th></tr><tr><td><div class="stacktrace">java.lang.AssertionError: expected [true] but found [false]
	at com.focus.testcases.DesignWorkFlowOptionsTest.CheckToleranceValueAndUseItemWiseToleranceWhenAvailableOption(DesignWorkFlowOptionsTest.java:340)
... Removed 30 stack frames</div></td></tr></table><p class="totop"><a href="#summary">back to summary</a></p><h3 id="m8">com.focus.testcases.DesignWorkFlowOptionsTest#checkAgeingOfPendingDocumentsByDueDateReport</h3><table class="result"><tr><th>Messages</th></tr><tr><td><div class="messages">Completed executing following method : DesignWorkFlowOptionsTest.checkAgeingOfPendingDocumentsByDueDateReport<br/>Test Method resides in com.focus.testcases.DesignWorkFlowOptionsTest<br/>Test Status: Failed<br/>About to begin executing following method : BaseEngine.afterMethodExecution</div></td></tr><tr><th>Exception</th></tr><tr><td><div class="stacktrace">java.lang.AssertionError: expected [true] but found [false]
	at com.focus.testcases.DesignWorkFlowOptionsTest.checkAgeingOfPendingDocumentsByDueDateReport(DesignWorkFlowOptionsTest.java:504)
... Removed 30 stack frames</div></td></tr></table><p class="totop"><a href="#summary">back to summary</a></p><h3 id="m9">com.focus.testcases.DesignWorkFlowOptionsTest#checkCannotExceedTheBaseValueOptionForMultipleRowsWithDifferentItem</h3><table class="result"><tr><th>Messages</th></tr><tr><td><div class="messages">Completed executing following method : DesignWorkFlowOptionsTest.checkCannotExceedTheBaseValueOptionForMultipleRowsWithDifferentItem<br/>Test Method resides in com.focus.testcases.DesignWorkFlowOptionsTest<br/>Test Status: Failed<br/>About to begin executing following method : BaseEngine.afterMethodExecution</div></td></tr><tr><th>Exception</th></tr><tr><td><div class="stacktrace">org.openqa.selenium.ElementClickInterceptedException: element click intercepted: Element &lt;div&gt;...&lt;/div&gt; is not clickable at point (57, 252). Other element would receive the click: &lt;div id=&quot;dv_HomeFilter&quot; class=&quot;modal fade in&quot; data-backdrop=&quot;static&quot; style=&quot;display: block;&quot;&gt;...&lt;/div&gt;
  (Session info: chrome=108.0.5359.125)
Build info: version: &apos;3.12.0&apos;, revision: &apos;7c6e0b3&apos;, time: &apos;2018-05-08T14:04:26.12Z&apos;
System info: host: &apos;FOCUS-QA-133&apos;, ip: &apos;192.168.4.108&apos;, os.name: &apos;Windows 10&apos;, os.arch: &apos;amd64&apos;, os.version: &apos;10.0&apos;, java.version: &apos;1.8.0_111&apos;
Driver info: org.openqa.selenium.chrome.ChromeDriver
Capabilities {acceptInsecureCerts: false, browserName: chrome, browserVersion: 108.0.5359.125, chrome: {chromedriverVersion: 108.0.5359.71 (1e0e3868ee06..., userDataDir: C:\Users\Sanjeev\AppData\Lo...}, goog:chromeOptions: {debuggerAddress: localhost:63249}, javascriptEnabled: true, networkConnectionEnabled: false, pageLoadStrategy: normal, platform: WINDOWS, platformName: WINDOWS, proxy: Proxy(), setWindowRect: true, strictFileInteractability: false, timeouts: {implicit: 0, pageLoad: 300000, script: 30000}, unhandledPromptBehavior: dismiss and notify, webauthn:extension:credBlob: true, webauthn:extension:largeBlob: true, webauthn:virtualAuthenticators: true}
Session ID: 9f4d8ec408940af432d56582dd94ed9d
	at org.openqa.selenium.remote.http.W3CHttpResponseCodec.createException(W3CHttpResponseCodec.java:187)
	at org.openqa.selenium.remote.http.W3CHttpResponseCodec.decode(W3CHttpResponseCodec.java:122)
	at org.openqa.selenium.remote.http.W3CHttpResponseCodec.decode(W3CHttpResponseCodec.java:49)
	at org.openqa.selenium.remote.HttpCommandExecutor.execute(HttpCommandExecutor.java:158)
	at org.openqa.selenium.remote.service.DriverCommandExecutor.execute(DriverCommandExecutor.java:83)
	at org.openqa.selenium.remote.RemoteWebDriver.execute(RemoteWebDriver.java:543)
	at org.openqa.selenium.remote.RemoteWebElement.execute(RemoteWebElement.java:276)
	at org.openqa.selenium.remote.RemoteWebElement.click(RemoteWebElement.java:83)
	at org.openqa.selenium.support.pagefactory.internal.LocatingElementHandler.invoke(LocatingElementHandler.java:51)
	at com.sun.proxy.$Proxy15.click(Unknown Source)
	at com.focus.Pages.DesignWorkFLowOptionsPage.checkCannotExceedTheBaseValueOptionForMultipleRowsWithDifferentItem(DesignWorkFLowOptionsPage.java:22492)
	at com.focus.testcases.DesignWorkFlowOptionsTest.checkCannotExceedTheBaseValueOptionForMultipleRowsWithDifferentItem(DesignWorkFlowOptionsTest.java:568)
... Removed 31 stack frames</div></td></tr></table><p class="totop"><a href="#summary">back to summary</a></p><h3 id="m10">com.focus.testcases.DesignWorkFlowOptionsTest#checkCannotExceedTheBaseValueOptionForMultipleRowsWithSameItem</h3><table class="result"><tr><th>Messages</th></tr><tr><td><div class="messages">Completed executing following method : DesignWorkFlowOptionsTest.checkCannotExceedTheBaseValueOptionForMultipleRowsWithSameItem<br/>Test Method resides in com.focus.testcases.DesignWorkFlowOptionsTest<br/>Test Status: Failed<br/>About to begin executing following method : BaseEngine.afterMethodExecution</div></td></tr><tr><th>Exception</th></tr><tr><td><div class="stacktrace">org.openqa.selenium.ElementClickInterceptedException: element click intercepted: Element &lt;span class=&quot;icon-home icon-font1&quot;&gt;&lt;/span&gt; is not clickable at point (57, 80). Other element would receive the click: &lt;div id=&quot;dv_HomeFilter&quot; class=&quot;modal fade in&quot; data-backdrop=&quot;static&quot; style=&quot;display: block;&quot;&gt;...&lt;/div&gt;
  (Session info: chrome=108.0.5359.125)
Build info: version: &apos;3.12.0&apos;, revision: &apos;7c6e0b3&apos;, time: &apos;2018-05-08T14:04:26.12Z&apos;
System info: host: &apos;FOCUS-QA-133&apos;, ip: &apos;192.168.4.108&apos;, os.name: &apos;Windows 10&apos;, os.arch: &apos;amd64&apos;, os.version: &apos;10.0&apos;, java.version: &apos;1.8.0_111&apos;
Driver info: org.openqa.selenium.chrome.ChromeDriver
Capabilities {acceptInsecureCerts: false, browserName: chrome, browserVersion: 108.0.5359.125, chrome: {chromedriverVersion: 108.0.5359.71 (1e0e3868ee06..., userDataDir: C:\Users\Sanjeev\AppData\Lo...}, goog:chromeOptions: {debuggerAddress: localhost:63249}, javascriptEnabled: true, networkConnectionEnabled: false, pageLoadStrategy: normal, platform: WINDOWS, platformName: WINDOWS, proxy: Proxy(), setWindowRect: true, strictFileInteractability: false, timeouts: {implicit: 0, pageLoad: 300000, script: 30000}, unhandledPromptBehavior: dismiss and notify, webauthn:extension:credBlob: true, webauthn:extension:largeBlob: true, webauthn:virtualAuthenticators: true}
Session ID: 9f4d8ec408940af432d56582dd94ed9d
	at org.openqa.selenium.remote.http.W3CHttpResponseCodec.createException(W3CHttpResponseCodec.java:187)
	at org.openqa.selenium.remote.http.W3CHttpResponseCodec.decode(W3CHttpResponseCodec.java:122)
	at org.openqa.selenium.remote.http.W3CHttpResponseCodec.decode(W3CHttpResponseCodec.java:49)
	at org.openqa.selenium.remote.HttpCommandExecutor.execute(HttpCommandExecutor.java:158)
	at org.openqa.selenium.remote.service.DriverCommandExecutor.execute(DriverCommandExecutor.java:83)
	at org.openqa.selenium.remote.RemoteWebDriver.execute(RemoteWebDriver.java:543)
	at org.openqa.selenium.remote.RemoteWebElement.execute(RemoteWebElement.java:276)
	at org.openqa.selenium.remote.RemoteWebElement.click(RemoteWebElement.java:83)
	at org.openqa.selenium.support.pagefactory.internal.LocatingElementHandler.invoke(LocatingElementHandler.java:51)
	at com.sun.proxy.$Proxy15.click(Unknown Source)
	at com.focus.Pages.DesignWorkFLowOptionsPage.checkEraseAllTransactions(DesignWorkFLowOptionsPage.java:1615)
	at com.focus.Pages.DesignWorkFLowOptionsPage.checkEraseAllTransactionsLogoutAndLogin(DesignWorkFLowOptionsPage.java:1522)
	at com.focus.Pages.DesignWorkFLowOptionsPage.checkCannotExceedTheBaseValueOptionForMultipleRowsWithSameItem(DesignWorkFLowOptionsPage.java:21742)
	at com.focus.testcases.DesignWorkFlowOptionsTest.checkCannotExceedTheBaseValueOptionForMultipleRowsWithSameItem(DesignWorkFlowOptionsTest.java:561)
... Removed 31 stack frames</div></td></tr></table><p class="totop"><a href="#summary">back to summary</a></p><h3 id="m11">com.focus.testcases.DesignWorkFlowOptionsTest#checkCannotExceedTheBaseValueOptionForMultipleRowsWithSameItem1</h3><table class="result"><tr><th>Messages</th></tr><tr><td><div class="messages">Completed executing following method : DesignWorkFlowOptionsTest.checkCannotExceedTheBaseValueOptionForMultipleRowsWithSameItem1<br/>Test Method resides in com.focus.testcases.DesignWorkFlowOptionsTest<br/>Test Status: Failed<br/>About to begin executing following method : BaseEngine.afterMethodExecution</div></td></tr><tr><th>Exception</th></tr><tr><td><div class="stacktrace">org.openqa.selenium.ElementClickInterceptedException: element click intercepted: Element &lt;div&gt;...&lt;/div&gt; is not clickable at point (57, 252). Other element would receive the click: &lt;div id=&quot;dv_HomeFilter&quot; class=&quot;modal fade in&quot; data-backdrop=&quot;static&quot; style=&quot;display: block;&quot;&gt;...&lt;/div&gt;
  (Session info: chrome=108.0.5359.125)
Build info: version: &apos;3.12.0&apos;, revision: &apos;7c6e0b3&apos;, time: &apos;2018-05-08T14:04:26.12Z&apos;
System info: host: &apos;FOCUS-QA-133&apos;, ip: &apos;192.168.4.108&apos;, os.name: &apos;Windows 10&apos;, os.arch: &apos;amd64&apos;, os.version: &apos;10.0&apos;, java.version: &apos;1.8.0_111&apos;
Driver info: org.openqa.selenium.chrome.ChromeDriver
Capabilities {acceptInsecureCerts: false, browserName: chrome, browserVersion: 108.0.5359.125, chrome: {chromedriverVersion: 108.0.5359.71 (1e0e3868ee06..., userDataDir: C:\Users\Sanjeev\AppData\Lo...}, goog:chromeOptions: {debuggerAddress: localhost:63249}, javascriptEnabled: true, networkConnectionEnabled: false, pageLoadStrategy: normal, platform: WINDOWS, platformName: WINDOWS, proxy: Proxy(), setWindowRect: true, strictFileInteractability: false, timeouts: {implicit: 0, pageLoad: 300000, script: 30000}, unhandledPromptBehavior: dismiss and notify, webauthn:extension:credBlob: true, webauthn:extension:largeBlob: true, webauthn:virtualAuthenticators: true}
Session ID: 9f4d8ec408940af432d56582dd94ed9d
	at org.openqa.selenium.remote.http.W3CHttpResponseCodec.createException(W3CHttpResponseCodec.java:187)
	at org.openqa.selenium.remote.http.W3CHttpResponseCodec.decode(W3CHttpResponseCodec.java:122)
	at org.openqa.selenium.remote.http.W3CHttpResponseCodec.decode(W3CHttpResponseCodec.java:49)
	at org.openqa.selenium.remote.HttpCommandExecutor.execute(HttpCommandExecutor.java:158)
	at org.openqa.selenium.remote.service.DriverCommandExecutor.execute(DriverCommandExecutor.java:83)
	at org.openqa.selenium.remote.RemoteWebDriver.execute(RemoteWebDriver.java:543)
	at org.openqa.selenium.remote.RemoteWebElement.execute(RemoteWebElement.java:276)
	at org.openqa.selenium.remote.RemoteWebElement.click(RemoteWebElement.java:83)
	at org.openqa.selenium.support.pagefactory.internal.LocatingElementHandler.invoke(LocatingElementHandler.java:51)
	at com.sun.proxy.$Proxy15.click(Unknown Source)
	at com.focus.Pages.DesignWorkFLowOptionsPage.checkCannotExceedTheBaseValueOptionForMultipleRowsWithSameItem1(DesignWorkFLowOptionsPage.java:23812)
	at com.focus.testcases.DesignWorkFlowOptionsTest.checkCannotExceedTheBaseValueOptionForMultipleRowsWithSameItem1(DesignWorkFlowOptionsTest.java:575)
... Removed 31 stack frames</div></td></tr></table><p class="totop"><a href="#summary">back to summary</a></p><h3 id="m12">com.focus.testcases.DesignWorkFlowOptionsTest#checkCannotExceedTheBaseValueOptionOnEditing</h3><table class="result"><tr><th>Messages</th></tr><tr><td><div class="messages">Completed executing following method : DesignWorkFlowOptionsTest.checkCannotExceedTheBaseValueOptionOnEditing<br/>Test Method resides in com.focus.testcases.DesignWorkFlowOptionsTest<br/>Test Status: Failed<br/>About to begin executing following method : BaseEngine.afterMethodExecution</div></td></tr><tr><th>Exception</th></tr><tr><td><div class="stacktrace">org.openqa.selenium.ElementClickInterceptedException: element click intercepted: Element &lt;span class=&quot;icon-settings icon-font1&quot;&gt;&lt;/span&gt; is not clickable at point (57, 535). Other element would receive the click: &lt;div id=&quot;dv_HomeFilter&quot; class=&quot;modal fade in&quot; data-backdrop=&quot;static&quot; style=&quot;display: block;&quot;&gt;...&lt;/div&gt;
  (Session info: chrome=108.0.5359.125)
Build info: version: &apos;3.12.0&apos;, revision: &apos;7c6e0b3&apos;, time: &apos;2018-05-08T14:04:26.12Z&apos;
System info: host: &apos;FOCUS-QA-133&apos;, ip: &apos;192.168.4.108&apos;, os.name: &apos;Windows 10&apos;, os.arch: &apos;amd64&apos;, os.version: &apos;10.0&apos;, java.version: &apos;1.8.0_111&apos;
Driver info: org.openqa.selenium.chrome.ChromeDriver
Capabilities {acceptInsecureCerts: false, browserName: chrome, browserVersion: 108.0.5359.125, chrome: {chromedriverVersion: 108.0.5359.71 (1e0e3868ee06..., userDataDir: C:\Users\Sanjeev\AppData\Lo...}, goog:chromeOptions: {debuggerAddress: localhost:63249}, javascriptEnabled: true, networkConnectionEnabled: false, pageLoadStrategy: normal, platform: WINDOWS, platformName: WINDOWS, proxy: Proxy(), setWindowRect: true, strictFileInteractability: false, timeouts: {implicit: 0, pageLoad: 300000, script: 30000}, unhandledPromptBehavior: dismiss and notify, webauthn:extension:credBlob: true, webauthn:extension:largeBlob: true, webauthn:virtualAuthenticators: true}
Session ID: 9f4d8ec408940af432d56582dd94ed9d
	at org.openqa.selenium.remote.http.W3CHttpResponseCodec.createException(W3CHttpResponseCodec.java:187)
	at org.openqa.selenium.remote.http.W3CHttpResponseCodec.decode(W3CHttpResponseCodec.java:122)
	at org.openqa.selenium.remote.http.W3CHttpResponseCodec.decode(W3CHttpResponseCodec.java:49)
	at org.openqa.selenium.remote.HttpCommandExecutor.execute(HttpCommandExecutor.java:158)
	at org.openqa.selenium.remote.service.DriverCommandExecutor.execute(DriverCommandExecutor.java:83)
	at org.openqa.selenium.remote.RemoteWebDriver.execute(RemoteWebDriver.java:543)
	at org.openqa.selenium.remote.RemoteWebElement.execute(RemoteWebElement.java:276)
	at org.openqa.selenium.remote.RemoteWebElement.click(RemoteWebElement.java:83)
	at org.openqa.selenium.support.pagefactory.internal.LocatingElementHandler.invoke(LocatingElementHandler.java:51)
	at com.sun.proxy.$Proxy15.click(Unknown Source)
	at com.focus.Pages.DesignWorkFLowOptionsPage.checkCannotExceedTheBaseValueOptionOnEditing(DesignWorkFLowOptionsPage.java:24791)
	at com.focus.testcases.DesignWorkFlowOptionsTest.checkCannotExceedTheBaseValueOptionOnEditing(DesignWorkFlowOptionsTest.java:582)
... Removed 31 stack frames</div></td></tr></table><p class="totop"><a href="#summary">back to summary</a></p><h3 id="m13">com.focus.testcases.DesignWorkFlowOptionsTest#checkConsolidateOnDocumentWhenDisplayingInSelection</h3><table class="result"><tr><th>Messages</th></tr><tr><td><div class="messages">Completed executing following method : DesignWorkFlowOptionsTest.checkConsolidateOnDocumentWhenDisplayingInSelection<br/>Test Method resides in com.focus.testcases.DesignWorkFlowOptionsTest<br/>Test Status: Failed<br/>About to begin executing following method : BaseEngine.afterMethodExecution</div></td></tr><tr><th>Exception</th></tr><tr><td><div class="stacktrace">java.lang.AssertionError: expected [true] but found [false]
	at com.focus.testcases.DesignWorkFlowOptionsTest.checkConsolidateOnDocumentWhenDisplayingInSelection(DesignWorkFlowOptionsTest.java:217)
... Removed 30 stack frames</div></td></tr></table><p class="totop"><a href="#summary">back to summary</a></p><h3 id="m14">com.focus.testcases.DesignWorkFlowOptionsTest#checkCustomizeOptionAndHideThisColumnInControlPlusL</h3><table class="result"><tr><th>Messages</th></tr><tr><td><div class="messages">Completed executing following method : DesignWorkFlowOptionsTest.checkCustomizeOptionAndHideThisColumnInControlPlusL<br/>Test Method resides in com.focus.testcases.DesignWorkFlowOptionsTest<br/>Test Status: Failed<br/>About to begin executing following method : BaseEngine.afterMethodExecution</div></td></tr><tr><th>Exception</th></tr><tr><td><div class="stacktrace">java.lang.AssertionError: expected [true] but found [false]
	at com.focus.testcases.DesignWorkFlowOptionsTest.checkCustomizeOptionAndHideThisColumnInControlPlusL(DesignWorkFlowOptionsTest.java:349)
... Removed 30 stack frames</div></td></tr></table><p class="totop"><a href="#summary">back to summary</a></p><h3 id="m15">com.focus.testcases.DesignWorkFlowOptionsTest#checkCustomizeOptionAndHideThisColumnInLineWise</h3><table class="result"><tr><th>Messages</th></tr><tr><td><div class="messages">Completed executing following method : DesignWorkFlowOptionsTest.checkCustomizeOptionAndHideThisColumnInLineWise<br/>Test Method resides in com.focus.testcases.DesignWorkFlowOptionsTest<br/>Test Status: Failed<br/>About to begin executing following method : BaseEngine.afterMethodExecution</div></td></tr><tr><th>Exception</th></tr><tr><td><div class="stacktrace">java.lang.AssertionError: expected [true] but found [false]
	at com.focus.testcases.DesignWorkFlowOptionsTest.checkCustomizeOptionAndHideThisColumnInLineWise(DesignWorkFlowOptionsTest.java:364)
... Removed 30 stack frames</div></td></tr></table><p class="totop"><a href="#summary">back to summary</a></p><h3 id="m16">com.focus.testcases.DesignWorkFlowOptionsTest#checkFilterOptionsUnderPendingPurchaseOrderLink</h3><table class="result"><tr><th>Messages</th></tr><tr><td><div class="messages">Completed executing following method : DesignWorkFlowOptionsTest.checkFilterOptionsUnderPendingPurchaseOrderLink<br/>Test Method resides in com.focus.testcases.DesignWorkFlowOptionsTest<br/>Test Status: Failed<br/>About to begin executing following method : BaseEngine.afterMethodExecution</div></td></tr><tr><th>Exception</th></tr><tr><td><div class="stacktrace">org.openqa.selenium.TimeoutException: Expected condition failed: waiting for element to be clickable: Proxy element for: DefaultElementLocator &apos;By.xpath: //*[@id=&apos;2050_2_DefaultFilter_0_Start&apos;]&apos; (tried for 50 second(s) with 500 milliseconds interval)
	at org.openqa.selenium.support.ui.WebDriverWait.timeoutException(WebDriverWait.java:81)
	at org.openqa.selenium.support.ui.FluentWait.until(FluentWait.java:271)
	at com.focus.base.BaseEngine.enterText(BaseEngine.java:358)
	at com.focus.Pages.DesignWorkFLowOptionsPage.checkFilterOptionsUnderPendingPurchaseOrderLink(DesignWorkFLowOptionsPage.java:21314)
	at com.focus.testcases.DesignWorkFlowOptionsTest.checkFilterOptionsUnderPendingPurchaseOrderLink(DesignWorkFlowOptionsTest.java:554)
Caused by: org.openqa.selenium.NoSuchElementException: no such element: Unable to locate element: {&quot;method&quot;:&quot;xpath&quot;,&quot;selector&quot;:&quot;//*[@id=&apos;2050_2_DefaultFilter_0_Start&apos;]&quot;}
  (Session info: chrome=108.0.5359.125)
For documentation on this error, please visit: http://seleniumhq.org/exceptions/no_such_element.html
Build info: version: &apos;3.12.0&apos;, revision: &apos;7c6e0b3&apos;, time: &apos;2018-05-08T14:04:26.12Z&apos;
System info: host: &apos;FOCUS-QA-133&apos;, ip: &apos;192.168.4.108&apos;, os.name: &apos;Windows 10&apos;, os.arch: &apos;amd64&apos;, os.version: &apos;10.0&apos;, java.version: &apos;1.8.0_111&apos;
Driver info: org.openqa.selenium.chrome.ChromeDriver
Capabilities {acceptInsecureCerts: false, browserName: chrome, browserVersion: 108.0.5359.125, chrome: {chromedriverVersion: 108.0.5359.71 (1e0e3868ee06..., userDataDir: C:\Users\Sanjeev\AppData\Lo...}, goog:chromeOptions: {debuggerAddress: localhost:63249}, javascriptEnabled: true, networkConnectionEnabled: false, pageLoadStrategy: normal, platform: WINDOWS, platformName: WINDOWS, proxy: Proxy(), setWindowRect: true, strictFileInteractability: false, timeouts: {implicit: 0, pageLoad: 300000, script: 30000}, unhandledPromptBehavior: dismiss and notify, webauthn:extension:credBlob: true, webauthn:extension:largeBlob: true, webauthn:virtualAuthenticators: true}
Session ID: 9f4d8ec408940af432d56582dd94ed9d
*** Element info: {Using=xpath, value=//*[@id=&apos;2050_2_DefaultFilter_0_Start&apos;]}
	at org.openqa.selenium.remote.http.W3CHttpResponseCodec.createException(W3CHttpResponseCodec.java:187)
	at org.openqa.selenium.remote.http.W3CHttpResponseCodec.decode(W3CHttpResponseCodec.java:122)
	at org.openqa.selenium.remote.http.W3CHttpResponseCodec.decode(W3CHttpResponseCodec.java:49)
	at org.openqa.selenium.remote.HttpCommandExecutor.execute(HttpCommandExecutor.java:158)
	at org.openqa.selenium.remote.service.DriverCommandExecutor.execute(DriverCommandExecutor.java:83)
	at org.openqa.selenium.remote.RemoteWebDriver.execute(RemoteWebDriver.java:543)
	at org.openqa.selenium.remote.RemoteWebDriver.findElement(RemoteWebDriver.java:317)
	at org.openqa.selenium.remote.RemoteWebDriver.findElementByXPath(RemoteWebDriver.java:419)
	at org.openqa.selenium.By$ByXPath.findElement(By.java:353)
	at org.openqa.selenium.remote.RemoteWebDriver.findElement(RemoteWebDriver.java:309)
	at org.openqa.selenium.support.pagefactory.DefaultElementLocator.findElement(DefaultElementLocator.java:69)
	at org.openqa.selenium.support.pagefactory.internal.LocatingElementHandler.invoke(LocatingElementHandler.java:38)
	at com.sun.proxy.$Proxy15.isDisplayed(Unknown Source)
	at org.openqa.selenium.support.ui.ExpectedConditions.elementIfVisible(ExpectedConditions.java:315)
	at org.openqa.selenium.support.ui.ExpectedConditions.access$100(ExpectedConditions.java:44)
	at org.openqa.selenium.support.ui.ExpectedConditions$10.apply(ExpectedConditions.java:301)
	at org.openqa.selenium.support.ui.ExpectedConditions$10.apply(ExpectedConditions.java:298)
	at org.openqa.selenium.support.ui.ExpectedConditions$23.apply(ExpectedConditions.java:686)
	at org.openqa.selenium.support.ui.ExpectedConditions$23.apply(ExpectedConditions.java:682)
	at org.openqa.selenium.support.ui.FluentWait.until(FluentWait.java:248)
	... 27 more
... Removed 27 stack frames</div></td></tr></table><p class="totop"><a href="#summary">back to summary</a></p><h3 id="m17">com.focus.testcases.DesignWorkFlowOptionsTest#checkLinkChainAnalysisReport</h3><table class="result"><tr><th>Messages</th></tr><tr><td><div class="messages">Completed executing following method : DesignWorkFlowOptionsTest.checkLinkChainAnalysisReport<br/>Test Method resides in com.focus.testcases.DesignWorkFlowOptionsTest<br/>Test Status: Failed<br/>About to begin executing following method : BaseEngine.afterMethodExecution</div></td></tr><tr><th>Exception</th></tr><tr><td><div class="stacktrace">java.lang.AssertionError: expected [true] but found [false]
	at com.focus.testcases.DesignWorkFlowOptionsTest.checkLinkChainAnalysisReport(DesignWorkFlowOptionsTest.java:511)
... Removed 30 stack frames</div></td></tr></table><p class="totop"><a href="#summary">back to summary</a></p><h3 id="m18">com.focus.testcases.DesignWorkFlowOptionsTest#checkListingOfDocumentsByDueDateReport</h3><table class="result"><tr><th>Messages</th></tr><tr><td><div class="messages">Completed executing following method : DesignWorkFlowOptionsTest.checkListingOfDocumentsByDueDateReport<br/>Test Method resides in com.focus.testcases.DesignWorkFlowOptionsTest<br/>Test Status: Failed<br/>About to begin executing following method : BaseEngine.afterMethodExecution</div></td></tr><tr><th>Exception</th></tr><tr><td><div class="stacktrace">java.lang.AssertionError: expected [true] but found [false]
	at com.focus.testcases.DesignWorkFlowOptionsTest.checkListingOfDocumentsByDueDateReport(DesignWorkFlowOptionsTest.java:488)
... Removed 30 stack frames</div></td></tr></table><p class="totop"><a href="#summary">back to summary</a></p><h3 id="m19">com.focus.testcases.DesignWorkFlowOptionsTest#checkLogout</h3><table class="result"><tr><th>Messages</th></tr><tr><td><div class="messages">Completed executing following method : DesignWorkFlowOptionsTest.checkLogout<br/>Test Method resides in com.focus.testcases.DesignWorkFlowOptionsTest<br/>Test Status: Failed<br/>About to begin executing following method : BaseEngine.afterMethodExecution</div></td></tr><tr><th>Exception</th></tr><tr><td><div class="stacktrace">org.openqa.selenium.ElementClickInterceptedException: element click intercepted: Element &lt;span class=&quot;hidden-xs&quot;&gt;...&lt;/span&gt; is not clickable at point (1223, 23). Other element would receive the click: &lt;div id=&quot;dv_HomeFilter&quot; class=&quot;modal fade in&quot; data-backdrop=&quot;static&quot; style=&quot;display: block;&quot;&gt;...&lt;/div&gt;
  (Session info: chrome=108.0.5359.125)
Build info: version: &apos;3.12.0&apos;, revision: &apos;7c6e0b3&apos;, time: &apos;2018-05-08T14:04:26.12Z&apos;
System info: host: &apos;FOCUS-QA-133&apos;, ip: &apos;192.168.4.108&apos;, os.name: &apos;Windows 10&apos;, os.arch: &apos;amd64&apos;, os.version: &apos;10.0&apos;, java.version: &apos;1.8.0_111&apos;
Driver info: org.openqa.selenium.chrome.ChromeDriver
Capabilities {acceptInsecureCerts: false, browserName: chrome, browserVersion: 108.0.5359.125, chrome: {chromedriverVersion: 108.0.5359.71 (1e0e3868ee06..., userDataDir: C:\Users\Sanjeev\AppData\Lo...}, goog:chromeOptions: {debuggerAddress: localhost:63249}, javascriptEnabled: true, networkConnectionEnabled: false, pageLoadStrategy: normal, platform: WINDOWS, platformName: WINDOWS, proxy: Proxy(), setWindowRect: true, strictFileInteractability: false, timeouts: {implicit: 0, pageLoad: 300000, script: 30000}, unhandledPromptBehavior: dismiss and notify, webauthn:extension:credBlob: true, webauthn:extension:largeBlob: true, webauthn:virtualAuthenticators: true}
Session ID: 9f4d8ec408940af432d56582dd94ed9d
	at org.openqa.selenium.remote.http.W3CHttpResponseCodec.createException(W3CHttpResponseCodec.java:187)
	at org.openqa.selenium.remote.http.W3CHttpResponseCodec.decode(W3CHttpResponseCodec.java:122)
	at org.openqa.selenium.remote.http.W3CHttpResponseCodec.decode(W3CHttpResponseCodec.java:49)
	at org.openqa.selenium.remote.HttpCommandExecutor.execute(HttpCommandExecutor.java:158)
	at org.openqa.selenium.remote.service.DriverCommandExecutor.execute(DriverCommandExecutor.java:83)
	at org.openqa.selenium.remote.RemoteWebDriver.execute(RemoteWebDriver.java:543)
	at org.openqa.selenium.remote.RemoteWebElement.execute(RemoteWebElement.java:276)
	at org.openqa.selenium.remote.RemoteWebElement.click(RemoteWebElement.java:83)
	at org.openqa.selenium.support.pagefactory.internal.LocatingElementHandler.invoke(LocatingElementHandler.java:51)
	at com.sun.proxy.$Proxy15.click(Unknown Source)
	at com.focus.Pages.DesignWorkFLowOptionsPage.checkLogout(DesignWorkFLowOptionsPage.java:25332)
	at com.focus.testcases.DesignWorkFlowOptionsTest.checkLogout(DesignWorkFlowOptionsTest.java:590)
... Removed 31 stack frames</div></td></tr></table><p class="totop"><a href="#summary">back to summary</a></p><h3 id="m20">com.focus.testcases.BatchNegativeTestingOptionsTest#chechAuthoriseVoucher2AfterAuthorisation1stVoucher</h3><table class="result"><tr><th>Messages</th></tr><tr><td><div class="messages">Completed executing following method : BatchNegativeTestingOptionsTest.chechAuthoriseVoucher2AfterAuthorisation1stVoucher<br/>Test Method resides in com.focus.testcases.BatchNegativeTestingOptionsTest<br/>Test Status: Pass<br/>About to begin executing following method : BaseEngine.afterMethodExecution</div></td></tr></table><p class="totop"><a href="#summary">back to summary</a></p><h3 id="m21">com.focus.testcases.BatchNegativeTestingOptionsTest#checkAddingLinkFromPurchaseVoucherVATToSalesInvoiceN</h3><table class="result"><tr><th>Messages</th></tr><tr><td><div class="messages">Completed executing following method : BatchNegativeTestingOptionsTest.checkAddingLinkFromPurchaseVoucherVATToSalesInvoiceN<br/>Test Method resides in com.focus.testcases.BatchNegativeTestingOptionsTest<br/>Test Status: Pass<br/>About to begin executing following method : BaseEngine.afterMethodExecution</div></td></tr></table><p class="totop"><a href="#summary">back to summary</a></p><h3 id="m22">com.focus.testcases.BatchNegativeTestingOptionsTest#checkAuthorisationOFSalesInvoiceDocumentWithoutEnablingInventoryOptionUnderkeepUnposted</h3><table class="result"><tr><th>Messages</th></tr><tr><td><div class="messages">Completed executing following method : BatchNegativeTestingOptionsTest.checkAuthorisationOFSalesInvoiceDocumentWithoutEnablingInventoryOptionUnderkeepUnposted<br/>Test Method resides in com.focus.testcases.BatchNegativeTestingOptionsTest<br/>Test Status: Pass<br/>About to begin executing following method : BaseEngine.afterMethodExecution</div></td></tr></table><p class="totop"><a href="#summary">back to summary</a></p><h3 id="m23">com.focus.testcases.BatchNegativeTestingOptionsTest#checkBatchPopupInSalesInvoiceVATVoucher2ByLoadingFromWorkflowAndSelectingSalesOrderDoc2</h3><table class="result"><tr><th>Messages</th></tr><tr><td><div class="messages">Completed executing following method : BatchNegativeTestingOptionsTest.checkBatchPopupInSalesInvoiceVATVoucher2ByLoadingFromWorkflowAndSelectingSalesOrderDoc2<br/>Test Method resides in com.focus.testcases.BatchNegativeTestingOptionsTest<br/>Test Status: Pass<br/>About to begin executing following method : BaseEngine.afterMethodExecution</div></td></tr></table><p class="totop"><a href="#summary">back to summary</a></p><h3 id="m24">com.focus.testcases.BatchNegativeTestingOptionsTest#checkBatchPopupInSalesInvoiceVATVoucher2ByLoadingFromWorkflowAndSelectingSalesOrderDoc2AfterEnablingInputBatchEvenIfStockIsNotUpdated</h3><table class="result"><tr><th>Messages</th></tr><tr><td><div class="messages">Completed executing following method : BatchNegativeTestingOptionsTest.checkBatchPopupInSalesInvoiceVATVoucher2ByLoadingFromWorkflowAndSelectingSalesOrderDoc2AfterEnablingInputBatchEvenIfStockIsNotUpdated<br/>Test Method resides in com.focus.testcases.BatchNegativeTestingOptionsTest<br/>Test Status: Pass<br/>About to begin executing following method : BaseEngine.afterMethodExecution</div></td></tr></table><p class="totop"><a href="#summary">back to summary</a></p><h3 id="m25">com.focus.testcases.BatchNegativeTestingOptionsTest#checkBatchPopupIsDisplayingWithValuesInSalesInvoiceVATVoucher1AfterEnablingAllowBatchNegativeQuantityOption</h3><table class="result"><tr><th>Messages</th></tr><tr><td><div class="messages">Completed executing following method : BatchNegativeTestingOptionsTest.checkBatchPopupIsDisplayingWithValuesInSalesInvoiceVATVoucher1AfterEnablingAllowBatchNegativeQuantityOption<br/>Test Method resides in com.focus.testcases.BatchNegativeTestingOptionsTest<br/>Test Status: Pass<br/>About to begin executing following method : BaseEngine.afterMethodExecution</div></td></tr></table><p class="totop"><a href="#summary">back to summary</a></p><h3 id="m26">com.focus.testcases.BatchNegativeTestingOptionsTest#checkBatchPopupIsDisplayingWithValuesInSalesInvoiceVATVoucher1AfterSavingPurchaseVoucher1</h3><table class="result"><tr><th>Messages</th></tr><tr><td><div class="messages">Completed executing following method : BatchNegativeTestingOptionsTest.checkBatchPopupIsDisplayingWithValuesInSalesInvoiceVATVoucher1AfterSavingPurchaseVoucher1<br/>Test Method resides in com.focus.testcases.BatchNegativeTestingOptionsTest<br/>Test Status: Pass<br/>About to begin executing following method : BaseEngine.afterMethodExecution</div></td></tr></table><p class="totop"><a href="#summary">back to summary</a></p><h3 id="m27">com.focus.testcases.BatchNegativeTestingOptionsTest#checkBatchPopupIsDisplayingWithValuesInSalesInvoiceVATVoucher1WithQuantity11</h3><table class="result"><tr><th>Messages</th></tr><tr><td><div class="messages">Completed executing following method : BatchNegativeTestingOptionsTest.checkBatchPopupIsDisplayingWithValuesInSalesInvoiceVATVoucher1WithQuantity11<br/>Test Method resides in com.focus.testcases.BatchNegativeTestingOptionsTest<br/>Test Status: Pass<br/>About to begin executing following method : BaseEngine.afterMethodExecution</div></td></tr></table><p class="totop"><a href="#summary">back to summary</a></p><h3 id="m28">com.focus.testcases.BatchNegativeTestingOptionsTest#checkBatchPopupValuesInDeliveryNoteVoucher1AfterSavingPurchaseVoucherVAT1</h3><table class="result"><tr><th>Messages</th></tr><tr><td><div class="messages">Completed executing following method : BatchNegativeTestingOptionsTest.checkBatchPopupValuesInDeliveryNoteVoucher1AfterSavingPurchaseVoucherVAT1<br/>Test Method resides in com.focus.testcases.BatchNegativeTestingOptionsTest<br/>Test Status: Pass<br/>About to begin executing following method : BaseEngine.afterMethodExecution</div></td></tr></table><p class="totop"><a href="#summary">back to summary</a></p><h3 id="m29">com.focus.testcases.BatchNegativeTestingOptionsTest#checkChangingBatchInPurchaseVoucherVATAfterAfterBatchConsumed</h3><table class="result"><tr><th>Messages</th></tr><tr><td><div class="messages">Completed executing following method : BatchNegativeTestingOptionsTest.checkChangingBatchInPurchaseVoucherVATAfterAfterBatchConsumed<br/>Test Method resides in com.focus.testcases.BatchNegativeTestingOptionsTest<br/>Test Status: Pass<br/>About to begin executing following method : BaseEngine.afterMethodExecution</div></td></tr></table><p class="totop"><a href="#summary">back to summary</a></p><h3 id="m30">com.focus.testcases.BatchNegativeTestingOptionsTest#checkChangingBatchNameInPVVATAfterBatchConsumed</h3><table class="result"><tr><th>Messages</th></tr><tr><td><div class="messages">Completed executing following method : BatchNegativeTestingOptionsTest.checkChangingBatchNameInPVVATAfterBatchConsumed<br/>Test Method resides in com.focus.testcases.BatchNegativeTestingOptionsTest<br/>Test Status: Pass<br/>About to begin executing following method : BaseEngine.afterMethodExecution</div></td></tr></table><p class="totop"><a href="#summary">back to summary</a></p><h3 id="m31">com.focus.testcases.BatchNegativeTestingOptionsTest#checkChangingItemAndBatchAndWareHouseInConsumedPVVAT</h3><table class="result"><tr><th>Messages</th></tr><tr><td><div class="messages">Completed executing following method : BatchNegativeTestingOptionsTest.checkChangingItemAndBatchAndWareHouseInConsumedPVVAT<br/>Test Method resides in com.focus.testcases.BatchNegativeTestingOptionsTest<br/>Test Status: Pass<br/>About to begin executing following method : BaseEngine.afterMethodExecution</div></td></tr></table><p class="totop"><a href="#summary">back to summary</a></p><h3 id="m32">com.focus.testcases.BatchNegativeTestingOptionsTest#checkChangingItemInPvVAT</h3><table class="result"><tr><th>Messages</th></tr><tr><td><div class="messages">Completed executing following method : BatchNegativeTestingOptionsTest.checkChangingItemInPvVAT<br/>Test Method resides in com.focus.testcases.BatchNegativeTestingOptionsTest<br/>Test Status: Pass<br/>About to begin executing following method : BaseEngine.afterMethodExecution</div></td></tr></table><p class="totop"><a href="#summary">back to summary</a></p><h3 id="m33">com.focus.testcases.BatchNegativeTestingOptionsTest#checkChangingQtyInPurVouVATAfterSavingSalesOrder</h3><table class="result"><tr><th>Messages</th></tr><tr><td><div class="messages">Completed executing following method : BatchNegativeTestingOptionsTest.checkChangingQtyInPurVouVATAfterSavingSalesOrder<br/>Test Method resides in com.focus.testcases.BatchNegativeTestingOptionsTest<br/>Test Status: Pass<br/>About to begin executing following method : BaseEngine.afterMethodExecution</div></td></tr></table><p class="totop"><a href="#summary">back to summary</a></p><h3 id="m34">com.focus.testcases.BatchNegativeTestingOptionsTest#checkChangingQtyinPurVoucherAfterSalesOrderVouSuspended</h3><table class="result"><tr><th>Messages</th></tr><tr><td><div class="messages">Completed executing following method : BatchNegativeTestingOptionsTest.checkChangingQtyinPurVoucherAfterSalesOrderVouSuspended<br/>Test Method resides in com.focus.testcases.BatchNegativeTestingOptionsTest<br/>Test Status: Pass<br/>About to begin executing following method : BaseEngine.afterMethodExecution</div></td></tr></table><p class="totop"><a href="#summary">back to summary</a></p><h3 id="m35">com.focus.testcases.BatchNegativeTestingOptionsTest#checkChangingQuantityInPurchaseVoucherAfterBatchConsumed</h3><table class="result"><tr><th>Messages</th></tr><tr><td><div class="messages">Completed executing following method : BatchNegativeTestingOptionsTest.checkChangingQuantityInPurchaseVoucherAfterBatchConsumed<br/>Test Method resides in com.focus.testcases.BatchNegativeTestingOptionsTest<br/>Test Status: Pass<br/>About to begin executing following method : BaseEngine.afterMethodExecution</div></td></tr></table><p class="totop"><a href="#summary">back to summary</a></p><h3 id="m36">com.focus.testcases.BatchNegativeTestingOptionsTest#checkChangingQunatityInPurchaseVoucherAfterConsumed</h3><table class="result"><tr><th>Messages</th></tr><tr><td><div class="messages">Completed executing following method : BatchNegativeTestingOptionsTest.checkChangingQunatityInPurchaseVoucherAfterConsumed<br/>Test Method resides in com.focus.testcases.BatchNegativeTestingOptionsTest<br/>Test Status: Pass<br/>About to begin executing following method : BaseEngine.afterMethodExecution</div></td></tr></table><p class="totop"><a href="#summary">back to summary</a></p><h3 id="m37">com.focus.testcases.BatchNegativeTestingOptionsTest#checkChangingWarehouseInPVVATAfterAfterBatchConsumed</h3><table class="result"><tr><th>Messages</th></tr><tr><td><div class="messages">Completed executing following method : BatchNegativeTestingOptionsTest.checkChangingWarehouseInPVVATAfterAfterBatchConsumed<br/>Test Method resides in com.focus.testcases.BatchNegativeTestingOptionsTest<br/>Test Status: Pass<br/>About to begin executing following method : BaseEngine.afterMethodExecution</div></td></tr></table><p class="totop"><a href="#summary">back to summary</a></p><h3 id="m38">com.focus.testcases.BatchNegativeTestingOptionsTest#checkDefineAuthorizationOnSalesOrderDocumentWithKeepUnpostingReservationsOption</h3><table class="result"><tr><th>Messages</th></tr><tr><td><div class="messages">Completed executing following method : BatchNegativeTestingOptionsTest.checkDefineAuthorizationOnSalesOrderDocumentWithKeepUnpostingReservationsOption<br/>Test Method resides in com.focus.testcases.BatchNegativeTestingOptionsTest<br/>Test Status: Pass<br/>About to begin executing following method : BaseEngine.afterMethodExecution</div></td></tr></table><p class="totop"><a href="#summary">back to summary</a></p><h3 id="m39">com.focus.testcases.BatchNegativeTestingOptionsTest#checkDefineAuthorizationWithoutKeepunpostingOptionOnInventoryDocumentInSalesOrder</h3><table class="result"><tr><th>Messages</th></tr><tr><td><div class="messages">Completed executing following method : BatchNegativeTestingOptionsTest.checkDefineAuthorizationWithoutKeepunpostingOptionOnInventoryDocumentInSalesOrder<br/>Test Method resides in com.focus.testcases.BatchNegativeTestingOptionsTest<br/>Test Status: Pass<br/>About to begin executing following method : BaseEngine.afterMethodExecution</div></td></tr></table><p class="totop"><a href="#summary">back to summary</a></p><h3 id="m40">com.focus.testcases.BatchNegativeTestingOptionsTest#checkDeletingPurchasVatVoucherAfterBatchConsumedinSalesInvoice</h3><table class="result"><tr><th>Messages</th></tr><tr><td><div class="messages">Completed executing following method : BatchNegativeTestingOptionsTest.checkDeletingPurchasVatVoucherAfterBatchConsumedinSalesInvoice<br/>Test Method resides in com.focus.testcases.BatchNegativeTestingOptionsTest<br/>Test Status: Pass<br/>About to begin executing following method : BaseEngine.afterMethodExecution</div></td></tr></table><p class="totop"><a href="#summary">back to summary</a></p><h3 id="m41">com.focus.testcases.BatchNegativeTestingOptionsTest#checkDeletingPurchaseReturnsVoucher1And2</h3><table class="result"><tr><th>Messages</th></tr><tr><td><div class="messages">Completed executing following method : BatchNegativeTestingOptionsTest.checkDeletingPurchaseReturnsVoucher1And2<br/>Test Method resides in com.focus.testcases.BatchNegativeTestingOptionsTest<br/>Test Status: Pass<br/>About to begin executing following method : BaseEngine.afterMethodExecution</div></td></tr></table><p class="totop"><a href="#summary">back to summary</a></p><h3 id="m42">com.focus.testcases.BatchNegativeTestingOptionsTest#checkDeletingPurchaseReturnsVoucher1ForSixtyNinthScenario</h3><table class="result"><tr><th>Messages</th></tr><tr><td><div class="messages">Completed executing following method : BatchNegativeTestingOptionsTest.checkDeletingPurchaseReturnsVoucher1ForSixtyNinthScenario<br/>Test Method resides in com.focus.testcases.BatchNegativeTestingOptionsTest<br/>Test Status: Pass<br/>About to begin executing following method : BaseEngine.afterMethodExecution</div></td></tr></table><p class="totop"><a href="#summary">back to summary</a></p><h3 id="m43">com.focus.testcases.BatchNegativeTestingOptionsTest#checkDeletingPurchaseVoucherVATAfterBatchConsumedInSalesInvoiceVat</h3><table class="result"><tr><th>Messages</th></tr><tr><td><div class="messages">Completed executing following method : BatchNegativeTestingOptionsTest.checkDeletingPurchaseVoucherVATAfterBatchConsumedInSalesInvoiceVat<br/>Test Method resides in com.focus.testcases.BatchNegativeTestingOptionsTest<br/>Test Status: Pass<br/>About to begin executing following method : BaseEngine.afterMethodExecution</div></td></tr></table><p class="totop"><a href="#summary">back to summary</a></p><h3 id="m44">com.focus.testcases.BatchNegativeTestingOptionsTest#checkDeletingSalesInvoiceNVoucher1ForSixtyFourthScenario</h3><table class="result"><tr><th>Messages</th></tr><tr><td><div class="messages">Completed executing following method : BatchNegativeTestingOptionsTest.checkDeletingSalesInvoiceNVoucher1ForSixtyFourthScenario<br/>Test Method resides in com.focus.testcases.BatchNegativeTestingOptionsTest<br/>Test Status: Pass<br/>About to begin executing following method : BaseEngine.afterMethodExecution</div></td></tr></table><p class="totop"><a href="#summary">back to summary</a></p><h3 id="m45">com.focus.testcases.BatchNegativeTestingOptionsTest#checkDeletingSalesInvoiceVATVoucher1AfterAddingSalesInvoiceNInDesignWorkFlow</h3><table class="result"><tr><th>Messages</th></tr><tr><td><div class="messages">Completed executing following method : BatchNegativeTestingOptionsTest.checkDeletingSalesInvoiceVATVoucher1AfterAddingSalesInvoiceNInDesignWorkFlow<br/>Test Method resides in com.focus.testcases.BatchNegativeTestingOptionsTest<br/>Test Status: Pass<br/>About to begin executing following method : BaseEngine.afterMethodExecution</div></td></tr></table><p class="totop"><a href="#summary">back to summary</a></p><h3 id="m46">com.focus.testcases.BatchNegativeTestingOptionsTest#checkDeletingSalesInvoiceVATVoucher1AfterChangingWarehouseInPurchaseVoucher</h3><table class="result"><tr><th>Messages</th></tr><tr><td><div class="messages">Completed executing following method : BatchNegativeTestingOptionsTest.checkDeletingSalesInvoiceVATVoucher1AfterChangingWarehouseInPurchaseVoucher<br/>Test Method resides in com.focus.testcases.BatchNegativeTestingOptionsTest<br/>Test Status: Pass<br/>About to begin executing following method : BaseEngine.afterMethodExecution</div></td></tr></table><p class="totop"><a href="#summary">back to summary</a></p><h3 id="m47">com.focus.testcases.BatchNegativeTestingOptionsTest#checkDeletingSalesInvoiceVATVoucher1ForSavingWithConsumingPartially</h3><table class="result"><tr><th>Messages</th></tr><tr><td><div class="messages">Completed executing following method : BatchNegativeTestingOptionsTest.checkDeletingSalesInvoiceVATVoucher1ForSavingWithConsumingPartially<br/>Test Method resides in com.focus.testcases.BatchNegativeTestingOptionsTest<br/>Test Status: Pass<br/>About to begin executing following method : BaseEngine.afterMethodExecution</div></td></tr></table><p class="totop"><a href="#summary">back to summary</a></p><h3 id="m48">com.focus.testcases.BatchNegativeTestingOptionsTest#checkDeletingVoucherInSIAndSuspendingVoucherInSO</h3><table class="result"><tr><th>Messages</th></tr><tr><td><div class="messages">Completed executing following method : BatchNegativeTestingOptionsTest.checkDeletingVoucherInSIAndSuspendingVoucherInSO<br/>Test Method resides in com.focus.testcases.BatchNegativeTestingOptionsTest<br/>Test Status: Pass<br/>About to begin executing following method : BaseEngine.afterMethodExecution</div></td></tr></table><p class="totop"><a href="#summary">back to summary</a></p><h3 id="m49">com.focus.testcases.BatchNegativeTestingOptionsTest#checkDeletingVoucherInSalesInvoiceVATWhenStatusInPending</h3><table class="result"><tr><th>Messages</th></tr><tr><td><div class="messages">Completed executing following method : BatchNegativeTestingOptionsTest.checkDeletingVoucherInSalesInvoiceVATWhenStatusInPending<br/>Test Method resides in com.focus.testcases.BatchNegativeTestingOptionsTest<br/>Test Status: Pass<br/>About to begin executing following method : BaseEngine.afterMethodExecution</div></td></tr></table><p class="totop"><a href="#summary">back to summary</a></p><h3 id="m50">com.focus.testcases.BatchNegativeTestingOptionsTest#checkDeletingVoucherInSalesInvoiceWithAuthorisationStatusPending</h3><table class="result"><tr><th>Messages</th></tr><tr><td><div class="messages">Completed executing following method : BatchNegativeTestingOptionsTest.checkDeletingVoucherInSalesInvoiceWithAuthorisationStatusPending<br/>Test Method resides in com.focus.testcases.BatchNegativeTestingOptionsTest<br/>Test Status: Pass<br/>About to begin executing following method : BaseEngine.afterMethodExecution</div></td></tr></table><p class="totop"><a href="#summary">back to summary</a></p><h3 id="m51">com.focus.testcases.BatchNegativeTestingOptionsTest#checkDeletingVoucherInsalesOrder</h3><table class="result"><tr><th>Messages</th></tr><tr><td><div class="messages">Completed executing following method : BatchNegativeTestingOptionsTest.checkDeletingVoucherInsalesOrder<br/>Test Method resides in com.focus.testcases.BatchNegativeTestingOptionsTest<br/>Test Status: Pass<br/>About to begin executing following method : BaseEngine.afterMethodExecution</div></td></tr></table><p class="totop"><a href="#summary">back to summary</a></p><h3 id="m52">com.focus.testcases.BatchNegativeTestingOptionsTest#checkDisablingAllowNegativeBatchQuantityOption</h3><table class="result"><tr><th>Messages</th></tr><tr><td><div class="messages">Completed executing following method : BatchNegativeTestingOptionsTest.checkDisablingAllowNegativeBatchQuantityOption<br/>Test Method resides in com.focus.testcases.BatchNegativeTestingOptionsTest<br/>Test Status: Pass<br/>About to begin executing following method : BaseEngine.afterMethodExecution</div></td></tr></table><p class="totop"><a href="#summary">back to summary</a></p><h3 id="m53">com.focus.testcases.BatchNegativeTestingOptionsTest#checkEditingQtyInPVVATAfterSavingSalesInvoiceVAT</h3><table class="result"><tr><th>Messages</th></tr><tr><td><div class="messages">Completed executing following method : BatchNegativeTestingOptionsTest.checkEditingQtyInPVVATAfterSavingSalesInvoiceVAT<br/>Test Method resides in com.focus.testcases.BatchNegativeTestingOptionsTest<br/>Test Status: Pass<br/>About to begin executing following method : BaseEngine.afterMethodExecution</div></td></tr></table><p class="totop"><a href="#summary">back to summary</a></p><h3 id="m54">com.focus.testcases.BatchNegativeTestingOptionsTest#checkEnableInputBatchEvenStockIsNotUpdatedOptionInSalesOrder</h3><table class="result"><tr><th>Messages</th></tr><tr><td><div class="messages">Completed executing following method : BatchNegativeTestingOptionsTest.checkEnableInputBatchEvenStockIsNotUpdatedOptionInSalesOrder<br/>Test Method resides in com.focus.testcases.BatchNegativeTestingOptionsTest<br/>Test Status: Pass<br/>About to begin executing following method : BaseEngine.afterMethodExecution</div></td></tr></table><p class="totop"><a href="#summary">back to summary</a></p><h3 id="m55">com.focus.testcases.BatchNegativeTestingOptionsTest#checkEnablingAllowNegativeBatchQuantityOption</h3><table class="result"><tr><th>Messages</th></tr><tr><td><div class="messages">Completed executing following method : BatchNegativeTestingOptionsTest.checkEnablingAllowNegativeBatchQuantityOption<br/>Test Method resides in com.focus.testcases.BatchNegativeTestingOptionsTest<br/>Test Status: Pass<br/>About to begin executing following method : BaseEngine.afterMethodExecution</div></td></tr></table><p class="totop"><a href="#summary">back to summary</a></p><h3 id="m56">com.focus.testcases.BatchNegativeTestingOptionsTest#checkEnablingDoNotClubWithCommonBaseFromPurchaseVoucherVATToSalesInvoiceN</h3><table class="result"><tr><th>Messages</th></tr><tr><td><div class="messages">Completed executing following method : BatchNegativeTestingOptionsTest.checkEnablingDoNotClubWithCommonBaseFromPurchaseVoucherVATToSalesInvoiceN<br/>Test Method resides in com.focus.testcases.BatchNegativeTestingOptionsTest<br/>Test Status: Pass<br/>About to begin executing following method : BaseEngine.afterMethodExecution</div></td></tr></table><p class="totop"><a href="#summary">back to summary</a></p><h3 id="m57">com.focus.testcases.BatchNegativeTestingOptionsTest#checkEnablingInputBatchEvenIfStockIsNotUpdatedInSalesOrderVoucher</h3><table class="result"><tr><th>Messages</th></tr><tr><td><div class="messages">Completed executing following method : BatchNegativeTestingOptionsTest.checkEnablingInputBatchEvenIfStockIsNotUpdatedInSalesOrderVoucher<br/>Test Method resides in com.focus.testcases.BatchNegativeTestingOptionsTest<br/>Test Status: Pass<br/>About to begin executing following method : BaseEngine.afterMethodExecution</div></td></tr></table><p class="totop"><a href="#summary">back to summary</a></p><h3 id="m58">com.focus.testcases.BatchNegativeTestingOptionsTest#checkEnablingInventoryoptionUnderkeepUnpostedInTransdactionAuthorisationOfSalesType</h3><table class="result"><tr><th>Messages</th></tr><tr><td><div class="messages">Completed executing following method : BatchNegativeTestingOptionsTest.checkEnablingInventoryoptionUnderkeepUnpostedInTransdactionAuthorisationOfSalesType<br/>Test Method resides in com.focus.testcases.BatchNegativeTestingOptionsTest<br/>Test Status: Pass<br/>About to begin executing following method : BaseEngine.afterMethodExecution</div></td></tr></table><p class="totop"><a href="#summary">back to summary</a></p><h3 id="m59">com.focus.testcases.BatchNegativeTestingOptionsTest#checkEraseAllDATA</h3><table class="result"><tr><th>Messages</th></tr><tr><td><div class="messages">Completed executing following method : BatchNegativeTestingOptionsTest.checkEraseAllDATA<br/>Test Method resides in com.focus.testcases.BatchNegativeTestingOptionsTest<br/>Test Status: Pass<br/>About to begin executing following method : BaseEngine.afterMethodExecution</div></td></tr></table><p class="totop"><a href="#summary">back to summary</a></p><h3 id="m60">com.focus.testcases.BatchNegativeTestingOptionsTest#checkEraseAllTransactionsLogoutAndLoginAfterAllowNegativeBatchQuantityOption</h3><table class="result"><tr><th>Messages</th></tr><tr><td><div class="messages">Completed executing following method : BatchNegativeTestingOptionsTest.checkEraseAllTransactionsLogoutAndLoginAfterAllowNegativeBatchQuantityOption<br/>Test Method resides in com.focus.testcases.BatchNegativeTestingOptionsTest<br/>Test Status: Pass<br/>About to begin executing following method : BaseEngine.afterMethodExecution</div></td></tr></table><p class="totop"><a href="#summary">back to summary</a></p><h3 id="m61">com.focus.testcases.BatchNegativeTestingOptionsTest#checkEraseAllTransactionsLogoutAndLoginAfterConsolidateBatchesByBatchNoOption</h3><table class="result"><tr><th>Messages</th></tr><tr><td><div class="messages">Completed executing following method : BatchNegativeTestingOptionsTest.checkEraseAllTransactionsLogoutAndLoginAfterConsolidateBatchesByBatchNoOption<br/>Test Method resides in com.focus.testcases.BatchNegativeTestingOptionsTest<br/>Test Status: Pass<br/>About to begin executing following method : BaseEngine.afterMethodExecution</div></td></tr></table><p class="totop"><a href="#summary">back to summary</a></p><h3 id="m62">com.focus.testcases.BatchNegativeTestingOptionsTest#checkEraseAllTransactionsLogoutAndLoginAfterExpiryDatesForBatchOption</h3><table class="result"><tr><th>Messages</th></tr><tr><td><div class="messages">Completed executing following method : BatchNegativeTestingOptionsTest.checkEraseAllTransactionsLogoutAndLoginAfterExpiryDatesForBatchOption<br/>Test Method resides in com.focus.testcases.BatchNegativeTestingOptionsTest<br/>Test Status: Pass<br/>About to begin executing following method : BaseEngine.afterMethodExecution</div></td></tr></table><p class="totop"><a href="#summary">back to summary</a></p><h3 id="m63">com.focus.testcases.BatchNegativeTestingOptionsTest#checkEraseAllTransactionsLogoutAndLoginForSeventyForthScenario</h3><table class="result"><tr><th>Messages</th></tr><tr><td><div class="messages">Completed executing following method : BatchNegativeTestingOptionsTest.checkEraseAllTransactionsLogoutAndLoginForSeventyForthScenario<br/>Test Method resides in com.focus.testcases.BatchNegativeTestingOptionsTest<br/>Test Status: Pass<br/>About to begin executing following method : BaseEngine.afterMethodExecution</div></td></tr></table><p class="totop"><a href="#summary">back to summary</a></p><h3 id="m64">com.focus.testcases.BatchNegativeTestingOptionsTest#checkEraseAllTransactionsLogoutAndLoginForSeventyOneScenario</h3><table class="result"><tr><th>Messages</th></tr><tr><td><div class="messages">Completed executing following method : BatchNegativeTestingOptionsTest.checkEraseAllTransactionsLogoutAndLoginForSeventyOneScenario<br/>Test Method resides in com.focus.testcases.BatchNegativeTestingOptionsTest<br/>Test Status: Pass<br/>About to begin executing following method : BaseEngine.afterMethodExecution</div></td></tr></table><p class="totop"><a href="#summary">back to summary</a></p><h3 id="m65">com.focus.testcases.BatchNegativeTestingOptionsTest#checkEraseAllTransactionsLogoutAndLoginForSixtyEightScenario</h3><table class="result"><tr><th>Messages</th></tr><tr><td><div class="messages">Completed executing following method : BatchNegativeTestingOptionsTest.checkEraseAllTransactionsLogoutAndLoginForSixtyEightScenario<br/>Test Method resides in com.focus.testcases.BatchNegativeTestingOptionsTest<br/>Test Status: Pass<br/>About to begin executing following method : BaseEngine.afterMethodExecution</div></td></tr></table><p class="totop"><a href="#summary">back to summary</a></p><h3 id="m66">com.focus.testcases.BatchNegativeTestingOptionsTest#checkEraseAllTransactionsLogoutAndLoginForSixtyFifthScenario</h3><table class="result"><tr><th>Messages</th></tr><tr><td><div class="messages">Completed executing following method : BatchNegativeTestingOptionsTest.checkEraseAllTransactionsLogoutAndLoginForSixtyFifthScenario<br/>Test Method resides in com.focus.testcases.BatchNegativeTestingOptionsTest<br/>Test Status: Pass<br/>About to begin executing following method : BaseEngine.afterMethodExecution</div></td></tr></table><p class="totop"><a href="#summary">back to summary</a></p><h3 id="m67">com.focus.testcases.BatchNegativeTestingOptionsTest#checkEraseAllTransactionsLogoutAndLoginForSixtySixthScenario</h3><table class="result"><tr><th>Messages</th></tr><tr><td><div class="messages">Completed executing following method : BatchNegativeTestingOptionsTest.checkEraseAllTransactionsLogoutAndLoginForSixtySixthScenario<br/>Test Method resides in com.focus.testcases.BatchNegativeTestingOptionsTest<br/>Test Status: Pass<br/>About to begin executing following method : BaseEngine.afterMethodExecution</div></td></tr></table><p class="totop"><a href="#summary">back to summary</a></p><h3 id="m68">com.focus.testcases.BatchNegativeTestingOptionsTest#checkEraseAllTransactionsLogoutAndLoginSeventySixthScenario</h3><table class="result"><tr><th>Messages</th></tr><tr><td><div class="messages">Completed executing following method : BatchNegativeTestingOptionsTest.checkEraseAllTransactionsLogoutAndLoginSeventySixthScenario<br/>Test Method resides in com.focus.testcases.BatchNegativeTestingOptionsTest<br/>Test Status: Pass<br/>About to begin executing following method : BaseEngine.afterMethodExecution</div></td></tr></table><p class="totop"><a href="#summary">back to summary</a></p><h3 id="m69">com.focus.testcases.BatchNegativeTestingOptionsTest#checkLinksInSalesInvoiceAfterSavingSalesOrder</h3><table class="result"><tr><th>Messages</th></tr><tr><td><div class="messages">Completed executing following method : BatchNegativeTestingOptionsTest.checkLinksInSalesInvoiceAfterSavingSalesOrder<br/>Test Method resides in com.focus.testcases.BatchNegativeTestingOptionsTest<br/>Test Status: Pass<br/>About to begin executing following method : BaseEngine.afterMethodExecution</div></td></tr></table><p class="totop"><a href="#summary">back to summary</a></p><h3 id="m70">com.focus.testcases.BatchNegativeTestingOptionsTest#checkLoadingWorkflowInSalesInvoiceNVoucher1AfterFullConsumingInPurchaseReturns</h3><table class="result"><tr><th>Messages</th></tr><tr><td><div class="messages">Completed executing following method : BatchNegativeTestingOptionsTest.checkLoadingWorkflowInSalesInvoiceNVoucher1AfterFullConsumingInPurchaseReturns<br/>Test Method resides in com.focus.testcases.BatchNegativeTestingOptionsTest<br/>Test Status: Pass<br/>About to begin executing following method : BaseEngine.afterMethodExecution</div></td></tr></table><p class="totop"><a href="#summary">back to summary</a></p><h3 id="m71">com.focus.testcases.BatchNegativeTestingOptionsTest#checkLogin</h3><table class="result"><tr><th>Messages</th></tr><tr><td><div class="messages">Completed executing following method : BatchNegativeTestingOptionsTest.checkLogin<br/>Test Method resides in com.focus.testcases.BatchNegativeTestingOptionsTest<br/>Test Status: Pass<br/>About to begin executing following method : BaseEngine.afterMethodExecution</div></td></tr></table><p class="totop"><a href="#summary">back to summary</a></p><h3 id="m72">com.focus.testcases.BatchNegativeTestingOptionsTest#checkLoginToAuthoriseUserForSalesAuthorisation</h3><table class="result"><tr><th>Messages</th></tr><tr><td><div class="messages">Completed executing following method : BatchNegativeTestingOptionsTest.checkLoginToAuthoriseUserForSalesAuthorisation<br/>Test Method resides in com.focus.testcases.BatchNegativeTestingOptionsTest<br/>Test Status: Pass<br/>About to begin executing following method : BaseEngine.afterMethodExecution</div></td></tr></table><p class="totop"><a href="#summary">back to summary</a></p><h3 id="m73">com.focus.testcases.BatchNegativeTestingOptionsTest#checkLoginToSuperUserAndSavingSalesInvioceVAT2AfterAuthorisation</h3><table class="result"><tr><th>Messages</th></tr><tr><td><div class="messages">Completed executing following method : BatchNegativeTestingOptionsTest.checkLoginToSuperUserAndSavingSalesInvioceVAT2AfterAuthorisation<br/>Test Method resides in com.focus.testcases.BatchNegativeTestingOptionsTest<br/>Test Status: Pass<br/>About to begin executing following method : BaseEngine.afterMethodExecution</div></td></tr></table><p class="totop"><a href="#summary">back to summary</a></p><h3 id="m74">com.focus.testcases.BatchNegativeTestingOptionsTest#checkLoginToUserAllOptionsToAuthoriseSalesVouchers1</h3><table class="result"><tr><th>Messages</th></tr><tr><td><div class="messages">Completed executing following method : BatchNegativeTestingOptionsTest.checkLoginToUserAllOptionsToAuthoriseSalesVouchers1<br/>Test Method resides in com.focus.testcases.BatchNegativeTestingOptionsTest<br/>Test Status: Pass<br/>About to begin executing following method : BaseEngine.afterMethodExecution</div></td></tr></table><p class="totop"><a href="#summary">back to summary</a></p><h3 id="m75">com.focus.testcases.BatchNegativeTestingOptionsTest#checkLoginToUserForAuthorisationINSalesOrder</h3><table class="result"><tr><th>Messages</th></tr><tr><td><div class="messages">Completed executing following method : BatchNegativeTestingOptionsTest.checkLoginToUserForAuthorisationINSalesOrder<br/>Test Method resides in com.focus.testcases.BatchNegativeTestingOptionsTest<br/>Test Status: Pass<br/>About to begin executing following method : BaseEngine.afterMethodExecution</div></td></tr></table><p class="totop"><a href="#summary">back to summary</a></p><h3 id="m76">com.focus.testcases.BatchNegativeTestingOptionsTest#checkLoginToUserallOptionsForAuthoriseSalesOrder</h3><table class="result"><tr><th>Messages</th></tr><tr><td><div class="messages">Completed executing following method : BatchNegativeTestingOptionsTest.checkLoginToUserallOptionsForAuthoriseSalesOrder<br/>Test Method resides in com.focus.testcases.BatchNegativeTestingOptionsTest<br/>Test Status: Pass<br/>About to begin executing following method : BaseEngine.afterMethodExecution</div></td></tr></table><p class="totop"><a href="#summary">back to summary</a></p><h3 id="m77">com.focus.testcases.BatchNegativeTestingOptionsTest#checkLogintoSuperUseAndSavingSalesInvoice2After1stVoucherAuthorised</h3><table class="result"><tr><th>Messages</th></tr><tr><td><div class="messages">Completed executing following method : BatchNegativeTestingOptionsTest.checkLogintoSuperUseAndSavingSalesInvoice2After1stVoucherAuthorised<br/>Test Method resides in com.focus.testcases.BatchNegativeTestingOptionsTest<br/>Test Status: Pass<br/>About to begin executing following method : BaseEngine.afterMethodExecution</div></td></tr></table><p class="totop"><a href="#summary">back to summary</a></p><h3 id="m78">com.focus.testcases.BatchNegativeTestingOptionsTest#checkLogout</h3><table class="result"><tr><th>Messages</th></tr><tr><td><div class="messages">Completed executing following method : BatchNegativeTestingOptionsTest.checkLogout<br/>Test Method resides in com.focus.testcases.BatchNegativeTestingOptionsTest<br/>Test Status: Pass<br/>About to begin executing following method : BaseEngine.afterMethodExecution</div></td></tr></table><p class="totop"><a href="#summary">back to summary</a></p><h3 id="m79">com.focus.testcases.BatchNegativeTestingOptionsTest#checkLogoutAndLogin</h3><table class="result"><tr><th>Messages</th></tr><tr><td><div class="messages">Completed executing following method : BatchNegativeTestingOptionsTest.checkLogoutAndLogin<br/>Test Method resides in com.focus.testcases.BatchNegativeTestingOptionsTest<br/>Test Status: Pass<br/>About to begin executing following method : BaseEngine.afterMethodExecution</div></td></tr></table><p class="totop"><a href="#summary">back to summary</a></p><h3 id="m80">com.focus.testcases.BatchNegativeTestingOptionsTest#checkLogoutAndLoginAfterDisablingAllowNegativeBatchQuantityOption</h3><table class="result"><tr><th>Messages</th></tr><tr><td><div class="messages">Completed executing following method : BatchNegativeTestingOptionsTest.checkLogoutAndLoginAfterDisablingAllowNegativeBatchQuantityOption<br/>Test Method resides in com.focus.testcases.BatchNegativeTestingOptionsTest<br/>Test Status: Pass<br/>About to begin executing following method : BaseEngine.afterMethodExecution</div></td></tr></table><p class="totop"><a href="#summary">back to summary</a></p><h3 id="m81">com.focus.testcases.BatchNegativeTestingOptionsTest#checkReSavingPurchaseReturnsVoucher1AfterConsumingFullQuantityInPurchaseReturnsVoucher2</h3><table class="result"><tr><th>Messages</th></tr><tr><td><div class="messages">Completed executing following method : BatchNegativeTestingOptionsTest.checkReSavingPurchaseReturnsVoucher1AfterConsumingFullQuantityInPurchaseReturnsVoucher2<br/>Test Method resides in com.focus.testcases.BatchNegativeTestingOptionsTest<br/>Test Status: Pass<br/>About to begin executing following method : BaseEngine.afterMethodExecution</div></td></tr></table><p class="totop"><a href="#summary">back to summary</a></p><h3 id="m82">com.focus.testcases.BatchNegativeTestingOptionsTest#checkReSavingPurchaseReturnsVoucher1ByLoadingWorkFlow</h3><table class="result"><tr><th>Messages</th></tr><tr><td><div class="messages">Completed executing following method : BatchNegativeTestingOptionsTest.checkReSavingPurchaseReturnsVoucher1ByLoadingWorkFlow<br/>Test Method resides in com.focus.testcases.BatchNegativeTestingOptionsTest<br/>Test Status: Pass<br/>About to begin executing following method : BaseEngine.afterMethodExecution</div></td></tr></table><p class="totop"><a href="#summary">back to summary</a></p><h3 id="m83">com.focus.testcases.BatchNegativeTestingOptionsTest#checkReSavingPurchaseVoucherVATVoucher1ByBatchNoIn1stRow</h3><table class="result"><tr><th>Messages</th></tr><tr><td><div class="messages">Completed executing following method : BatchNegativeTestingOptionsTest.checkReSavingPurchaseVoucherVATVoucher1ByBatchNoIn1stRow<br/>Test Method resides in com.focus.testcases.BatchNegativeTestingOptionsTest<br/>Test Status: Pass<br/>About to begin executing following method : BaseEngine.afterMethodExecution</div></td></tr></table><p class="totop"><a href="#summary">back to summary</a></p><h3 id="m84">com.focus.testcases.BatchNegativeTestingOptionsTest#checkReSavingPurchaseVoucherVATVoucher1ByBatchNoIn2ndRow</h3><table class="result"><tr><th>Messages</th></tr><tr><td><div class="messages">Completed executing following method : BatchNegativeTestingOptionsTest.checkReSavingPurchaseVoucherVATVoucher1ByBatchNoIn2ndRow<br/>Test Method resides in com.focus.testcases.BatchNegativeTestingOptionsTest<br/>Test Status: Pass<br/>About to begin executing following method : BaseEngine.afterMethodExecution</div></td></tr></table><p class="totop"><a href="#summary">back to summary</a></p><h3 id="m85">com.focus.testcases.BatchNegativeTestingOptionsTest#checkReSavingPurchaseVoucherVATVoucher1ByChangingExpiryDate</h3><table class="result"><tr><th>Messages</th></tr><tr><td><div class="messages">Completed executing following method : BatchNegativeTestingOptionsTest.checkReSavingPurchaseVoucherVATVoucher1ByChangingExpiryDate<br/>Test Method resides in com.focus.testcases.BatchNegativeTestingOptionsTest<br/>Test Status: Pass<br/>About to begin executing following method : BaseEngine.afterMethodExecution</div></td></tr></table><p class="totop"><a href="#summary">back to summary</a></p><h3 id="m86">com.focus.testcases.BatchNegativeTestingOptionsTest#checkReSavingPurchaseVoucherVATVoucher1ByChangingExpiryDateAfterConsumingFullQuantityInSalesInvoice</h3><table class="result"><tr><th>Messages</th></tr><tr><td><div class="messages">Completed executing following method : BatchNegativeTestingOptionsTest.checkReSavingPurchaseVoucherVATVoucher1ByChangingExpiryDateAfterConsumingFullQuantityInSalesInvoice<br/>Test Method resides in com.focus.testcases.BatchNegativeTestingOptionsTest<br/>Test Status: Pass<br/>About to begin executing following method : BaseEngine.afterMethodExecution</div></td></tr></table><p class="totop"><a href="#summary">back to summary</a></p><h3 id="m87">com.focus.testcases.BatchNegativeTestingOptionsTest#checkReSavingPurchaseVoucherVATVoucher1ByChangingItemToBATCHBRITEMIn1stRow</h3><table class="result"><tr><th>Messages</th></tr><tr><td><div class="messages">Completed executing following method : BatchNegativeTestingOptionsTest.checkReSavingPurchaseVoucherVATVoucher1ByChangingItemToBATCHBRITEMIn1stRow<br/>Test Method resides in com.focus.testcases.BatchNegativeTestingOptionsTest<br/>Test Status: Pass<br/>About to begin executing following method : BaseEngine.afterMethodExecution</div></td></tr></table><p class="totop"><a href="#summary">back to summary</a></p><h3 id="m88">com.focus.testcases.BatchNegativeTestingOptionsTest#checkReSavingPurchaseVoucherVATVoucher1ByChangingItemToBATCHBRITEMIn2ndRow</h3><table class="result"><tr><th>Messages</th></tr><tr><td><div class="messages">Completed executing following method : BatchNegativeTestingOptionsTest.checkReSavingPurchaseVoucherVATVoucher1ByChangingItemToBATCHBRITEMIn2ndRow<br/>Test Method resides in com.focus.testcases.BatchNegativeTestingOptionsTest<br/>Test Status: Pass<br/>About to begin executing following method : BaseEngine.afterMethodExecution</div></td></tr></table><p class="totop"><a href="#summary">back to summary</a></p><h3 id="m89">com.focus.testcases.BatchNegativeTestingOptionsTest#checkReSavingPurchaseVoucherVATVoucher1ByChangingQuantityTo12In1stRow</h3><table class="result"><tr><th>Messages</th></tr><tr><td><div class="messages">Completed executing following method : BatchNegativeTestingOptionsTest.checkReSavingPurchaseVoucherVATVoucher1ByChangingQuantityTo12In1stRow<br/>Test Method resides in com.focus.testcases.BatchNegativeTestingOptionsTest<br/>Test Status: Pass<br/>About to begin executing following method : BaseEngine.afterMethodExecution</div></td></tr></table><p class="totop"><a href="#summary">back to summary</a></p><h3 id="m90">com.focus.testcases.BatchNegativeTestingOptionsTest#checkReSavingPurchaseVoucherVATVoucher1ByChangingQuantityTo12In2ndRow</h3><table class="result"><tr><th>Messages</th></tr><tr><td><div class="messages">Completed executing following method : BatchNegativeTestingOptionsTest.checkReSavingPurchaseVoucherVATVoucher1ByChangingQuantityTo12In2ndRow<br/>Test Method resides in com.focus.testcases.BatchNegativeTestingOptionsTest<br/>Test Status: Pass<br/>About to begin executing following method : BaseEngine.afterMethodExecution</div></td></tr></table><p class="totop"><a href="#summary">back to summary</a></p><h3 id="m91">com.focus.testcases.BatchNegativeTestingOptionsTest#checkReSavingPurchaseVoucherVATVoucher1ByChangingWarehouseFromHyderabadToSecunderabad</h3><table class="result"><tr><th>Messages</th></tr><tr><td><div class="messages">Completed executing following method : BatchNegativeTestingOptionsTest.checkReSavingPurchaseVoucherVATVoucher1ByChangingWarehouseFromHyderabadToSecunderabad<br/>Test Method resides in com.focus.testcases.BatchNegativeTestingOptionsTest<br/>Test Status: Pass<br/>About to begin executing following method : BaseEngine.afterMethodExecution</div></td></tr></table><p class="totop"><a href="#summary">back to summary</a></p><h3 id="m92">com.focus.testcases.BatchNegativeTestingOptionsTest#checkReSavingPurchaseVoucherVATVoucher1ByChangingWarehouseFromHyderabadToSecunderabadAfterSuspendingSalesInvoice</h3><table class="result"><tr><th>Messages</th></tr><tr><td><div class="messages">Completed executing following method : BatchNegativeTestingOptionsTest.checkReSavingPurchaseVoucherVATVoucher1ByChangingWarehouseFromHyderabadToSecunderabadAfterSuspendingSalesInvoice<br/>Test Method resides in com.focus.testcases.BatchNegativeTestingOptionsTest<br/>Test Status: Pass<br/>About to begin executing following method : BaseEngine.afterMethodExecution</div></td></tr></table><p class="totop"><a href="#summary">back to summary</a></p><h3 id="m93">com.focus.testcases.BatchNegativeTestingOptionsTest#checkReSavingPurchaseVoucherVATVoucher1ByChangingWarehouseFromSecunderabadToHyderabad</h3><table class="result"><tr><th>Messages</th></tr><tr><td><div class="messages">Completed executing following method : BatchNegativeTestingOptionsTest.checkReSavingPurchaseVoucherVATVoucher1ByChangingWarehouseFromSecunderabadToHyderabad<br/>Test Method resides in com.focus.testcases.BatchNegativeTestingOptionsTest<br/>Test Status: Pass<br/>About to begin executing following method : BaseEngine.afterMethodExecution</div></td></tr></table><p class="totop"><a href="#summary">back to summary</a></p><h3 id="m94">com.focus.testcases.BatchNegativeTestingOptionsTest#checkReSavingPurchaseVoucherVATVoucher1ByDeleting1stRow</h3><table class="result"><tr><th>Messages</th></tr><tr><td><div class="messages">Completed executing following method : BatchNegativeTestingOptionsTest.checkReSavingPurchaseVoucherVATVoucher1ByDeleting1stRow<br/>Test Method resides in com.focus.testcases.BatchNegativeTestingOptionsTest<br/>Test Status: Pass<br/>About to begin executing following method : BaseEngine.afterMethodExecution</div></td></tr></table><p class="totop"><a href="#summary">back to summary</a></p><h3 id="m95">com.focus.testcases.BatchNegativeTestingOptionsTest#checkReSavingPurchaseVoucherVATVoucher1ByDeleting2ndRow</h3><table class="result"><tr><th>Messages</th></tr><tr><td><div class="messages">Completed executing following method : BatchNegativeTestingOptionsTest.checkReSavingPurchaseVoucherVATVoucher1ByDeleting2ndRow<br/>Test Method resides in com.focus.testcases.BatchNegativeTestingOptionsTest<br/>Test Status: Pass<br/>About to begin executing following method : BaseEngine.afterMethodExecution</div></td></tr></table><p class="totop"><a href="#summary">back to summary</a></p><h3 id="m96">com.focus.testcases.BatchNegativeTestingOptionsTest#checkReSavingPurchaseVoucherVATVoucher1WithDateNextToCurrentDate</h3><table class="result"><tr><th>Messages</th></tr><tr><td><div class="messages">Completed executing following method : BatchNegativeTestingOptionsTest.checkReSavingPurchaseVoucherVATVoucher1WithDateNextToCurrentDate<br/>Test Method resides in com.focus.testcases.BatchNegativeTestingOptionsTest<br/>Test Status: Pass<br/>About to begin executing following method : BaseEngine.afterMethodExecution</div></td></tr></table><p class="totop"><a href="#summary">back to summary</a></p><h3 id="m97">com.focus.testcases.BatchNegativeTestingOptionsTest#checkReSavingSalesInvoiceVATVoucher1AfterResavingPurchaseVoucherVAT1WithCurrentDate</h3><table class="result"><tr><th>Messages</th></tr><tr><td><div class="messages">Completed executing following method : BatchNegativeTestingOptionsTest.checkReSavingSalesInvoiceVATVoucher1AfterResavingPurchaseVoucherVAT1WithCurrentDate<br/>Test Method resides in com.focus.testcases.BatchNegativeTestingOptionsTest<br/>Test Status: Pass<br/>About to begin executing following method : BaseEngine.afterMethodExecution</div></td></tr></table><p class="totop"><a href="#summary">back to summary</a></p><h3 id="m98">com.focus.testcases.BatchNegativeTestingOptionsTest#checkReSavingSalesInvoiceVATVoucher1AfterSalesInvoiceVoucher2BySelectingSalesOrderVoucher2</h3><table class="result"><tr><th>Messages</th></tr><tr><td><div class="messages">Completed executing following method : BatchNegativeTestingOptionsTest.checkReSavingSalesInvoiceVATVoucher1AfterSalesInvoiceVoucher2BySelectingSalesOrderVoucher2<br/>Test Method resides in com.focus.testcases.BatchNegativeTestingOptionsTest<br/>Test Status: Pass<br/>About to begin executing following method : BaseEngine.afterMethodExecution</div></td></tr></table><p class="totop"><a href="#summary">back to summary</a></p><h3 id="m99">com.focus.testcases.BatchNegativeTestingOptionsTest#checkReSavingSalesInvoiceVATVoucher1ByConsumingFullQuantity</h3><table class="result"><tr><th>Messages</th></tr><tr><td><div class="messages">Completed executing following method : BatchNegativeTestingOptionsTest.checkReSavingSalesInvoiceVATVoucher1ByConsumingFullQuantity<br/>Test Method resides in com.focus.testcases.BatchNegativeTestingOptionsTest<br/>Test Status: Pass<br/>About to begin executing following method : BaseEngine.afterMethodExecution</div></td></tr></table><p class="totop"><a href="#summary">back to summary</a></p><h3 id="m100">com.focus.testcases.BatchNegativeTestingOptionsTest#checkReSavingSalesInvoiceVATVoucherAfterChangingDateNextToCurrentDateInPurchaseVoucherVAT1</h3><table class="result"><tr><th>Messages</th></tr><tr><td><div class="messages">Completed executing following method : BatchNegativeTestingOptionsTest.checkReSavingSalesInvoiceVATVoucherAfterChangingDateNextToCurrentDateInPurchaseVoucherVAT1<br/>Test Method resides in com.focus.testcases.BatchNegativeTestingOptionsTest<br/>Test Status: Pass<br/>About to begin executing following method : BaseEngine.afterMethodExecution</div></td></tr></table><p class="totop"><a href="#summary">back to summary</a></p><h3 id="m101">com.focus.testcases.BatchNegativeTestingOptionsTest#checkReSavingSalesInvoiceVATVoucherAfterChangingWarehouseToSecunderabadInPurchaseVoucherVAT1</h3><table class="result"><tr><th>Messages</th></tr><tr><td><div class="messages">Completed executing following method : BatchNegativeTestingOptionsTest.checkReSavingSalesInvoiceVATVoucherAfterChangingWarehouseToSecunderabadInPurchaseVoucherVAT1<br/>Test Method resides in com.focus.testcases.BatchNegativeTestingOptionsTest<br/>Test Status: Pass<br/>About to begin executing following method : BaseEngine.afterMethodExecution</div></td></tr></table><p class="totop"><a href="#summary">back to summary</a></p><h3 id="m102">com.focus.testcases.BatchNegativeTestingOptionsTest#checkReSavingSalesInvoiceVATVoucherAfterConsumingFullQuantityInPurchaseReturnsVoucher1</h3><table class="result"><tr><th>Messages</th></tr><tr><td><div class="messages">Completed executing following method : BatchNegativeTestingOptionsTest.checkReSavingSalesInvoiceVATVoucherAfterConsumingFullQuantityInPurchaseReturnsVoucher1<br/>Test Method resides in com.focus.testcases.BatchNegativeTestingOptionsTest<br/>Test Status: Pass<br/>About to begin executing following method : BaseEngine.afterMethodExecution</div></td></tr></table><p class="totop"><a href="#summary">back to summary</a></p><h3 id="m103">com.focus.testcases.BatchNegativeTestingOptionsTest#checkReSavingSalesInvoiceVATVoucherAfterSalesInvoiceVoucher2</h3><table class="result"><tr><th>Messages</th></tr><tr><td><div class="messages">Completed executing following method : BatchNegativeTestingOptionsTest.checkReSavingSalesInvoiceVATVoucherAfterSalesInvoiceVoucher2<br/>Test Method resides in com.focus.testcases.BatchNegativeTestingOptionsTest<br/>Test Status: Pass<br/>About to begin executing following method : BaseEngine.afterMethodExecution</div></td></tr></table><p class="totop"><a href="#summary">back to summary</a></p><h3 id="m104">com.focus.testcases.BatchNegativeTestingOptionsTest#checkReSavingSalesOrder</h3><table class="result"><tr><th>Messages</th></tr><tr><td><div class="messages">Completed executing following method : BatchNegativeTestingOptionsTest.checkReSavingSalesOrder<br/>Test Method resides in com.focus.testcases.BatchNegativeTestingOptionsTest<br/>Test Status: Pass<br/>About to begin executing following method : BaseEngine.afterMethodExecution</div></td></tr></table><p class="totop"><a href="#summary">back to summary</a></p><h3 id="m105">com.focus.testcases.BatchNegativeTestingOptionsTest#checkResavingDeliveryNotesVoucher1AfterConsumingFullQuantityInSalesInvoiceN</h3><table class="result"><tr><th>Messages</th></tr><tr><td><div class="messages">Completed executing following method : BatchNegativeTestingOptionsTest.checkResavingDeliveryNotesVoucher1AfterConsumingFullQuantityInSalesInvoiceN<br/>Test Method resides in com.focus.testcases.BatchNegativeTestingOptionsTest<br/>Test Status: Pass<br/>About to begin executing following method : BaseEngine.afterMethodExecution</div></td></tr></table><p class="totop"><a href="#summary">back to summary</a></p><h3 id="m106">com.focus.testcases.BatchNegativeTestingOptionsTest#checkResavingPurchaseReturnsVoucher1AfterConsumingFullQuantityInSalesInvoiceN</h3><table class="result"><tr><th>Messages</th></tr><tr><td><div class="messages">Completed executing following method : BatchNegativeTestingOptionsTest.checkResavingPurchaseReturnsVoucher1AfterConsumingFullQuantityInSalesInvoiceN<br/>Test Method resides in com.focus.testcases.BatchNegativeTestingOptionsTest<br/>Test Status: Pass<br/>About to begin executing following method : BaseEngine.afterMethodExecution</div></td></tr></table><p class="totop"><a href="#summary">back to summary</a></p><h3 id="m107">com.focus.testcases.BatchNegativeTestingOptionsTest#checkResavingPurchaseReturnsVoucher1AfterConsumingQuantityInSalesInvoiceN</h3><table class="result"><tr><th>Messages</th></tr><tr><td><div class="messages">Completed executing following method : BatchNegativeTestingOptionsTest.checkResavingPurchaseReturnsVoucher1AfterConsumingQuantityInSalesInvoiceN<br/>Test Method resides in com.focus.testcases.BatchNegativeTestingOptionsTest<br/>Test Status: Pass<br/>About to begin executing following method : BaseEngine.afterMethodExecution</div></td></tr></table><p class="totop"><a href="#summary">back to summary</a></p><h3 id="m108">com.focus.testcases.BatchNegativeTestingOptionsTest#checkResavingPurchaseReturnsVoucher1AfterConsumingQuantityInSalesInvoiceNWithDoNotConsolidateWithCommonBase</h3><table class="result"><tr><th>Messages</th></tr><tr><td><div class="messages">Completed executing following method : BatchNegativeTestingOptionsTest.checkResavingPurchaseReturnsVoucher1AfterConsumingQuantityInSalesInvoiceNWithDoNotConsolidateWithCommonBase<br/>Test Method resides in com.focus.testcases.BatchNegativeTestingOptionsTest<br/>Test Status: Pass<br/>About to begin executing following method : BaseEngine.afterMethodExecution</div></td></tr></table><p class="totop"><a href="#summary">back to summary</a></p><h3 id="m109">com.focus.testcases.BatchNegativeTestingOptionsTest#checkResavingSales1stVoucherAfterBatchConsumedIn2ndVoucher</h3><table class="result"><tr><th>Messages</th></tr><tr><td><div class="messages">Completed executing following method : BatchNegativeTestingOptionsTest.checkResavingSales1stVoucherAfterBatchConsumedIn2ndVoucher<br/>Test Method resides in com.focus.testcases.BatchNegativeTestingOptionsTest<br/>Test Status: Pass<br/>About to begin executing following method : BaseEngine.afterMethodExecution</div></td></tr></table><p class="totop"><a href="#summary">back to summary</a></p><h3 id="m110">com.focus.testcases.BatchNegativeTestingOptionsTest#checkResavingSalesInvoice1VoucherAfterBatchConsumedinVoucher2</h3><table class="result"><tr><th>Messages</th></tr><tr><td><div class="messages">Completed executing following method : BatchNegativeTestingOptionsTest.checkResavingSalesInvoice1VoucherAfterBatchConsumedinVoucher2<br/>Test Method resides in com.focus.testcases.BatchNegativeTestingOptionsTest<br/>Test Status: Pass<br/>About to begin executing following method : BaseEngine.afterMethodExecution</div></td></tr></table><p class="totop"><a href="#summary">back to summary</a></p><h3 id="m111">com.focus.testcases.BatchNegativeTestingOptionsTest#checkResavingSalesOrd1AfterSavingSalesOrd2</h3><table class="result"><tr><th>Messages</th></tr><tr><td><div class="messages">Completed executing following method : BatchNegativeTestingOptionsTest.checkResavingSalesOrd1AfterSavingSalesOrd2<br/>Test Method resides in com.focus.testcases.BatchNegativeTestingOptionsTest<br/>Test Status: Pass<br/>About to begin executing following method : BaseEngine.afterMethodExecution</div></td></tr></table><p class="totop"><a href="#summary">back to summary</a></p><h3 id="m112">com.focus.testcases.BatchNegativeTestingOptionsTest#checkResavingSalesOrder1AfterSavingVoucher2WithFullBatchConsumption</h3><table class="result"><tr><th>Messages</th></tr><tr><td><div class="messages">Completed executing following method : BatchNegativeTestingOptionsTest.checkResavingSalesOrder1AfterSavingVoucher2WithFullBatchConsumption<br/>Test Method resides in com.focus.testcases.BatchNegativeTestingOptionsTest<br/>Test Status: Pass<br/>About to begin executing following method : BaseEngine.afterMethodExecution</div></td></tr></table><p class="totop"><a href="#summary">back to summary</a></p><h3 id="m113">com.focus.testcases.BatchNegativeTestingOptionsTest#checkResavingSalesOrderVou1AfterVou2Saved</h3><table class="result"><tr><th>Messages</th></tr><tr><td><div class="messages">Completed executing following method : BatchNegativeTestingOptionsTest.checkResavingSalesOrderVou1AfterVou2Saved<br/>Test Method resides in com.focus.testcases.BatchNegativeTestingOptionsTest<br/>Test Status: Pass<br/>About to begin executing following method : BaseEngine.afterMethodExecution</div></td></tr></table><p class="totop"><a href="#summary">back to summary</a></p><h3 id="m114">com.focus.testcases.BatchNegativeTestingOptionsTest#checkResavingSalesOrderWithGraeterQtyThanInward</h3><table class="result"><tr><th>Messages</th></tr><tr><td><div class="messages">Completed executing following method : BatchNegativeTestingOptionsTest.checkResavingSalesOrderWithGraeterQtyThanInward<br/>Test Method resides in com.focus.testcases.BatchNegativeTestingOptionsTest<br/>Test Status: Pass<br/>About to begin executing following method : BaseEngine.afterMethodExecution</div></td></tr></table><p class="totop"><a href="#summary">back to summary</a></p><h3 id="m115">com.focus.testcases.BatchNegativeTestingOptionsTest#checkReservedPopAfterBatchFullConsumedinSalesOrder</h3><table class="result"><tr><th>Messages</th></tr><tr><td><div class="messages">Completed executing following method : BatchNegativeTestingOptionsTest.checkReservedPopAfterBatchFullConsumedinSalesOrder<br/>Test Method resides in com.focus.testcases.BatchNegativeTestingOptionsTest<br/>Test Status: Pass<br/>About to begin executing following method : BaseEngine.afterMethodExecution</div></td></tr></table><p class="totop"><a href="#summary">back to summary</a></p><h3 id="m116">com.focus.testcases.BatchNegativeTestingOptionsTest#checkSalesInvoiceVAT1WithFutureDateAfterSavingAuthorisationOnSales</h3><table class="result"><tr><th>Messages</th></tr><tr><td><div class="messages">Completed executing following method : BatchNegativeTestingOptionsTest.checkSalesInvoiceVAT1WithFutureDateAfterSavingAuthorisationOnSales<br/>Test Method resides in com.focus.testcases.BatchNegativeTestingOptionsTest<br/>Test Status: Pass<br/>About to begin executing following method : BaseEngine.afterMethodExecution</div></td></tr></table><p class="totop"><a href="#summary">back to summary</a></p><h3 id="m117">com.focus.testcases.BatchNegativeTestingOptionsTest#checkSalesOrderInReservationTypeIsManualAndinputBatchEvenIfStockNoyUpdatedChkbox</h3><table class="result"><tr><th>Messages</th></tr><tr><td><div class="messages">Completed executing following method : BatchNegativeTestingOptionsTest.checkSalesOrderInReservationTypeIsManualAndinputBatchEvenIfStockNoyUpdatedChkbox<br/>Test Method resides in com.focus.testcases.BatchNegativeTestingOptionsTest<br/>Test Status: Pass<br/>About to begin executing following method : BaseEngine.afterMethodExecution</div></td></tr></table><p class="totop"><a href="#summary">back to summary</a></p><h3 id="m118">com.focus.testcases.BatchNegativeTestingOptionsTest#checkSavingDeliveryNoteVoucher1AfterSavingPurchaseVoucherVAT1</h3><table class="result"><tr><th>Messages</th></tr><tr><td><div class="messages">Completed executing following method : BatchNegativeTestingOptionsTest.checkSavingDeliveryNoteVoucher1AfterSavingPurchaseVoucherVAT1<br/>Test Method resides in com.focus.testcases.BatchNegativeTestingOptionsTest<br/>Test Status: Pass<br/>About to begin executing following method : BaseEngine.afterMethodExecution</div></td></tr></table><p class="totop"><a href="#summary">back to summary</a></p><h3 id="m119">com.focus.testcases.BatchNegativeTestingOptionsTest#checkSavingPVVATAndSOVoucherAfterAuthorisation</h3><table class="result"><tr><th>Messages</th></tr><tr><td><div class="messages">Completed executing following method : BatchNegativeTestingOptionsTest.checkSavingPVVATAndSOVoucherAfterAuthorisation<br/>Test Method resides in com.focus.testcases.BatchNegativeTestingOptionsTest<br/>Test Status: Pass<br/>About to begin executing following method : BaseEngine.afterMethodExecution</div></td></tr></table><p class="totop"><a href="#summary">back to summary</a></p><h3 id="m120">com.focus.testcases.BatchNegativeTestingOptionsTest#checkSavingPVVatAndSO</h3><table class="result"><tr><th>Messages</th></tr><tr><td><div class="messages">Completed executing following method : BatchNegativeTestingOptionsTest.checkSavingPVVatAndSO<br/>Test Method resides in com.focus.testcases.BatchNegativeTestingOptionsTest<br/>Test Status: Pass<br/>About to begin executing following method : BaseEngine.afterMethodExecution</div></td></tr></table><p class="totop"><a href="#summary">back to summary</a></p><h3 id="m121">com.focus.testcases.BatchNegativeTestingOptionsTest#checkSavingPVWithChangingWareHouseAfterVoucherConsumed</h3><table class="result"><tr><th>Messages</th></tr><tr><td><div class="messages">Completed executing following method : BatchNegativeTestingOptionsTest.checkSavingPVWithChangingWareHouseAfterVoucherConsumed<br/>Test Method resides in com.focus.testcases.BatchNegativeTestingOptionsTest<br/>Test Status: Pass<br/>About to begin executing following method : BaseEngine.afterMethodExecution</div></td></tr></table><p class="totop"><a href="#summary">back to summary</a></p><h3 id="m122">com.focus.testcases.BatchNegativeTestingOptionsTest#checkSavingPurchaseReturnsVoucher1AfterConsumingFullQuantityInSalesInvoiceVoucher1</h3><table class="result"><tr><th>Messages</th></tr><tr><td><div class="messages">Completed executing following method : BatchNegativeTestingOptionsTest.checkSavingPurchaseReturnsVoucher1AfterConsumingFullQuantityInSalesInvoiceVoucher1<br/>Test Method resides in com.focus.testcases.BatchNegativeTestingOptionsTest<br/>Test Status: Pass<br/>About to begin executing following method : BaseEngine.afterMethodExecution</div></td></tr></table><p class="totop"><a href="#summary">back to summary</a></p><h3 id="m123">com.focus.testcases.BatchNegativeTestingOptionsTest#checkSavingPurchaseReturnsVoucher1AfterPartiallyConsumingQuantityInSalesInvoiceVoucher1</h3><table class="result"><tr><th>Messages</th></tr><tr><td><div class="messages">Completed executing following method : BatchNegativeTestingOptionsTest.checkSavingPurchaseReturnsVoucher1AfterPartiallyConsumingQuantityInSalesInvoiceVoucher1<br/>Test Method resides in com.focus.testcases.BatchNegativeTestingOptionsTest<br/>Test Status: Pass<br/>About to begin executing following method : BaseEngine.afterMethodExecution</div></td></tr></table><p class="totop"><a href="#summary">back to summary</a></p><h3 id="m124">com.focus.testcases.BatchNegativeTestingOptionsTest#checkSavingPurchaseReturnsVoucher1AfterSuspendingSalesInvoiceVoucher1</h3><table class="result"><tr><th>Messages</th></tr><tr><td><div class="messages">Completed executing following method : BatchNegativeTestingOptionsTest.checkSavingPurchaseReturnsVoucher1AfterSuspendingSalesInvoiceVoucher1<br/>Test Method resides in com.focus.testcases.BatchNegativeTestingOptionsTest<br/>Test Status: Pass<br/>About to begin executing following method : BaseEngine.afterMethodExecution</div></td></tr></table><p class="totop"><a href="#summary">back to summary</a></p><h3 id="m125">com.focus.testcases.BatchNegativeTestingOptionsTest#checkSavingPurchaseReturnsVoucher1ByConsumingFullQuantityAfterSavingPurchaseVoucher1</h3><table class="result"><tr><th>Messages</th></tr><tr><td><div class="messages">Completed executing following method : BatchNegativeTestingOptionsTest.checkSavingPurchaseReturnsVoucher1ByConsumingFullQuantityAfterSavingPurchaseVoucher1<br/>Test Method resides in com.focus.testcases.BatchNegativeTestingOptionsTest<br/>Test Status: Pass<br/>About to begin executing following method : BaseEngine.afterMethodExecution</div></td></tr></table><p class="totop"><a href="#summary">back to summary</a></p><h3 id="m126">com.focus.testcases.BatchNegativeTestingOptionsTest#checkSavingPurchaseReturnsVoucher1ByConsumingPartialQuantity</h3><table class="result"><tr><th>Messages</th></tr><tr><td><div class="messages">Completed executing following method : BatchNegativeTestingOptionsTest.checkSavingPurchaseReturnsVoucher1ByConsumingPartialQuantity<br/>Test Method resides in com.focus.testcases.BatchNegativeTestingOptionsTest<br/>Test Status: Pass<br/>About to begin executing following method : BaseEngine.afterMethodExecution</div></td></tr></table><p class="totop"><a href="#summary">back to summary</a></p><h3 id="m127">com.focus.testcases.BatchNegativeTestingOptionsTest#checkSavingPurchaseReturnsVoucher1ByConsumingPartialQuantityAfterSavingPurchaseVoucherVATVoucher1</h3><table class="result"><tr><th>Messages</th></tr><tr><td><div class="messages">Completed executing following method : BatchNegativeTestingOptionsTest.checkSavingPurchaseReturnsVoucher1ByConsumingPartialQuantityAfterSavingPurchaseVoucherVATVoucher1<br/>Test Method resides in com.focus.testcases.BatchNegativeTestingOptionsTest<br/>Test Status: Pass<br/>About to begin executing following method : BaseEngine.afterMethodExecution</div></td></tr></table><p class="totop"><a href="#summary">back to summary</a></p><h3 id="m128">com.focus.testcases.BatchNegativeTestingOptionsTest#checkSavingPurchaseReturnsVoucher1ByConsumingPartialQuantityAfterSuspendingDeliveryNotesVoucher1</h3><table class="result"><tr><th>Messages</th></tr><tr><td><div class="messages">Completed executing following method : BatchNegativeTestingOptionsTest.checkSavingPurchaseReturnsVoucher1ByConsumingPartialQuantityAfterSuspendingDeliveryNotesVoucher1<br/>Test Method resides in com.focus.testcases.BatchNegativeTestingOptionsTest<br/>Test Status: Pass<br/>About to begin executing following method : BaseEngine.afterMethodExecution</div></td></tr></table><p class="totop"><a href="#summary">back to summary</a></p><h3 id="m129">com.focus.testcases.BatchNegativeTestingOptionsTest#checkSavingPurchaseReturnsVoucher2AfterSuspendingPurchaseReturnsVoucher1</h3><table class="result"><tr><th>Messages</th></tr><tr><td><div class="messages">Completed executing following method : BatchNegativeTestingOptionsTest.checkSavingPurchaseReturnsVoucher2AfterSuspendingPurchaseReturnsVoucher1<br/>Test Method resides in com.focus.testcases.BatchNegativeTestingOptionsTest<br/>Test Status: Pass<br/>About to begin executing following method : BaseEngine.afterMethodExecution</div></td></tr></table><p class="totop"><a href="#summary">back to summary</a></p><h3 id="m130">com.focus.testcases.BatchNegativeTestingOptionsTest#checkSavingPurchaseVoucherVAT</h3><table class="result"><tr><th>Messages</th></tr><tr><td><div class="messages">Completed executing following method : BatchNegativeTestingOptionsTest.checkSavingPurchaseVoucherVAT<br/>Test Method resides in com.focus.testcases.BatchNegativeTestingOptionsTest<br/>Test Status: Pass<br/>About to begin executing following method : BaseEngine.afterMethodExecution</div></td></tr></table><p class="totop"><a href="#summary">back to summary</a></p><h3 id="m131">com.focus.testcases.BatchNegativeTestingOptionsTest#checkSavingPurchaseVoucherVATForReservation</h3><table class="result"><tr><th>Messages</th></tr><tr><td><div class="messages">Completed executing following method : BatchNegativeTestingOptionsTest.checkSavingPurchaseVoucherVATForReservation<br/>Test Method resides in com.focus.testcases.BatchNegativeTestingOptionsTest<br/>Test Status: Pass<br/>About to begin executing following method : BaseEngine.afterMethodExecution</div></td></tr></table><p class="totop"><a href="#summary">back to summary</a></p><h3 id="m132">com.focus.testcases.BatchNegativeTestingOptionsTest#checkSavingPurchaseVoucherVATVoucher</h3><table class="result"><tr><th>Messages</th></tr><tr><td><div class="messages">Completed executing following method : BatchNegativeTestingOptionsTest.checkSavingPurchaseVoucherVATVoucher<br/>Test Method resides in com.focus.testcases.BatchNegativeTestingOptionsTest<br/>Test Status: Pass<br/>About to begin executing following method : BaseEngine.afterMethodExecution</div></td></tr></table><p class="totop"><a href="#summary">back to summary</a></p><h3 id="m133">com.focus.testcases.BatchNegativeTestingOptionsTest#checkSavingPurchaseVoucherVATVoucher1AfterAddingLinkFromPurchasesVoucherVATToSalesInvoiceN</h3><table class="result"><tr><th>Messages</th></tr><tr><td><div class="messages">Completed executing following method : BatchNegativeTestingOptionsTest.checkSavingPurchaseVoucherVATVoucher1AfterAddingLinkFromPurchasesVoucherVATToSalesInvoiceN<br/>Test Method resides in com.focus.testcases.BatchNegativeTestingOptionsTest<br/>Test Status: Pass<br/>About to begin executing following method : BaseEngine.afterMethodExecution</div></td></tr></table><p class="totop"><a href="#summary">back to summary</a></p><h3 id="m134">com.focus.testcases.BatchNegativeTestingOptionsTest#checkSavingPurchaseVoucherVATVoucher1AfterEnablingDoNotClubWithCommonBase</h3><table class="result"><tr><th>Messages</th></tr><tr><td><div class="messages">Completed executing following method : BatchNegativeTestingOptionsTest.checkSavingPurchaseVoucherVATVoucher1AfterEnablingDoNotClubWithCommonBase<br/>Test Method resides in com.focus.testcases.BatchNegativeTestingOptionsTest<br/>Test Status: Pass<br/>About to begin executing following method : BaseEngine.afterMethodExecution</div></td></tr></table><p class="totop"><a href="#summary">back to summary</a></p><h3 id="m135">com.focus.testcases.BatchNegativeTestingOptionsTest#checkSavingPurchaseVoucherVATVoucher1ForFiftyNinthScenario</h3><table class="result"><tr><th>Messages</th></tr><tr><td><div class="messages">Completed executing following method : BatchNegativeTestingOptionsTest.checkSavingPurchaseVoucherVATVoucher1ForFiftyNinthScenario<br/>Test Method resides in com.focus.testcases.BatchNegativeTestingOptionsTest<br/>Test Status: Pass<br/>About to begin executing following method : BaseEngine.afterMethodExecution</div></td></tr></table><p class="totop"><a href="#summary">back to summary</a></p><h3 id="m136">com.focus.testcases.BatchNegativeTestingOptionsTest#checkSavingPurchaseVoucherVATVoucher1ForSeventyForthScenario</h3><table class="result"><tr><th>Messages</th></tr><tr><td><div class="messages">Completed executing following method : BatchNegativeTestingOptionsTest.checkSavingPurchaseVoucherVATVoucher1ForSeventyForthScenario<br/>Test Method resides in com.focus.testcases.BatchNegativeTestingOptionsTest<br/>Test Status: Pass<br/>About to begin executing following method : BaseEngine.afterMethodExecution</div></td></tr></table><p class="totop"><a href="#summary">back to summary</a></p><h3 id="m137">com.focus.testcases.BatchNegativeTestingOptionsTest#checkSavingPurchaseVoucherVATVoucher1ForSeventyOneScenario</h3><table class="result"><tr><th>Messages</th></tr><tr><td><div class="messages">Completed executing following method : BatchNegativeTestingOptionsTest.checkSavingPurchaseVoucherVATVoucher1ForSeventyOneScenario<br/>Test Method resides in com.focus.testcases.BatchNegativeTestingOptionsTest<br/>Test Status: Pass<br/>About to begin executing following method : BaseEngine.afterMethodExecution</div></td></tr></table><p class="totop"><a href="#summary">back to summary</a></p><h3 id="m138">com.focus.testcases.BatchNegativeTestingOptionsTest#checkSavingPurchaseVoucherVATVoucher1ForSixtyFifthScenario</h3><table class="result"><tr><th>Messages</th></tr><tr><td><div class="messages">Completed executing following method : BatchNegativeTestingOptionsTest.checkSavingPurchaseVoucherVATVoucher1ForSixtyFifthScenario<br/>Test Method resides in com.focus.testcases.BatchNegativeTestingOptionsTest<br/>Test Status: Pass<br/>About to begin executing following method : BaseEngine.afterMethodExecution</div></td></tr></table><p class="totop"><a href="#summary">back to summary</a></p><h3 id="m139">com.focus.testcases.BatchNegativeTestingOptionsTest#checkSavingPurchaseVoucherVATVoucher1ForSixtySixthScenario</h3><table class="result"><tr><th>Messages</th></tr><tr><td><div class="messages">Completed executing following method : BatchNegativeTestingOptionsTest.checkSavingPurchaseVoucherVATVoucher1ForSixtySixthScenario<br/>Test Method resides in com.focus.testcases.BatchNegativeTestingOptionsTest<br/>Test Status: Pass<br/>About to begin executing following method : BaseEngine.afterMethodExecution</div></td></tr></table><p class="totop"><a href="#summary">back to summary</a></p><h3 id="m140">com.focus.testcases.BatchNegativeTestingOptionsTest#checkSavingPurchaseVoucherVATVoucher1With2Rows</h3><table class="result"><tr><th>Messages</th></tr><tr><td><div class="messages">Completed executing following method : BatchNegativeTestingOptionsTest.checkSavingPurchaseVoucherVATVoucher1With2Rows<br/>Test Method resides in com.focus.testcases.BatchNegativeTestingOptionsTest<br/>Test Status: Pass<br/>About to begin executing following method : BaseEngine.afterMethodExecution</div></td></tr></table><p class="totop"><a href="#summary">back to summary</a></p><h3 id="m141">com.focus.testcases.BatchNegativeTestingOptionsTest#checkSavingPurchaseVoucherVATVoucher1WithExpiryDate4DaysMoreThanCurrentDate</h3><table class="result"><tr><th>Messages</th></tr><tr><td><div class="messages">Completed executing following method : BatchNegativeTestingOptionsTest.checkSavingPurchaseVoucherVATVoucher1WithExpiryDate4DaysMoreThanCurrentDate<br/>Test Method resides in com.focus.testcases.BatchNegativeTestingOptionsTest<br/>Test Status: Pass<br/>About to begin executing following method : BaseEngine.afterMethodExecution</div></td></tr></table><p class="totop"><a href="#summary">back to summary</a></p><h3 id="m142">com.focus.testcases.BatchNegativeTestingOptionsTest#checkSavingPurchaseVoucherVATWithChangingItemAfterBatchConsumed</h3><table class="result"><tr><th>Messages</th></tr><tr><td><div class="messages">Completed executing following method : BatchNegativeTestingOptionsTest.checkSavingPurchaseVoucherVATWithChangingItemAfterBatchConsumed<br/>Test Method resides in com.focus.testcases.BatchNegativeTestingOptionsTest<br/>Test Status: Pass<br/>About to begin executing following method : BaseEngine.afterMethodExecution</div></td></tr></table><p class="totop"><a href="#summary">back to summary</a></p><h3 id="m143">com.focus.testcases.BatchNegativeTestingOptionsTest#checkSavingPurchaseVoucherVATWithCurrentdate</h3><table class="result"><tr><th>Messages</th></tr><tr><td><div class="messages">Completed executing following method : BatchNegativeTestingOptionsTest.checkSavingPurchaseVoucherVATWithCurrentdate<br/>Test Method resides in com.focus.testcases.BatchNegativeTestingOptionsTest<br/>Test Status: Pass<br/>About to begin executing following method : BaseEngine.afterMethodExecution</div></td></tr></table><p class="totop"><a href="#summary">back to summary</a></p><h3 id="m144">com.focus.testcases.BatchNegativeTestingOptionsTest#checkSavingPurchaseVoucherVATWithQty20</h3><table class="result"><tr><th>Messages</th></tr><tr><td><div class="messages">Completed executing following method : BatchNegativeTestingOptionsTest.checkSavingPurchaseVoucherVATWithQty20<br/>Test Method resides in com.focus.testcases.BatchNegativeTestingOptionsTest<br/>Test Status: Pass<br/>About to begin executing following method : BaseEngine.afterMethodExecution</div></td></tr></table><p class="totop"><a href="#summary">back to summary</a></p><h3 id="m145">com.focus.testcases.BatchNegativeTestingOptionsTest#checkSavingSO1AfterChangingInAuthorisation</h3><table class="result"><tr><th>Messages</th></tr><tr><td><div class="messages">Completed executing following method : BatchNegativeTestingOptionsTest.checkSavingSO1AfterChangingInAuthorisation<br/>Test Method resides in com.focus.testcases.BatchNegativeTestingOptionsTest<br/>Test Status: Pass<br/>About to begin executing following method : BaseEngine.afterMethodExecution</div></td></tr></table><p class="totop"><a href="#summary">back to summary</a></p><h3 id="m146">com.focus.testcases.BatchNegativeTestingOptionsTest#checkSavingSO2AfterChangingInAuthorisation</h3><table class="result"><tr><th>Messages</th></tr><tr><td><div class="messages">Completed executing following method : BatchNegativeTestingOptionsTest.checkSavingSO2AfterChangingInAuthorisation<br/>Test Method resides in com.focus.testcases.BatchNegativeTestingOptionsTest<br/>Test Status: Pass<br/>About to begin executing following method : BaseEngine.afterMethodExecution</div></td></tr></table><p class="totop"><a href="#summary">back to summary</a></p><h3 id="m147">com.focus.testcases.BatchNegativeTestingOptionsTest#checkSavingSalOrdVou1AfterAuthorisation</h3><table class="result"><tr><th>Messages</th></tr><tr><td><div class="messages">Completed executing following method : BatchNegativeTestingOptionsTest.checkSavingSalOrdVou1AfterAuthorisation<br/>Test Method resides in com.focus.testcases.BatchNegativeTestingOptionsTest<br/>Test Status: Pass<br/>About to begin executing following method : BaseEngine.afterMethodExecution</div></td></tr></table><p class="totop"><a href="#summary">back to summary</a></p><h3 id="m148">com.focus.testcases.BatchNegativeTestingOptionsTest#checkSavingSalesINvoiceVAT2AfterFullBatchConsumedIn1stVoucher</h3><table class="result"><tr><th>Messages</th></tr><tr><td><div class="messages">Completed executing following method : BatchNegativeTestingOptionsTest.checkSavingSalesINvoiceVAT2AfterFullBatchConsumedIn1stVoucher<br/>Test Method resides in com.focus.testcases.BatchNegativeTestingOptionsTest<br/>Test Status: Pass<br/>About to begin executing following method : BaseEngine.afterMethodExecution</div></td></tr></table><p class="totop"><a href="#summary">back to summary</a></p><h3 id="m149">com.focus.testcases.BatchNegativeTestingOptionsTest#checkSavingSalesInvoiceNVoucher1ByConvertingPendingVoucherAfterSuspendingPurchaseReturns</h3><table class="result"><tr><th>Messages</th></tr><tr><td><div class="messages">Completed executing following method : BatchNegativeTestingOptionsTest.checkSavingSalesInvoiceNVoucher1ByConvertingPendingVoucherAfterSuspendingPurchaseReturns<br/>Test Method resides in com.focus.testcases.BatchNegativeTestingOptionsTest<br/>Test Status: Pass<br/>About to begin executing following method : BaseEngine.afterMethodExecution</div></td></tr></table><p class="totop"><a href="#summary">back to summary</a></p><h3 id="m150">com.focus.testcases.BatchNegativeTestingOptionsTest#checkSavingSalesInvoiceNVoucher1ByLoadingFromWorkflow</h3><table class="result"><tr><th>Messages</th></tr><tr><td><div class="messages">Completed executing following method : BatchNegativeTestingOptionsTest.checkSavingSalesInvoiceNVoucher1ByLoadingFromWorkflow<br/>Test Method resides in com.focus.testcases.BatchNegativeTestingOptionsTest<br/>Test Status: Pass<br/>About to begin executing following method : BaseEngine.afterMethodExecution</div></td></tr></table><p class="totop"><a href="#summary">back to summary</a></p><h3 id="m151">com.focus.testcases.BatchNegativeTestingOptionsTest#checkSavingSalesInvoiceNVoucher1ByLoadingFromWorkflowAfterConsumingFullQuantityInPurchaseReturns</h3><table class="result"><tr><th>Messages</th></tr><tr><td><div class="messages">Completed executing following method : BatchNegativeTestingOptionsTest.checkSavingSalesInvoiceNVoucher1ByLoadingFromWorkflowAfterConsumingFullQuantityInPurchaseReturns<br/>Test Method resides in com.focus.testcases.BatchNegativeTestingOptionsTest<br/>Test Status: Pass<br/>About to begin executing following method : BaseEngine.afterMethodExecution</div></td></tr></table><p class="totop"><a href="#summary">back to summary</a></p><h3 id="m152">com.focus.testcases.BatchNegativeTestingOptionsTest#checkSavingSalesInvoiceNVoucher1ByLoadingFromWorkflowAfterConsumingPartiallyQuantityInPurchaseReturns</h3><table class="result"><tr><th>Messages</th></tr><tr><td><div class="messages">Completed executing following method : BatchNegativeTestingOptionsTest.checkSavingSalesInvoiceNVoucher1ByLoadingFromWorkflowAfterConsumingPartiallyQuantityInPurchaseReturns<br/>Test Method resides in com.focus.testcases.BatchNegativeTestingOptionsTest<br/>Test Status: Pass<br/>About to begin executing following method : BaseEngine.afterMethodExecution</div></td></tr></table><p class="totop"><a href="#summary">back to summary</a></p><h3 id="m153">com.focus.testcases.BatchNegativeTestingOptionsTest#checkSavingSalesInvoiceNVoucher1ByLoadingFromWorkflowAfterSavingPurchaseReturns</h3><table class="result"><tr><th>Messages</th></tr><tr><td><div class="messages">Completed executing following method : BatchNegativeTestingOptionsTest.checkSavingSalesInvoiceNVoucher1ByLoadingFromWorkflowAfterSavingPurchaseReturns<br/>Test Method resides in com.focus.testcases.BatchNegativeTestingOptionsTest<br/>Test Status: Pass<br/>About to begin executing following method : BaseEngine.afterMethodExecution</div></td></tr></table><p class="totop"><a href="#summary">back to summary</a></p><h3 id="m154">com.focus.testcases.BatchNegativeTestingOptionsTest#checkSavingSalesInvoiceNVoucher1ByLoadingFromWorkflowAfterSuspendingPurchaseReturns</h3><table class="result"><tr><th>Messages</th></tr><tr><td><div class="messages">Completed executing following method : BatchNegativeTestingOptionsTest.checkSavingSalesInvoiceNVoucher1ByLoadingFromWorkflowAfterSuspendingPurchaseReturns<br/>Test Method resides in com.focus.testcases.BatchNegativeTestingOptionsTest<br/>Test Status: Pass<br/>About to begin executing following method : BaseEngine.afterMethodExecution</div></td></tr></table><p class="totop"><a href="#summary">back to summary</a></p><h3 id="m155">com.focus.testcases.BatchNegativeTestingOptionsTest#checkSavingSalesInvoiceNVoucher1ByLoadingFromWorkflowByConsumingFullQuantity</h3><table class="result"><tr><th>Messages</th></tr><tr><td><div class="messages">Completed executing following method : BatchNegativeTestingOptionsTest.checkSavingSalesInvoiceNVoucher1ByLoadingFromWorkflowByConsumingFullQuantity<br/>Test Method resides in com.focus.testcases.BatchNegativeTestingOptionsTest<br/>Test Status: Pass<br/>About to begin executing following method : BaseEngine.afterMethodExecution</div></td></tr></table><p class="totop"><a href="#summary">back to summary</a></p><h3 id="m156">com.focus.testcases.BatchNegativeTestingOptionsTest#checkSavingSalesInvoiceVAT1WithCurrentDateAfterBatchConsumed</h3><table class="result"><tr><th>Messages</th></tr><tr><td><div class="messages">Completed executing following method : BatchNegativeTestingOptionsTest.checkSavingSalesInvoiceVAT1WithCurrentDateAfterBatchConsumed<br/>Test Method resides in com.focus.testcases.BatchNegativeTestingOptionsTest<br/>Test Status: Pass<br/>About to begin executing following method : BaseEngine.afterMethodExecution</div></td></tr></table><p class="totop"><a href="#summary">back to summary</a></p><h3 id="m157">com.focus.testcases.BatchNegativeTestingOptionsTest#checkSavingSalesInvoiceVATVoucher1AfterEnablingAllowBatchNegativeQuantityOption</h3><table class="result"><tr><th>Messages</th></tr><tr><td><div class="messages">Completed executing following method : BatchNegativeTestingOptionsTest.checkSavingSalesInvoiceVATVoucher1AfterEnablingAllowBatchNegativeQuantityOption<br/>Test Method resides in com.focus.testcases.BatchNegativeTestingOptionsTest<br/>Test Status: Pass<br/>About to begin executing following method : BaseEngine.afterMethodExecution</div></td></tr></table><p class="totop"><a href="#summary">back to summary</a></p><h3 id="m158">com.focus.testcases.BatchNegativeTestingOptionsTest#checkSavingSalesInvoiceVATVoucher1ByConsumingFullQuantityAfterSavingPurchaseVoucher1</h3><table class="result"><tr><th>Messages</th></tr><tr><td><div class="messages">Completed executing following method : BatchNegativeTestingOptionsTest.checkSavingSalesInvoiceVATVoucher1ByConsumingFullQuantityAfterSavingPurchaseVoucher1<br/>Test Method resides in com.focus.testcases.BatchNegativeTestingOptionsTest<br/>Test Status: Pass<br/>About to begin executing following method : BaseEngine.afterMethodExecution</div></td></tr></table><p class="totop"><a href="#summary">back to summary</a></p><h3 id="m159">com.focus.testcases.BatchNegativeTestingOptionsTest#checkSavingSalesInvoiceVATVoucher1ByConsumingPartialQuantity</h3><table class="result"><tr><th>Messages</th></tr><tr><td><div class="messages">Completed executing following method : BatchNegativeTestingOptionsTest.checkSavingSalesInvoiceVATVoucher1ByConsumingPartialQuantity<br/>Test Method resides in com.focus.testcases.BatchNegativeTestingOptionsTest<br/>Test Status: Pass<br/>About to begin executing following method : BaseEngine.afterMethodExecution</div></td></tr></table><p class="totop"><a href="#summary">back to summary</a></p><h3 id="m160">com.focus.testcases.BatchNegativeTestingOptionsTest#checkSavingSalesInvoiceVATVoucher1ByConsumingPartialQuantity60</h3><table class="result"><tr><th>Messages</th></tr><tr><td><div class="messages">Completed executing following method : BatchNegativeTestingOptionsTest.checkSavingSalesInvoiceVATVoucher1ByConsumingPartialQuantity60<br/>Test Method resides in com.focus.testcases.BatchNegativeTestingOptionsTest<br/>Test Status: Pass<br/>About to begin executing following method : BaseEngine.afterMethodExecution</div></td></tr></table><p class="totop"><a href="#summary">back to summary</a></p><h3 id="m161">com.focus.testcases.BatchNegativeTestingOptionsTest#checkSavingSalesInvoiceVATVoucher1ByLoadingFromWorkflowAfterSavingSalesOrderDoc1AndDoc2</h3><table class="result"><tr><th>Messages</th></tr><tr><td><div class="messages">Completed executing following method : BatchNegativeTestingOptionsTest.checkSavingSalesInvoiceVATVoucher1ByLoadingFromWorkflowAfterSavingSalesOrderDoc1AndDoc2<br/>Test Method resides in com.focus.testcases.BatchNegativeTestingOptionsTest<br/>Test Status: Pass<br/>About to begin executing following method : BaseEngine.afterMethodExecution</div></td></tr></table><p class="totop"><a href="#summary">back to summary</a></p><h3 id="m162">com.focus.testcases.BatchNegativeTestingOptionsTest#checkSavingSalesInvoiceVATVoucher1ByLoadingFromWorkflowAfterSavingSalesOrderDoc1AndDoc2AfterEnablingInputBatchEvenIfStockIsNotUpdated</h3><table class="result"><tr><th>Messages</th></tr><tr><td><div class="messages">Completed executing following method : BatchNegativeTestingOptionsTest.checkSavingSalesInvoiceVATVoucher1ByLoadingFromWorkflowAfterSavingSalesOrderDoc1AndDoc2AfterEnablingInputBatchEvenIfStockIsNotUpdated<br/>Test Method resides in com.focus.testcases.BatchNegativeTestingOptionsTest<br/>Test Status: Pass<br/>About to begin executing following method : BaseEngine.afterMethodExecution</div></td></tr></table><p class="totop"><a href="#summary">back to summary</a></p><h3 id="m163">com.focus.testcases.BatchNegativeTestingOptionsTest#checkSavingSalesInvoiceVATVoucher1ByLoadingFromWorkflowAndSelectingSalesOrderDoc1</h3><table class="result"><tr><th>Messages</th></tr><tr><td><div class="messages">Completed executing following method : BatchNegativeTestingOptionsTest.checkSavingSalesInvoiceVATVoucher1ByLoadingFromWorkflowAndSelectingSalesOrderDoc1<br/>Test Method resides in com.focus.testcases.BatchNegativeTestingOptionsTest<br/>Test Status: Pass<br/>About to begin executing following method : BaseEngine.afterMethodExecution</div></td></tr></table><p class="totop"><a href="#summary">back to summary</a></p><h3 id="m164">com.focus.testcases.BatchNegativeTestingOptionsTest#checkSavingSalesInvoiceVATVoucher1ByLoadingFromWorkflowAndSelectingSalesOrderDoc1AfterEnablingInputBatchEvenIfStockIsNotUpdated</h3><table class="result"><tr><th>Messages</th></tr><tr><td><div class="messages">Completed executing following method : BatchNegativeTestingOptionsTest.checkSavingSalesInvoiceVATVoucher1ByLoadingFromWorkflowAndSelectingSalesOrderDoc1AfterEnablingInputBatchEvenIfStockIsNotUpdated<br/>Test Method resides in com.focus.testcases.BatchNegativeTestingOptionsTest<br/>Test Status: Pass<br/>About to begin executing following method : BaseEngine.afterMethodExecution</div></td></tr></table><p class="totop"><a href="#summary">back to summary</a></p><h3 id="m165">com.focus.testcases.BatchNegativeTestingOptionsTest#checkSavingSalesInvoiceVATVoucher1ByLoadingFromWorkflowAndSelectingSalesOrderDoc2AfterSuspendingSalesInvoiceVoucher1</h3><table class="result"><tr><th>Messages</th></tr><tr><td><div class="messages">Completed executing following method : BatchNegativeTestingOptionsTest.checkSavingSalesInvoiceVATVoucher1ByLoadingFromWorkflowAndSelectingSalesOrderDoc2AfterSuspendingSalesInvoiceVoucher1<br/>Test Method resides in com.focus.testcases.BatchNegativeTestingOptionsTest<br/>Test Status: Pass<br/>About to begin executing following method : BaseEngine.afterMethodExecution</div></td></tr></table><p class="totop"><a href="#summary">back to summary</a></p><h3 id="m166">com.focus.testcases.BatchNegativeTestingOptionsTest#checkSavingSalesInvoiceVATVoucher1WithMoreThanAvailableQuantityInPurchaseVoucherWithoutEnablingAllowNegativeBatchQuantities</h3><table class="result"><tr><th>Messages</th></tr><tr><td><div class="messages">Completed executing following method : BatchNegativeTestingOptionsTest.checkSavingSalesInvoiceVATVoucher1WithMoreThanAvailableQuantityInPurchaseVoucherWithoutEnablingAllowNegativeBatchQuantities<br/>Test Method resides in com.focus.testcases.BatchNegativeTestingOptionsTest<br/>Test Status: Pass<br/>About to begin executing following method : BaseEngine.afterMethodExecution</div></td></tr></table><p class="totop"><a href="#summary">back to summary</a></p><h3 id="m167">com.focus.testcases.BatchNegativeTestingOptionsTest#checkSavingSalesInvoiceVATVoucher1WithQuantity11</h3><table class="result"><tr><th>Messages</th></tr><tr><td><div class="messages">Completed executing following method : BatchNegativeTestingOptionsTest.checkSavingSalesInvoiceVATVoucher1WithQuantity11<br/>Test Method resides in com.focus.testcases.BatchNegativeTestingOptionsTest<br/>Test Status: Pass<br/>About to begin executing following method : BaseEngine.afterMethodExecution</div></td></tr></table><p class="totop"><a href="#summary">back to summary</a></p><h3 id="m168">com.focus.testcases.BatchNegativeTestingOptionsTest#checkSavingSalesInvoiceVATVoucher1WithQuantity180</h3><table class="result"><tr><th>Messages</th></tr><tr><td><div class="messages">Completed executing following method : BatchNegativeTestingOptionsTest.checkSavingSalesInvoiceVATVoucher1WithQuantity180<br/>Test Method resides in com.focus.testcases.BatchNegativeTestingOptionsTest<br/>Test Status: Pass<br/>About to begin executing following method : BaseEngine.afterMethodExecution</div></td></tr></table><p class="totop"><a href="#summary">back to summary</a></p><h3 id="m169">com.focus.testcases.BatchNegativeTestingOptionsTest#checkSavingSalesInvoiceVATVoucher2ByLoadingFromWorkflowAndSelectingSalesOrderDoc2</h3><table class="result"><tr><th>Messages</th></tr><tr><td><div class="messages">Completed executing following method : BatchNegativeTestingOptionsTest.checkSavingSalesInvoiceVATVoucher2ByLoadingFromWorkflowAndSelectingSalesOrderDoc2<br/>Test Method resides in com.focus.testcases.BatchNegativeTestingOptionsTest<br/>Test Status: Pass<br/>About to begin executing following method : BaseEngine.afterMethodExecution</div></td></tr></table><p class="totop"><a href="#summary">back to summary</a></p><h3 id="m170">com.focus.testcases.BatchNegativeTestingOptionsTest#checkSavingSalesInvoiceVATWihLoadingLinks</h3><table class="result"><tr><th>Messages</th></tr><tr><td><div class="messages">Completed executing following method : BatchNegativeTestingOptionsTest.checkSavingSalesInvoiceVATWihLoadingLinks<br/>Test Method resides in com.focus.testcases.BatchNegativeTestingOptionsTest<br/>Test Status: Pass<br/>About to begin executing following method : BaseEngine.afterMethodExecution</div></td></tr></table><p class="totop"><a href="#summary">back to summary</a></p><h3 id="m171">com.focus.testcases.BatchNegativeTestingOptionsTest#checkSavingSalesInvoiceWithLoadingLinks</h3><table class="result"><tr><th>Messages</th></tr><tr><td><div class="messages">Completed executing following method : BatchNegativeTestingOptionsTest.checkSavingSalesInvoiceWithLoadingLinks<br/>Test Method resides in com.focus.testcases.BatchNegativeTestingOptionsTest<br/>Test Status: Pass<br/>About to begin executing following method : BaseEngine.afterMethodExecution</div></td></tr></table><p class="totop"><a href="#summary">back to summary</a></p><h3 id="m172">com.focus.testcases.BatchNegativeTestingOptionsTest#checkSavingSalesOrder2AfterSuspendingVoucher1</h3><table class="result"><tr><th>Messages</th></tr><tr><td><div class="messages">Completed executing following method : BatchNegativeTestingOptionsTest.checkSavingSalesOrder2AfterSuspendingVoucher1<br/>Test Method resides in com.focus.testcases.BatchNegativeTestingOptionsTest<br/>Test Status: Pass<br/>About to begin executing following method : BaseEngine.afterMethodExecution</div></td></tr></table><p class="totop"><a href="#summary">back to summary</a></p><h3 id="m173">com.focus.testcases.BatchNegativeTestingOptionsTest#checkSavingSalesOrderVopucher2</h3><table class="result"><tr><th>Messages</th></tr><tr><td><div class="messages">Completed executing following method : BatchNegativeTestingOptionsTest.checkSavingSalesOrderVopucher2<br/>Test Method resides in com.focus.testcases.BatchNegativeTestingOptionsTest<br/>Test Status: Pass<br/>About to begin executing following method : BaseEngine.afterMethodExecution</div></td></tr></table><p class="totop"><a href="#summary">back to summary</a></p><h3 id="m174">com.focus.testcases.BatchNegativeTestingOptionsTest#checkSavingSalesOrderVoucher1</h3><table class="result"><tr><th>Messages</th></tr><tr><td><div class="messages">Completed executing following method : BatchNegativeTestingOptionsTest.checkSavingSalesOrderVoucher1<br/>Test Method resides in com.focus.testcases.BatchNegativeTestingOptionsTest<br/>Test Status: Pass<br/>About to begin executing following method : BaseEngine.afterMethodExecution</div></td></tr></table><p class="totop"><a href="#summary">back to summary</a></p><h3 id="m175">com.focus.testcases.BatchNegativeTestingOptionsTest#checkSavingSalesOrderVoucher1AfterEnablingInputBatchEvenIfStockIsNotUpdated</h3><table class="result"><tr><th>Messages</th></tr><tr><td><div class="messages">Completed executing following method : BatchNegativeTestingOptionsTest.checkSavingSalesOrderVoucher1AfterEnablingInputBatchEvenIfStockIsNotUpdated<br/>Test Method resides in com.focus.testcases.BatchNegativeTestingOptionsTest<br/>Test Status: Pass<br/>About to begin executing following method : BaseEngine.afterMethodExecution</div></td></tr></table><p class="totop"><a href="#summary">back to summary</a></p><h3 id="m176">com.focus.testcases.BatchNegativeTestingOptionsTest#checkSavingSalesOrderVoucher1AfterSavingPurchaseVoucherVAT1</h3><table class="result"><tr><th>Messages</th></tr><tr><td><div class="messages">Completed executing following method : BatchNegativeTestingOptionsTest.checkSavingSalesOrderVoucher1AfterSavingPurchaseVoucherVAT1<br/>Test Method resides in com.focus.testcases.BatchNegativeTestingOptionsTest<br/>Test Status: Pass<br/>About to begin executing following method : BaseEngine.afterMethodExecution</div></td></tr></table><p class="totop"><a href="#summary">back to summary</a></p><h3 id="m177">com.focus.testcases.BatchNegativeTestingOptionsTest#checkSavingSalesOrderVoucher2AfterEnablingInputBatchEvenIfStockIsNotUpdated</h3><table class="result"><tr><th>Messages</th></tr><tr><td><div class="messages">Completed executing following method : BatchNegativeTestingOptionsTest.checkSavingSalesOrderVoucher2AfterEnablingInputBatchEvenIfStockIsNotUpdated<br/>Test Method resides in com.focus.testcases.BatchNegativeTestingOptionsTest<br/>Test Status: Pass<br/>About to begin executing following method : BaseEngine.afterMethodExecution</div></td></tr></table><p class="totop"><a href="#summary">back to summary</a></p><h3 id="m178">com.focus.testcases.BatchNegativeTestingOptionsTest#checkSavingSalesOrderVoucher2AfterSavingPurchaseVoucherVAT1</h3><table class="result"><tr><th>Messages</th></tr><tr><td><div class="messages">Completed executing following method : BatchNegativeTestingOptionsTest.checkSavingSalesOrderVoucher2AfterSavingPurchaseVoucherVAT1<br/>Test Method resides in com.focus.testcases.BatchNegativeTestingOptionsTest<br/>Test Status: Pass<br/>About to begin executing following method : BaseEngine.afterMethodExecution</div></td></tr></table><p class="totop"><a href="#summary">back to summary</a></p><h3 id="m179">com.focus.testcases.BatchNegativeTestingOptionsTest#checkSavingSalesOrderVoucherAfterEnableInputBatchEvenIfStockNotUpdatedChkbox</h3><table class="result"><tr><th>Messages</th></tr><tr><td><div class="messages">Completed executing following method : BatchNegativeTestingOptionsTest.checkSavingSalesOrderVoucherAfterEnableInputBatchEvenIfStockNotUpdatedChkbox<br/>Test Method resides in com.focus.testcases.BatchNegativeTestingOptionsTest<br/>Test Status: Pass<br/>About to begin executing following method : BaseEngine.afterMethodExecution</div></td></tr></table><p class="totop"><a href="#summary">back to summary</a></p><h3 id="m180">com.focus.testcases.BatchNegativeTestingOptionsTest#checkSavingSalesOrderWithConsumingHalfQtyFromPurVouVat</h3><table class="result"><tr><th>Messages</th></tr><tr><td><div class="messages">Completed executing following method : BatchNegativeTestingOptionsTest.checkSavingSalesOrderWithConsumingHalfQtyFromPurVouVat<br/>Test Method resides in com.focus.testcases.BatchNegativeTestingOptionsTest<br/>Test Status: Pass<br/>About to begin executing following method : BaseEngine.afterMethodExecution</div></td></tr></table><p class="totop"><a href="#summary">back to summary</a></p><h3 id="m181">com.focus.testcases.BatchNegativeTestingOptionsTest#checkSavingSalesOrderWithFullConsumptionInward</h3><table class="result"><tr><th>Messages</th></tr><tr><td><div class="messages">Completed executing following method : BatchNegativeTestingOptionsTest.checkSavingSalesOrderWithFullConsumptionInward<br/>Test Method resides in com.focus.testcases.BatchNegativeTestingOptionsTest<br/>Test Status: Pass<br/>About to begin executing following method : BaseEngine.afterMethodExecution</div></td></tr></table><p class="totop"><a href="#summary">back to summary</a></p><h3 id="m182">com.focus.testcases.BatchNegativeTestingOptionsTest#checkSavingSalesOrdervoucher2AfterConsumedBatchInVoucher1</h3><table class="result"><tr><th>Messages</th></tr><tr><td><div class="messages">Completed executing following method : BatchNegativeTestingOptionsTest.checkSavingSalesOrdervoucher2AfterConsumedBatchInVoucher1<br/>Test Method resides in com.focus.testcases.BatchNegativeTestingOptionsTest<br/>Test Status: Pass<br/>About to begin executing following method : BaseEngine.afterMethodExecution</div></td></tr></table><p class="totop"><a href="#summary">back to summary</a></p><h3 id="m183">com.focus.testcases.BatchNegativeTestingOptionsTest#checkSavingSalesVou2AfterSuspendingVou1</h3><table class="result"><tr><th>Messages</th></tr><tr><td><div class="messages">Completed executing following method : BatchNegativeTestingOptionsTest.checkSavingSalesVou2AfterSuspendingVou1<br/>Test Method resides in com.focus.testcases.BatchNegativeTestingOptionsTest<br/>Test Status: Pass<br/>About to begin executing following method : BaseEngine.afterMethodExecution</div></td></tr></table><p class="totop"><a href="#summary">back to summary</a></p><h3 id="m184">com.focus.testcases.BatchNegativeTestingOptionsTest#checkSavingSalesVoucher2AfterSuspending1stVoucher</h3><table class="result"><tr><th>Messages</th></tr><tr><td><div class="messages">Completed executing following method : BatchNegativeTestingOptionsTest.checkSavingSalesVoucher2AfterSuspending1stVoucher<br/>Test Method resides in com.focus.testcases.BatchNegativeTestingOptionsTest<br/>Test Status: Pass<br/>About to begin executing following method : BaseEngine.afterMethodExecution</div></td></tr></table><p class="totop"><a href="#summary">back to summary</a></p><h3 id="m185">com.focus.testcases.BatchNegativeTestingOptionsTest#checkSavingVou2AfterAuthorisationInsalesOrder</h3><table class="result"><tr><th>Messages</th></tr><tr><td><div class="messages">Completed executing following method : BatchNegativeTestingOptionsTest.checkSavingVou2AfterAuthorisationInsalesOrder<br/>Test Method resides in com.focus.testcases.BatchNegativeTestingOptionsTest<br/>Test Status: Pass<br/>About to begin executing following method : BaseEngine.afterMethodExecution</div></td></tr></table><p class="totop"><a href="#summary">back to summary</a></p><h3 id="m186">com.focus.testcases.BatchNegativeTestingOptionsTest#checkSavingVoucherInSO2AfterSuspendingVoucherSO1</h3><table class="result"><tr><th>Messages</th></tr><tr><td><div class="messages">Completed executing following method : BatchNegativeTestingOptionsTest.checkSavingVoucherInSO2AfterSuspendingVoucherSO1<br/>Test Method resides in com.focus.testcases.BatchNegativeTestingOptionsTest<br/>Test Status: Pass<br/>About to begin executing following method : BaseEngine.afterMethodExecution</div></td></tr></table><p class="totop"><a href="#summary">back to summary</a></p><h3 id="m187">com.focus.testcases.BatchNegativeTestingOptionsTest#checkSavingVoucherInsalesOrderafterBatchConsumed</h3><table class="result"><tr><th>Messages</th></tr><tr><td><div class="messages">Completed executing following method : BatchNegativeTestingOptionsTest.checkSavingVoucherInsalesOrderafterBatchConsumed<br/>Test Method resides in com.focus.testcases.BatchNegativeTestingOptionsTest<br/>Test Status: Pass<br/>About to begin executing following method : BaseEngine.afterMethodExecution</div></td></tr></table><p class="totop"><a href="#summary">back to summary</a></p><h3 id="m188">com.focus.testcases.BatchNegativeTestingOptionsTest#checkSavingVoucherinSalesInvoiceVATAfterEnablingInventoryOption</h3><table class="result"><tr><th>Messages</th></tr><tr><td><div class="messages">Completed executing following method : BatchNegativeTestingOptionsTest.checkSavingVoucherinSalesInvoiceVATAfterEnablingInventoryOption<br/>Test Method resides in com.focus.testcases.BatchNegativeTestingOptionsTest<br/>Test Status: Pass<br/>About to begin executing following method : BaseEngine.afterMethodExecution</div></td></tr></table><p class="totop"><a href="#summary">back to summary</a></p><h3 id="m189">com.focus.testcases.BatchNegativeTestingOptionsTest#checkSuspendingDeliveryNotesVoucher1FromEntryPage</h3><table class="result"><tr><th>Messages</th></tr><tr><td><div class="messages">Completed executing following method : BatchNegativeTestingOptionsTest.checkSuspendingDeliveryNotesVoucher1FromEntryPage<br/>Test Method resides in com.focus.testcases.BatchNegativeTestingOptionsTest<br/>Test Status: Pass<br/>About to begin executing following method : BaseEngine.afterMethodExecution</div></td></tr></table><p class="totop"><a href="#summary">back to summary</a></p><h3 id="m190">com.focus.testcases.BatchNegativeTestingOptionsTest#checkSuspendingPurchasVatVoucherAfterBatchConsumedinSalesInvoice</h3><table class="result"><tr><th>Messages</th></tr><tr><td><div class="messages">Completed executing following method : BatchNegativeTestingOptionsTest.checkSuspendingPurchasVatVoucherAfterBatchConsumedinSalesInvoice<br/>Test Method resides in com.focus.testcases.BatchNegativeTestingOptionsTest<br/>Test Status: Pass<br/>About to begin executing following method : BaseEngine.afterMethodExecution</div></td></tr></table><p class="totop"><a href="#summary">back to summary</a></p><h3 id="m191">com.focus.testcases.BatchNegativeTestingOptionsTest#checkSuspendingPurchaseReturnsVoucher1AfterDeletingSalesInvoiceNVoucher1</h3><table class="result"><tr><th>Messages</th></tr><tr><td><div class="messages">Completed executing following method : BatchNegativeTestingOptionsTest.checkSuspendingPurchaseReturnsVoucher1AfterDeletingSalesInvoiceNVoucher1<br/>Test Method resides in com.focus.testcases.BatchNegativeTestingOptionsTest<br/>Test Status: Pass<br/>About to begin executing following method : BaseEngine.afterMethodExecution</div></td></tr></table><p class="totop"><a href="#summary">back to summary</a></p><h3 id="m192">com.focus.testcases.BatchNegativeTestingOptionsTest#checkSuspendingPurchaseReturnsVoucher1ForSeventiethScenario</h3><table class="result"><tr><th>Messages</th></tr><tr><td><div class="messages">Completed executing following method : BatchNegativeTestingOptionsTest.checkSuspendingPurchaseReturnsVoucher1ForSeventiethScenario<br/>Test Method resides in com.focus.testcases.BatchNegativeTestingOptionsTest<br/>Test Status: Pass<br/>About to begin executing following method : BaseEngine.afterMethodExecution</div></td></tr></table><p class="totop"><a href="#summary">back to summary</a></p><h3 id="m193">com.focus.testcases.BatchNegativeTestingOptionsTest#checkSuspendingPurchaseReturnsVoucher1ForSixtiethOneScenario</h3><table class="result"><tr><th>Messages</th></tr><tr><td><div class="messages">Completed executing following method : BatchNegativeTestingOptionsTest.checkSuspendingPurchaseReturnsVoucher1ForSixtiethOneScenario<br/>Test Method resides in com.focus.testcases.BatchNegativeTestingOptionsTest<br/>Test Status: Pass<br/>About to begin executing following method : BaseEngine.afterMethodExecution</div></td></tr></table><p class="totop"><a href="#summary">back to summary</a></p><h3 id="m194">com.focus.testcases.BatchNegativeTestingOptionsTest#checkSuspendingPurchaseReturnsVoucher1ForSixtySeventhScenario</h3><table class="result"><tr><th>Messages</th></tr><tr><td><div class="messages">Completed executing following method : BatchNegativeTestingOptionsTest.checkSuspendingPurchaseReturnsVoucher1ForSixtySeventhScenario<br/>Test Method resides in com.focus.testcases.BatchNegativeTestingOptionsTest<br/>Test Status: Pass<br/>About to begin executing following method : BaseEngine.afterMethodExecution</div></td></tr></table><p class="totop"><a href="#summary">back to summary</a></p><h3 id="m195">com.focus.testcases.BatchNegativeTestingOptionsTest#checkSuspendingSalesInvoiceVATVoucher1ForFortyEightScenario</h3><table class="result"><tr><th>Messages</th></tr><tr><td><div class="messages">Completed executing following method : BatchNegativeTestingOptionsTest.checkSuspendingSalesInvoiceVATVoucher1ForFortyEightScenario<br/>Test Method resides in com.focus.testcases.BatchNegativeTestingOptionsTest<br/>Test Status: Pass<br/>About to begin executing following method : BaseEngine.afterMethodExecution</div></td></tr></table><p class="totop"><a href="#summary">back to summary</a></p><h3 id="m196">com.focus.testcases.BatchNegativeTestingOptionsTest#checkSuspendingSalesInvoiceVATVoucher1ForFortySixthScenario</h3><table class="result"><tr><th>Messages</th></tr><tr><td><div class="messages">Completed executing following method : BatchNegativeTestingOptionsTest.checkSuspendingSalesInvoiceVATVoucher1ForFortySixthScenario<br/>Test Method resides in com.focus.testcases.BatchNegativeTestingOptionsTest<br/>Test Status: Pass<br/>About to begin executing following method : BaseEngine.afterMethodExecution</div></td></tr></table><p class="totop"><a href="#summary">back to summary</a></p><h3 id="m197">com.focus.testcases.BatchNegativeTestingOptionsTest#checkSuspendingSalesInvoiceVATVoucher1ForSeventySixthScenario</h3><table class="result"><tr><th>Messages</th></tr><tr><td><div class="messages">Completed executing following method : BatchNegativeTestingOptionsTest.checkSuspendingSalesInvoiceVATVoucher1ForSeventySixthScenario<br/>Test Method resides in com.focus.testcases.BatchNegativeTestingOptionsTest<br/>Test Status: Pass<br/>About to begin executing following method : BaseEngine.afterMethodExecution</div></td></tr></table><p class="totop"><a href="#summary">back to summary</a></p><h3 id="m198">com.focus.testcases.BatchNegativeTestingOptionsTest#checkSuspendingSalesInvoiceVATVoucher1ForSeventyThirdScenario</h3><table class="result"><tr><th>Messages</th></tr><tr><td><div class="messages">Completed executing following method : BatchNegativeTestingOptionsTest.checkSuspendingSalesInvoiceVATVoucher1ForSeventyThirdScenario<br/>Test Method resides in com.focus.testcases.BatchNegativeTestingOptionsTest<br/>Test Status: Pass<br/>About to begin executing following method : BaseEngine.afterMethodExecution</div></td></tr></table><p class="totop"><a href="#summary">back to summary</a></p><h3 id="m199">com.focus.testcases.BatchNegativeTestingOptionsTest#checkSuspendingSalesInvoiceVATVoucher1ForSixtiethScenario</h3><table class="result"><tr><th>Messages</th></tr><tr><td><div class="messages">Completed executing following method : BatchNegativeTestingOptionsTest.checkSuspendingSalesInvoiceVATVoucher1ForSixtiethScenario<br/>Test Method resides in com.focus.testcases.BatchNegativeTestingOptionsTest<br/>Test Status: Pass<br/>About to begin executing following method : BaseEngine.afterMethodExecution</div></td></tr></table><p class="totop"><a href="#summary">back to summary</a></p><h3 id="m200">com.focus.testcases.BatchNegativeTestingOptionsTest#checkSuspendingSalesVou1AfterEnablingOptions</h3><table class="result"><tr><th>Messages</th></tr><tr><td><div class="messages">Completed executing following method : BatchNegativeTestingOptionsTest.checkSuspendingSalesVou1AfterEnablingOptions<br/>Test Method resides in com.focus.testcases.BatchNegativeTestingOptionsTest<br/>Test Status: Pass<br/>About to begin executing following method : BaseEngine.afterMethodExecution</div></td></tr></table><p class="totop"><a href="#summary">back to summary</a></p><h3 id="m201">com.focus.testcases.BatchNegativeTestingOptionsTest#checkSuspendingSalesVoucher1AfterAuthorisation</h3><table class="result"><tr><th>Messages</th></tr><tr><td><div class="messages">Completed executing following method : BatchNegativeTestingOptionsTest.checkSuspendingSalesVoucher1AfterAuthorisation<br/>Test Method resides in com.focus.testcases.BatchNegativeTestingOptionsTest<br/>Test Status: Pass<br/>About to begin executing following method : BaseEngine.afterMethodExecution</div></td></tr></table><p class="totop"><a href="#summary">back to summary</a></p><h3 id="m202">com.focus.testcases.BatchNegativeTestingOptionsTest#checkSuspendingVoucherInPurchaseVoucherVAT</h3><table class="result"><tr><th>Messages</th></tr><tr><td><div class="messages">Completed executing following method : BatchNegativeTestingOptionsTest.checkSuspendingVoucherInPurchaseVoucherVAT<br/>Test Method resides in com.focus.testcases.BatchNegativeTestingOptionsTest<br/>Test Status: Pass<br/>About to begin executing following method : BaseEngine.afterMethodExecution</div></td></tr></table><p class="totop"><a href="#summary">back to summary</a></p><h3 id="m203">com.focus.testcases.BatchNegativeTestingOptionsTest#checkSuspendingVoucherInSalesInvoiceVAT</h3><table class="result"><tr><th>Messages</th></tr><tr><td><div class="messages">Completed executing following method : BatchNegativeTestingOptionsTest.checkSuspendingVoucherInSalesInvoiceVAT<br/>Test Method resides in com.focus.testcases.BatchNegativeTestingOptionsTest<br/>Test Status: Pass<br/>About to begin executing following method : BaseEngine.afterMethodExecution</div></td></tr></table><p class="totop"><a href="#summary">back to summary</a></p><h3 id="m204">com.focus.testcases.BatchNegativeTestingOptionsTest#checkSuspendingVoucherInSalesOrder</h3><table class="result"><tr><th>Messages</th></tr><tr><td><div class="messages">Completed executing following method : BatchNegativeTestingOptionsTest.checkSuspendingVoucherInSalesOrder<br/>Test Method resides in com.focus.testcases.BatchNegativeTestingOptionsTest<br/>Test Status: Pass<br/>About to begin executing following method : BaseEngine.afterMethodExecution</div></td></tr></table><p class="totop"><a href="#summary">back to summary</a></p><h3 id="m205">com.focus.testcases.BatchNegativeTestingOptionsTest#checkSuspendingVoucherInSalesOrderAndChangingBatchNameInPurchaseVouVAT</h3><table class="result"><tr><th>Messages</th></tr><tr><td><div class="messages">Completed executing following method : BatchNegativeTestingOptionsTest.checkSuspendingVoucherInSalesOrderAndChangingBatchNameInPurchaseVouVAT<br/>Test Method resides in com.focus.testcases.BatchNegativeTestingOptionsTest<br/>Test Status: Pass<br/>About to begin executing following method : BaseEngine.afterMethodExecution</div></td></tr></table><p class="totop"><a href="#summary">back to summary</a></p><h3 id="m206">com.focus.testcases.BatchNegativeTestingOptionsTest#checkSuspendingVoucherInsalesOrder1</h3><table class="result"><tr><th>Messages</th></tr><tr><td><div class="messages">Completed executing following method : BatchNegativeTestingOptionsTest.checkSuspendingVoucherInsalesOrder1<br/>Test Method resides in com.focus.testcases.BatchNegativeTestingOptionsTest<br/>Test Status: Pass<br/>About to begin executing following method : BaseEngine.afterMethodExecution</div></td></tr></table><p class="totop"><a href="#summary">back to summary</a></p><h3 id="m207">com.focus.testcases.BatchNegativeTestingOptionsTest#checkValidatingQuantityInEntryPageAndBatchPopupAfterSavingWithQuantityGreaterThanAvailableQuantity</h3><table class="result"><tr><th>Messages</th></tr><tr><td><div class="messages">Completed executing following method : BatchNegativeTestingOptionsTest.checkValidatingQuantityInEntryPageAndBatchPopupAfterSavingWithQuantityGreaterThanAvailableQuantity<br/>Test Method resides in com.focus.testcases.BatchNegativeTestingOptionsTest<br/>Test Status: Pass<br/>About to begin executing following method : BaseEngine.afterMethodExecution</div></td></tr></table><p class="totop"><a href="#summary">back to summary</a></p><h3 id="m208">com.focus.testcases.BatchNegativeTestingOptionsTest#checkValidatingQuantityInEntryPageAndBatchPopupInSalesInvoice1AfterDisablingAllowNegativeBatchQuantityOption</h3><table class="result"><tr><th>Messages</th></tr><tr><td><div class="messages">Completed executing following method : BatchNegativeTestingOptionsTest.checkValidatingQuantityInEntryPageAndBatchPopupInSalesInvoice1AfterDisablingAllowNegativeBatchQuantityOption<br/>Test Method resides in com.focus.testcases.BatchNegativeTestingOptionsTest<br/>Test Status: Pass<br/>About to begin executing following method : BaseEngine.afterMethodExecution</div></td></tr></table><p class="totop"><a href="#summary">back to summary</a></p><h3 id="m209">com.focus.testcases.BatchNegativeTestingOptionsTest#checksavingPVVATAndSavingSalesOrder</h3><table class="result"><tr><th>Messages</th></tr><tr><td><div class="messages">Completed executing following method : BatchNegativeTestingOptionsTest.checksavingPVVATAndSavingSalesOrder<br/>Test Method resides in com.focus.testcases.BatchNegativeTestingOptionsTest<br/>Test Status: Pass<br/>About to begin executing following method : BaseEngine.afterMethodExecution</div></td></tr></table><p class="totop"><a href="#summary">back to summary</a></p><h3 id="m210">com.focus.testcases.DesignWorkFlowOptionsTest#CheckLinkValueDropDownOptions</h3><table class="result"><tr><th>Messages</th></tr><tr><td><div class="messages">Completed executing following method : DesignWorkFlowOptionsTest.CheckLinkValueDropDownOptions<br/>Test Method resides in com.focus.testcases.DesignWorkFlowOptionsTest<br/>Test Status: Pass<br/>About to begin executing following method : BaseEngine.afterMethodExecution</div></td></tr></table><p class="totop"><a href="#summary">back to summary</a></p><h3 id="m211">com.focus.testcases.DesignWorkFlowOptionsTest#CheckSavingAndDeleteAllTransactions</h3><table class="result"><tr><th>Messages</th></tr><tr><td><div class="messages">Completed executing following method : DesignWorkFlowOptionsTest.CheckSavingAndDeleteAllTransactions<br/>Test Method resides in com.focus.testcases.DesignWorkFlowOptionsTest<br/>Test Status: Pass<br/>About to begin executing following method : BaseEngine.afterMethodExecution</div></td></tr></table><p class="totop"><a href="#summary">back to summary</a></p><h3 id="m212">com.focus.testcases.DesignWorkFlowOptionsTest#checkAgeingOfPendingDocumentsReport</h3><table class="result"><tr><th>Messages</th></tr><tr><td><div class="messages">Completed executing following method : DesignWorkFlowOptionsTest.checkAgeingOfPendingDocumentsReport<br/>Test Method resides in com.focus.testcases.DesignWorkFlowOptionsTest<br/>Test Status: Pass<br/>About to begin executing following method : BaseEngine.afterMethodExecution</div></td></tr></table><p class="totop"><a href="#summary">back to summary</a></p><h3 id="m213">com.focus.testcases.DesignWorkFlowOptionsTest#checkAllowBackDatedLinkingOption</h3><table class="result"><tr><th>Messages</th></tr><tr><td><div class="messages">Completed executing following method : DesignWorkFlowOptionsTest.checkAllowBackDatedLinkingOption<br/>Test Method resides in com.focus.testcases.DesignWorkFlowOptionsTest<br/>Test Status: Pass<br/>About to begin executing following method : BaseEngine.afterMethodExecution</div></td></tr></table><p class="totop"><a href="#summary">back to summary</a></p><h3 id="m214">com.focus.testcases.DesignWorkFlowOptionsTest#checkAuthorizingPurchaseVoucher</h3><table class="result"><tr><th>Messages</th></tr><tr><td><div class="messages">Completed executing following method : DesignWorkFlowOptionsTest.checkAuthorizingPurchaseVoucher<br/>Test Method resides in com.focus.testcases.DesignWorkFlowOptionsTest<br/>Test Status: Pass<br/>About to begin executing following method : BaseEngine.afterMethodExecution</div></td></tr></table><p class="totop"><a href="#summary">back to summary</a></p><h3 id="m215">com.focus.testcases.DesignWorkFlowOptionsTest#checkAutoCLoseInDaysOption</h3><table class="result"><tr><th>Messages</th></tr><tr><td><div class="messages">Completed executing following method : DesignWorkFlowOptionsTest.checkAutoCLoseInDaysOption<br/>Test Method resides in com.focus.testcases.DesignWorkFlowOptionsTest<br/>Test Status: Pass<br/>About to begin executing following method : BaseEngine.afterMethodExecution</div></td></tr></table><p class="totop"><a href="#summary">back to summary</a></p><h3 id="m216">com.focus.testcases.DesignWorkFlowOptionsTest#checkBackup</h3><table class="result"><tr><th>Messages</th></tr><tr><td><div class="messages">Completed executing following method : DesignWorkFlowOptionsTest.checkBackup<br/>Test Method resides in com.focus.testcases.DesignWorkFlowOptionsTest<br/>Test Status: Pass<br/>About to begin executing following method : BaseEngine.afterMethodExecution</div></td></tr></table><p class="totop"><a href="#summary">back to summary</a></p><h3 id="m217">com.focus.testcases.DesignWorkFlowOptionsTest#checkBaseDocumentCannotBeEditiedAfterItIsLinkedOption</h3><table class="result"><tr><th>Messages</th></tr><tr><td><div class="messages">Completed executing following method : DesignWorkFlowOptionsTest.checkBaseDocumentCannotBeEditiedAfterItIsLinkedOption<br/>Test Method resides in com.focus.testcases.DesignWorkFlowOptionsTest<br/>Test Status: Pass<br/>About to begin executing following method : BaseEngine.afterMethodExecution</div></td></tr></table><p class="totop"><a href="#summary">back to summary</a></p><h3 id="m218">com.focus.testcases.DesignWorkFlowOptionsTest#checkCannotExceedTheBaseValueOption</h3><table class="result"><tr><th>Messages</th></tr><tr><td><div class="messages">Completed executing following method : DesignWorkFlowOptionsTest.checkCannotExceedTheBaseValueOption<br/>Test Method resides in com.focus.testcases.DesignWorkFlowOptionsTest<br/>Test Status: Pass<br/>About to begin executing following method : BaseEngine.afterMethodExecution</div></td></tr></table><p class="totop"><a href="#summary">back to summary</a></p><h3 id="m219">com.focus.testcases.DesignWorkFlowOptionsTest#checkCheckStockWhileLinkingOption</h3><table class="result"><tr><th>Messages</th></tr><tr><td><div class="messages">Completed executing following method : DesignWorkFlowOptionsTest.checkCheckStockWhileLinkingOption<br/>Test Method resides in com.focus.testcases.DesignWorkFlowOptionsTest<br/>Test Status: Pass<br/>About to begin executing following method : BaseEngine.afterMethodExecution</div></td></tr></table><p class="totop"><a href="#summary">back to summary</a></p><h3 id="m220">com.focus.testcases.DesignWorkFlowOptionsTest#checkCloseLinkAfterDueDateElapses</h3><table class="result"><tr><th>Messages</th></tr><tr><td><div class="messages">Completed executing following method : DesignWorkFlowOptionsTest.checkCloseLinkAfterDueDateElapses<br/>Test Method resides in com.focus.testcases.DesignWorkFlowOptionsTest<br/>Test Status: Pass<br/>About to begin executing following method : BaseEngine.afterMethodExecution</div></td></tr></table><p class="totop"><a href="#summary">back to summary</a></p><h3 id="m221">com.focus.testcases.DesignWorkFlowOptionsTest#checkCloseLinkAndPartialOptionInPurchaseOrderHavingOneLinkDocument</h3><table class="result"><tr><th>Messages</th></tr><tr><td><div class="messages">Completed executing following method : DesignWorkFlowOptionsTest.checkCloseLinkAndPartialOptionInPurchaseOrderHavingOneLinkDocument<br/>Test Method resides in com.focus.testcases.DesignWorkFlowOptionsTest<br/>Test Status: Pass<br/>About to begin executing following method : BaseEngine.afterMethodExecution</div></td></tr></table><p class="totop"><a href="#summary">back to summary</a></p><h3 id="m222">com.focus.testcases.DesignWorkFlowOptionsTest#checkCloseLinkAndPartialOptionInPurchaseOrderHavingTwoLinkDocuments</h3><table class="result"><tr><th>Messages</th></tr><tr><td><div class="messages">Completed executing following method : DesignWorkFlowOptionsTest.checkCloseLinkAndPartialOptionInPurchaseOrderHavingTwoLinkDocuments<br/>Test Method resides in com.focus.testcases.DesignWorkFlowOptionsTest<br/>Test Status: Pass<br/>About to begin executing following method : BaseEngine.afterMethodExecution</div></td></tr></table><p class="totop"><a href="#summary">back to summary</a></p><h3 id="m223">com.focus.testcases.DesignWorkFlowOptionsTest#checkCloseLinkOptionOnPartialRowSelectionInPurchaseOrderHavingOneLinkDocument</h3><table class="result"><tr><th>Messages</th></tr><tr><td><div class="messages">Completed executing following method : DesignWorkFlowOptionsTest.checkCloseLinkOptionOnPartialRowSelectionInPurchaseOrderHavingOneLinkDocument<br/>Test Method resides in com.focus.testcases.DesignWorkFlowOptionsTest<br/>Test Status: Pass<br/>About to begin executing following method : BaseEngine.afterMethodExecution</div></td></tr></table><p class="totop"><a href="#summary">back to summary</a></p><h3 id="m224">com.focus.testcases.DesignWorkFlowOptionsTest#checkCloseLinkOptionOnPartialRowSelectionInPurchaseOrderHavingTwoLinkDocuments</h3><table class="result"><tr><th>Messages</th></tr><tr><td><div class="messages">Completed executing following method : DesignWorkFlowOptionsTest.checkCloseLinkOptionOnPartialRowSelectionInPurchaseOrderHavingTwoLinkDocuments<br/>Test Method resides in com.focus.testcases.DesignWorkFlowOptionsTest<br/>Test Status: Pass<br/>About to begin executing following method : BaseEngine.afterMethodExecution</div></td></tr></table><p class="totop"><a href="#summary">back to summary</a></p><h3 id="m225">com.focus.testcases.DesignWorkFlowOptionsTest#checkCustomizeOptionAndAddingExtraFieldsInControlPlusL</h3><table class="result"><tr><th>Messages</th></tr><tr><td><div class="messages">Completed executing following method : DesignWorkFlowOptionsTest.checkCustomizeOptionAndAddingExtraFieldsInControlPlusL<br/>Test Method resides in com.focus.testcases.DesignWorkFlowOptionsTest<br/>Test Status: Pass<br/>About to begin executing following method : BaseEngine.afterMethodExecution</div></td></tr></table><p class="totop"><a href="#summary">back to summary</a></p><h3 id="m226">com.focus.testcases.DesignWorkFlowOptionsTest#checkCustomizeOptionAndAddingExtraFieldsInLineWise</h3><table class="result"><tr><th>Messages</th></tr><tr><td><div class="messages">Completed executing following method : DesignWorkFlowOptionsTest.checkCustomizeOptionAndAddingExtraFieldsInLineWise<br/>Test Method resides in com.focus.testcases.DesignWorkFlowOptionsTest<br/>Test Status: Pass<br/>About to begin executing following method : BaseEngine.afterMethodExecution</div></td></tr></table><p class="totop"><a href="#summary">back to summary</a></p><h3 id="m227">com.focus.testcases.DesignWorkFlowOptionsTest#checkDeletingPurchaseFlowAndSavingNewFlowWithOneBaseAndOneLinkDocument</h3><table class="result"><tr><th>Messages</th></tr><tr><td><div class="messages">Completed executing following method : DesignWorkFlowOptionsTest.checkDeletingPurchaseFlowAndSavingNewFlowWithOneBaseAndOneLinkDocument<br/>Test Method resides in com.focus.testcases.DesignWorkFlowOptionsTest<br/>Test Status: Pass<br/>About to begin executing following method : BaseEngine.afterMethodExecution</div></td></tr></table><p class="totop"><a href="#summary">back to summary</a></p><h3 id="m228">com.focus.testcases.DesignWorkFlowOptionsTest#checkDoNotAllowSelectionIfLinksFieldsAreNotSelectedOption</h3><table class="result"><tr><th>Messages</th></tr><tr><td><div class="messages">Completed executing following method : DesignWorkFlowOptionsTest.checkDoNotAllowSelectionIfLinksFieldsAreNotSelectedOption<br/>Test Method resides in com.focus.testcases.DesignWorkFlowOptionsTest<br/>Test Status: Pass<br/>About to begin executing following method : BaseEngine.afterMethodExecution</div></td></tr></table><p class="totop"><a href="#summary">back to summary</a></p><h3 id="m229">com.focus.testcases.DesignWorkFlowOptionsTest#checkDoNotClubWithCommonBaseOption</h3><table class="result"><tr><th>Messages</th></tr><tr><td><div class="messages">Completed executing following method : DesignWorkFlowOptionsTest.checkDoNotClubWithCommonBaseOption<br/>Test Method resides in com.focus.testcases.DesignWorkFlowOptionsTest<br/>Test Status: Pass<br/>About to begin executing following method : BaseEngine.afterMethodExecution</div></td></tr></table><p class="totop"><a href="#summary">back to summary</a></p><h3 id="m230">com.focus.testcases.DesignWorkFlowOptionsTest#checkEraseAllTransactionsAfterExcessesInStocks</h3><table class="result"><tr><th>Messages</th></tr><tr><td><div class="messages">Completed executing following method : DesignWorkFlowOptionsTest.checkEraseAllTransactionsAfterExcessesInStocks<br/>Test Method resides in com.focus.testcases.DesignWorkFlowOptionsTest<br/>Test Status: Pass<br/>About to begin executing following method : BaseEngine.afterMethodExecution</div></td></tr></table><p class="totop"><a href="#summary">back to summary</a></p><h3 id="m231">com.focus.testcases.DesignWorkFlowOptionsTest#checkEraseAllTransactionsAfterIntialCheck</h3><table class="result"><tr><th>Messages</th></tr><tr><td><div class="messages">Completed executing following method : DesignWorkFlowOptionsTest.checkEraseAllTransactionsAfterIntialCheck<br/>Test Method resides in com.focus.testcases.DesignWorkFlowOptionsTest<br/>Test Status: Pass<br/>About to begin executing following method : BaseEngine.afterMethodExecution</div></td></tr></table><p class="totop"><a href="#summary">back to summary</a></p><h3 id="m232">com.focus.testcases.DesignWorkFlowOptionsTest#checkExcessesInStocksVoucherBatchNosByConvertingPendingShortageInStocks</h3><table class="result"><tr><th>Messages</th></tr><tr><td><div class="messages">Completed executing following method : DesignWorkFlowOptionsTest.checkExcessesInStocksVoucherBatchNosByConvertingPendingShortageInStocks<br/>Test Method resides in com.focus.testcases.DesignWorkFlowOptionsTest<br/>Test Status: Pass<br/>About to begin executing following method : BaseEngine.afterMethodExecution</div></td></tr></table><p class="totop"><a href="#summary">back to summary</a></p><h3 id="m233">com.focus.testcases.DesignWorkFlowOptionsTest#checkExcessesInStocksVoucherBatchNosByWorkFlow</h3><table class="result"><tr><th>Messages</th></tr><tr><td><div class="messages">Completed executing following method : DesignWorkFlowOptionsTest.checkExcessesInStocksVoucherBatchNosByWorkFlow<br/>Test Method resides in com.focus.testcases.DesignWorkFlowOptionsTest<br/>Test Status: Pass<br/>About to begin executing following method : BaseEngine.afterMethodExecution</div></td></tr></table><p class="totop"><a href="#summary">back to summary</a></p><h3 id="m234">com.focus.testcases.DesignWorkFlowOptionsTest#checkInputingWorkflowNameAsPurchasesFlow</h3><table class="result"><tr><th>Messages</th></tr><tr><td><div class="messages">Completed executing following method : DesignWorkFlowOptionsTest.checkInputingWorkflowNameAsPurchasesFlow<br/>Test Method resides in com.focus.testcases.DesignWorkFlowOptionsTest<br/>Test Status: Pass<br/>About to begin executing following method : BaseEngine.afterMethodExecution</div></td></tr></table><p class="totop"><a href="#summary">back to summary</a></p><h3 id="m235">com.focus.testcases.DesignWorkFlowOptionsTest#checkLinkBetweenPurchaseOrderAndPVN</h3><table class="result"><tr><th>Messages</th></tr><tr><td><div class="messages">Completed executing following method : DesignWorkFlowOptionsTest.checkLinkBetweenPurchaseOrderAndPVN<br/>Test Method resides in com.focus.testcases.DesignWorkFlowOptionsTest<br/>Test Status: Pass<br/>About to begin executing following method : BaseEngine.afterMethodExecution</div></td></tr></table><p class="totop"><a href="#summary">back to summary</a></p><h3 id="m236">com.focus.testcases.DesignWorkFlowOptionsTest#checkLinkIsMandatoryOption</h3><table class="result"><tr><th>Messages</th></tr><tr><td><div class="messages">Completed executing following method : DesignWorkFlowOptionsTest.checkLinkIsMandatoryOption<br/>Test Method resides in com.focus.testcases.DesignWorkFlowOptionsTest<br/>Test Status: Pass<br/>About to begin executing following method : BaseEngine.afterMethodExecution</div></td></tr></table><p class="totop"><a href="#summary">back to summary</a></p><h3 id="m237">com.focus.testcases.DesignWorkFlowOptionsTest#checkLinkIsOptionalIfTheDocumentIsLinkedToOtherBaseDocumentOption</h3><table class="result"><tr><th>Messages</th></tr><tr><td><div class="messages">Completed executing following method : DesignWorkFlowOptionsTest.checkLinkIsOptionalIfTheDocumentIsLinkedToOtherBaseDocumentOption<br/>Test Method resides in com.focus.testcases.DesignWorkFlowOptionsTest<br/>Test Status: Pass<br/>About to begin executing following method : BaseEngine.afterMethodExecution</div></td></tr></table><p class="totop"><a href="#summary">back to summary</a></p><h3 id="m238">com.focus.testcases.DesignWorkFlowOptionsTest#checkListingOfDocumentsReport</h3><table class="result"><tr><th>Messages</th></tr><tr><td><div class="messages">Completed executing following method : DesignWorkFlowOptionsTest.checkListingOfDocumentsReport<br/>Test Method resides in com.focus.testcases.DesignWorkFlowOptionsTest<br/>Test Status: Pass<br/>About to begin executing following method : BaseEngine.afterMethodExecution</div></td></tr></table><p class="totop"><a href="#summary">back to summary</a></p><h3 id="m239">com.focus.testcases.DesignWorkFlowOptionsTest#checkLoadPendingDocumentsAndBasedOnFieldOption</h3><table class="result"><tr><th>Messages</th></tr><tr><td><div class="messages">Completed executing following method : DesignWorkFlowOptionsTest.checkLoadPendingDocumentsAndBasedOnFieldOption<br/>Test Method resides in com.focus.testcases.DesignWorkFlowOptionsTest<br/>Test Status: Pass<br/>About to begin executing following method : BaseEngine.afterMethodExecution</div></td></tr></table><p class="totop"><a href="#summary">back to summary</a></p><h3 id="m240">com.focus.testcases.DesignWorkFlowOptionsTest#checkLoadPendingDocumentsAndBasedOnFieldOptionWithExtraField</h3><table class="result"><tr><th>Messages</th></tr><tr><td><div class="messages">Completed executing following method : DesignWorkFlowOptionsTest.checkLoadPendingDocumentsAndBasedOnFieldOptionWithExtraField<br/>Test Method resides in com.focus.testcases.DesignWorkFlowOptionsTest<br/>Test Status: Pass<br/>About to begin executing following method : BaseEngine.afterMethodExecution</div></td></tr></table><p class="totop"><a href="#summary">back to summary</a></p><h3 id="m241">com.focus.testcases.DesignWorkFlowOptionsTest#checkLoadTheBaseDocumentDetailsAtTheTimeOfLinkingOption</h3><table class="result"><tr><th>Messages</th></tr><tr><td><div class="messages">Completed executing following method : DesignWorkFlowOptionsTest.checkLoadTheBaseDocumentDetailsAtTheTimeOfLinkingOption<br/>Test Method resides in com.focus.testcases.DesignWorkFlowOptionsTest<br/>Test Status: Pass<br/>About to begin executing following method : BaseEngine.afterMethodExecution</div></td></tr></table><p class="totop"><a href="#summary">back to summary</a></p><h3 id="m242">com.focus.testcases.DesignWorkFlowOptionsTest#checkLogin</h3><table class="result"><tr><th>Messages</th></tr><tr><td><div class="messages">Completed executing following method : DesignWorkFlowOptionsTest.checkLogin<br/>Test Method resides in com.focus.testcases.DesignWorkFlowOptionsTest<br/>Test Status: Pass<br/>About to begin executing following method : BaseEngine.afterMethodExecution</div></td></tr></table><p class="totop"><a href="#summary">back to summary</a></p><h3 id="m243">com.focus.testcases.DesignWorkFlowOptionsTest#checkMapOptionAndMappedFields</h3><table class="result"><tr><th>Messages</th></tr><tr><td><div class="messages">Completed executing following method : DesignWorkFlowOptionsTest.checkMapOptionAndMappedFields<br/>Test Method resides in com.focus.testcases.DesignWorkFlowOptionsTest<br/>Test Status: Pass<br/>About to begin executing following method : BaseEngine.afterMethodExecution</div></td></tr></table><p class="totop"><a href="#summary">back to summary</a></p><h3 id="m244">com.focus.testcases.DesignWorkFlowOptionsTest#checkPendingLinksThroughConvertOptionAfterMapFieldsUpdating</h3><table class="result"><tr><th>Messages</th></tr><tr><td><div class="messages">Completed executing following method : DesignWorkFlowOptionsTest.checkPendingLinksThroughConvertOptionAfterMapFieldsUpdating<br/>Test Method resides in com.focus.testcases.DesignWorkFlowOptionsTest<br/>Test Status: Pass<br/>About to begin executing following method : BaseEngine.afterMethodExecution</div></td></tr></table><p class="totop"><a href="#summary">back to summary</a></p><h3 id="m245">com.focus.testcases.DesignWorkFlowOptionsTest#checkPendingLinksThroughConvertOptionWithSelectingRow</h3><table class="result"><tr><th>Messages</th></tr><tr><td><div class="messages">Completed executing following method : DesignWorkFlowOptionsTest.checkPendingLinksThroughConvertOptionWithSelectingRow<br/>Test Method resides in com.focus.testcases.DesignWorkFlowOptionsTest<br/>Test Status: Pass<br/>About to begin executing following method : BaseEngine.afterMethodExecution</div></td></tr></table><p class="totop"><a href="#summary">back to summary</a></p><h3 id="m246">com.focus.testcases.DesignWorkFlowOptionsTest#checkPendingPurchaseOrdersPurchaseVoucherNHomePage</h3><table class="result"><tr><th>Messages</th></tr><tr><td><div class="messages">Completed executing following method : DesignWorkFlowOptionsTest.checkPendingPurchaseOrdersPurchaseVoucherNHomePage<br/>Test Method resides in com.focus.testcases.DesignWorkFlowOptionsTest<br/>Test Status: Pass<br/>About to begin executing following method : BaseEngine.afterMethodExecution</div></td></tr></table><p class="totop"><a href="#summary">back to summary</a></p><h3 id="m247">com.focus.testcases.DesignWorkFlowOptionsTest#checkPendingVoucherReport</h3><table class="result"><tr><th>Messages</th></tr><tr><td><div class="messages">Completed executing following method : DesignWorkFlowOptionsTest.checkPendingVoucherReport<br/>Test Method resides in com.focus.testcases.DesignWorkFlowOptionsTest<br/>Test Status: Pass<br/>About to begin executing following method : BaseEngine.afterMethodExecution</div></td></tr></table><p class="totop"><a href="#summary">back to summary</a></p><h3 id="m248">com.focus.testcases.DesignWorkFlowOptionsTest#checkRaiseLinkDocumentWhenBaseIsSaved</h3><table class="result"><tr><th>Messages</th></tr><tr><td><div class="messages">Completed executing following method : DesignWorkFlowOptionsTest.checkRaiseLinkDocumentWhenBaseIsSaved<br/>Test Method resides in com.focus.testcases.DesignWorkFlowOptionsTest<br/>Test Status: Pass<br/>About to begin executing following method : BaseEngine.afterMethodExecution</div></td></tr></table><p class="totop"><a href="#summary">back to summary</a></p><h3 id="m249">com.focus.testcases.DesignWorkFlowOptionsTest#checkRaiseLinkDocumentWhenBaseIsSavedOption</h3><table class="result"><tr><th>Messages</th></tr><tr><td><div class="messages">Completed executing following method : DesignWorkFlowOptionsTest.checkRaiseLinkDocumentWhenBaseIsSavedOption<br/>Test Method resides in com.focus.testcases.DesignWorkFlowOptionsTest<br/>Test Status: Pass<br/>About to begin executing following method : BaseEngine.afterMethodExecution</div></td></tr></table><p class="totop"><a href="#summary">back to summary</a></p><h3 id="m250">com.focus.testcases.DesignWorkFlowOptionsTest#checkRecheckBeforeTheSavingIfLinkIsConsumedElseWhereOnTheNetWorkOption</h3><table class="result"><tr><th>Messages</th></tr><tr><td><div class="messages">Completed executing following method : DesignWorkFlowOptionsTest.checkRecheckBeforeTheSavingIfLinkIsConsumedElseWhereOnTheNetWorkOption<br/>Test Method resides in com.focus.testcases.DesignWorkFlowOptionsTest<br/>Test Status: Pass<br/>About to begin executing following method : BaseEngine.afterMethodExecution</div></td></tr></table><p class="totop"><a href="#summary">back to summary</a></p><h3 id="m251">com.focus.testcases.DesignWorkFlowOptionsTest#checkRestoringForLinks</h3><table class="result"><tr><th>Messages</th></tr><tr><td><div class="messages">Completed executing following method : DesignWorkFlowOptionsTest.checkRestoringForLinks<br/>Test Method resides in com.focus.testcases.DesignWorkFlowOptionsTest<br/>Test Status: Pass<br/>About to begin executing following method : BaseEngine.afterMethodExecution</div></td></tr></table><p class="totop"><a href="#summary">back to summary</a></p><h3 id="m252">com.focus.testcases.DesignWorkFlowOptionsTest#checkRestoringForTransactionsForOrderManagement</h3><table class="result"><tr><th>Messages</th></tr><tr><td><div class="messages">Completed executing following method : DesignWorkFlowOptionsTest.checkRestoringForTransactionsForOrderManagement<br/>Test Method resides in com.focus.testcases.DesignWorkFlowOptionsTest<br/>Test Status: Pass<br/>About to begin executing following method : BaseEngine.afterMethodExecution</div></td></tr></table><p class="totop"><a href="#summary">back to summary</a></p><h3 id="m253">com.focus.testcases.DesignWorkFlowOptionsTest#checkSavingOpeningStockVoucher1WithBatchItem</h3><table class="result"><tr><th>Messages</th></tr><tr><td><div class="messages">Completed executing following method : DesignWorkFlowOptionsTest.checkSavingOpeningStockVoucher1WithBatchItem<br/>Test Method resides in com.focus.testcases.DesignWorkFlowOptionsTest<br/>Test Status: Pass<br/>About to begin executing following method : BaseEngine.afterMethodExecution</div></td></tr></table><p class="totop"><a href="#summary">back to summary</a></p><h3 id="m254">com.focus.testcases.DesignWorkFlowOptionsTest#checkSavingPurchaseOrderAndPurchaseVoucherNPartialConsumeCloseLink</h3><table class="result"><tr><th>Messages</th></tr><tr><td><div class="messages">Completed executing following method : DesignWorkFlowOptionsTest.checkSavingPurchaseOrderAndPurchaseVoucherNPartialConsumeCloseLink<br/>Test Method resides in com.focus.testcases.DesignWorkFlowOptionsTest<br/>Test Status: Pass<br/>About to begin executing following method : BaseEngine.afterMethodExecution</div></td></tr></table><p class="totop"><a href="#summary">back to summary</a></p><h3 id="m255">com.focus.testcases.DesignWorkFlowOptionsTest#checkSavingPurchaseOrderAndPurchaseVoucherNRowWisePartialConsumeCloseLink</h3><table class="result"><tr><th>Messages</th></tr><tr><td><div class="messages">Completed executing following method : DesignWorkFlowOptionsTest.checkSavingPurchaseOrderAndPurchaseVoucherNRowWisePartialConsumeCloseLink<br/>Test Method resides in com.focus.testcases.DesignWorkFlowOptionsTest<br/>Test Status: Pass<br/>About to begin executing following method : BaseEngine.afterMethodExecution</div></td></tr></table><p class="totop"><a href="#summary">back to summary</a></p><h3 id="m256">com.focus.testcases.DesignWorkFlowOptionsTest#checkSavingPurchaseOrderVoucherForCloseLinkAndEditingLinkOptionAndSlabChangeVoucherSave</h3><table class="result"><tr><th>Messages</th></tr><tr><td><div class="messages">Completed executing following method : DesignWorkFlowOptionsTest.checkSavingPurchaseOrderVoucherForCloseLinkAndEditingLinkOptionAndSlabChangeVoucherSave<br/>Test Method resides in com.focus.testcases.DesignWorkFlowOptionsTest<br/>Test Status: Pass<br/>About to begin executing following method : BaseEngine.afterMethodExecution</div></td></tr></table><p class="totop"><a href="#summary">back to summary</a></p><h3 id="m257">com.focus.testcases.DesignWorkFlowOptionsTest#checkSavingPurchaseOrders</h3><table class="result"><tr><th>Messages</th></tr><tr><td><div class="messages">Completed executing following method : DesignWorkFlowOptionsTest.checkSavingPurchaseOrders<br/>Test Method resides in com.focus.testcases.DesignWorkFlowOptionsTest<br/>Test Status: Pass<br/>About to begin executing following method : BaseEngine.afterMethodExecution</div></td></tr></table><p class="totop"><a href="#summary">back to summary</a></p><h3 id="m258">com.focus.testcases.DesignWorkFlowOptionsTest#checkSavingPurchaseOrdersAfterUpdatingMapFields</h3><table class="result"><tr><th>Messages</th></tr><tr><td><div class="messages">Completed executing following method : DesignWorkFlowOptionsTest.checkSavingPurchaseOrdersAfterUpdatingMapFields<br/>Test Method resides in com.focus.testcases.DesignWorkFlowOptionsTest<br/>Test Status: Pass<br/>About to begin executing following method : BaseEngine.afterMethodExecution</div></td></tr></table><p class="totop"><a href="#summary">back to summary</a></p><h3 id="m259">com.focus.testcases.DesignWorkFlowOptionsTest#checkSavingPurchaseVoucherWithCovertOptionWithAllMandatoryFields</h3><table class="result"><tr><th>Messages</th></tr><tr><td><div class="messages">Completed executing following method : DesignWorkFlowOptionsTest.checkSavingPurchaseVoucherWithCovertOptionWithAllMandatoryFields<br/>Test Method resides in com.focus.testcases.DesignWorkFlowOptionsTest<br/>Test Status: Pass<br/>About to begin executing following method : BaseEngine.afterMethodExecution</div></td></tr></table><p class="totop"><a href="#summary">back to summary</a></p><h3 id="m260">com.focus.testcases.DesignWorkFlowOptionsTest#checkSavingShortageInStocksVoucher1</h3><table class="result"><tr><th>Messages</th></tr><tr><td><div class="messages">Completed executing following method : DesignWorkFlowOptionsTest.checkSavingShortageInStocksVoucher1<br/>Test Method resides in com.focus.testcases.DesignWorkFlowOptionsTest<br/>Test Status: Pass<br/>About to begin executing following method : BaseEngine.afterMethodExecution</div></td></tr></table><p class="totop"><a href="#summary">back to summary</a></p><h3 id="m261">com.focus.testcases.DesignWorkFlowOptionsTest#checkSelectingItemOptionBetweenPurchaseOrderAndPvn</h3><table class="result"><tr><th>Messages</th></tr><tr><td><div class="messages">Completed executing following method : DesignWorkFlowOptionsTest.checkSelectingItemOptionBetweenPurchaseOrderAndPvn<br/>Test Method resides in com.focus.testcases.DesignWorkFlowOptionsTest<br/>Test Status: Pass<br/>About to begin executing following method : BaseEngine.afterMethodExecution</div></td></tr></table><p class="totop"><a href="#summary">back to summary</a></p><h3 id="m262">com.focus.testcases.DesignWorkFlowOptionsTest#checkSelectingQuantityinLinkValueOptionBetweenPurchaseOrderAndPvn</h3><table class="result"><tr><th>Messages</th></tr><tr><td><div class="messages">Completed executing following method : DesignWorkFlowOptionsTest.checkSelectingQuantityinLinkValueOptionBetweenPurchaseOrderAndPvn<br/>Test Method resides in com.focus.testcases.DesignWorkFlowOptionsTest<br/>Test Status: Pass<br/>About to begin executing following method : BaseEngine.afterMethodExecution</div></td></tr></table><p class="totop"><a href="#summary">back to summary</a></p><h3 id="m263">com.focus.testcases.DesignWorkFlowOptionsTest#checkUseThisLinkOnlyForLoadingOption</h3><table class="result"><tr><th>Messages</th></tr><tr><td><div class="messages">Completed executing following method : DesignWorkFlowOptionsTest.checkUseThisLinkOnlyForLoadingOption<br/>Test Method resides in com.focus.testcases.DesignWorkFlowOptionsTest<br/>Test Status: Pass<br/>About to begin executing following method : BaseEngine.afterMethodExecution</div></td></tr></table><p class="totop"><a href="#summary">back to summary</a></p><h3 id="m264">com.focus.testcases.DesignWorkFlowOptionsTest#checkValidatingAddingNewFieldInLinksCustomization</h3><table class="result"><tr><th>Messages</th></tr><tr><td><div class="messages">Completed executing following method : DesignWorkFlowOptionsTest.checkValidatingAddingNewFieldInLinksCustomization<br/>Test Method resides in com.focus.testcases.DesignWorkFlowOptionsTest<br/>Test Status: Pass<br/>About to begin executing following method : BaseEngine.afterMethodExecution</div></td></tr></table><p class="totop"><a href="#summary">back to summary</a></p><h3 id="m265">com.focus.testcases.DesignWorkFlowOptionsTest#checkValidatingDeleteFunctionalityInLinksCustomization</h3><table class="result"><tr><th>Messages</th></tr><tr><td><div class="messages">Completed executing following method : DesignWorkFlowOptionsTest.checkValidatingDeleteFunctionalityInLinksCustomization<br/>Test Method resides in com.focus.testcases.DesignWorkFlowOptionsTest<br/>Test Status: Pass<br/>About to begin executing following method : BaseEngine.afterMethodExecution</div></td></tr></table><p class="totop"><a href="#summary">back to summary</a></p><h3 id="m266">com.focus.testcases.DesignWorkFlowOptionsTest#checkValidatingExportFunctionalityInLinksCustomization</h3><table class="result"><tr><th>Messages</th></tr><tr><td><div class="messages">Completed executing following method : DesignWorkFlowOptionsTest.checkValidatingExportFunctionalityInLinksCustomization<br/>Test Method resides in com.focus.testcases.DesignWorkFlowOptionsTest<br/>Test Status: Pass<br/>About to begin executing following method : BaseEngine.afterMethodExecution</div></td></tr></table><p class="totop"><a href="#summary">back to summary</a></p><h3 id="m267">com.focus.testcases.DesignWorkFlowOptionsTest#checkValidatingImportFunctionalityInLinksCustomization</h3><table class="result"><tr><th>Messages</th></tr><tr><td><div class="messages">Completed executing following method : DesignWorkFlowOptionsTest.checkValidatingImportFunctionalityInLinksCustomization<br/>Test Method resides in com.focus.testcases.DesignWorkFlowOptionsTest<br/>Test Status: Pass<br/>About to begin executing following method : BaseEngine.afterMethodExecution</div></td></tr></table><p class="totop"><a href="#summary">back to summary</a></p><h3 id="m268">com.focus.testcases.URLBrowserTest#checkLoginPageTitleByURLInputInBrowser</h3><table class="result"><tr><th>Messages</th></tr><tr><td><div class="messages">Completed executing following method : URLBrowserTest.checkLoginPageTitleByURLInputInBrowser<br/>Test Method resides in com.focus.testcases.URLBrowserTest<br/>Test Status: Pass<br/>About to begin executing following method : BaseEngine.afterMethodExecution</div></td></tr></table><p class="totop"><a href="#summary">back to summary</a></p><h3 id="m269">com.focus.testcases.URLBrowserTest#verifyBrowserOpen</h3><table class="result"><tr><th>Messages</th></tr><tr><td><div class="messages">Completed executing following method : URLBrowserTest.verifyBrowserOpen<br/>Test Method resides in com.focus.testcases.URLBrowserTest<br/>Test Status: Pass<br/>About to begin executing following method : BaseEngine.afterMethodExecution</div></td></tr></table><p class="totop"><a href="#summary">back to summary</a></p></body></html>